[2021-11-27 11:59:05,747] {taskinstance.py:1035} INFO - Dependencies all met for <TaskInstance: elt.cleaning scheduled__2021-11-27T04:58:00+00:00 [queued]>
[2021-11-27 11:59:05,752] {taskinstance.py:1035} INFO - Dependencies all met for <TaskInstance: elt.cleaning scheduled__2021-11-27T04:58:00+00:00 [queued]>
[2021-11-27 11:59:05,752] {taskinstance.py:1241} INFO - 
--------------------------------------------------------------------------------
[2021-11-27 11:59:05,753] {taskinstance.py:1242} INFO - Starting attempt 1 of 2
[2021-11-27 11:59:05,753] {taskinstance.py:1243} INFO - 
--------------------------------------------------------------------------------
[2021-11-27 11:59:05,759] {taskinstance.py:1262} INFO - Executing <Task(BashOperator): cleaning> on 2021-11-27 04:58:00+00:00
[2021-11-27 11:59:05,762] {standard_task_runner.py:52} INFO - Started process 13087 to run task
[2021-11-27 11:59:05,767] {standard_task_runner.py:76} INFO - Running: ['airflow', 'tasks', 'run', 'elt', 'cleaning', 'scheduled__2021-11-27T04:58:00+00:00', '--job-id', '628', '--raw', '--subdir', 'DAGS_FOLDER/processing.py', '--cfg-path', '/var/folders/hj/g8v71bv11_gb814qbbwch8zc0000gn/T/tmpbqsp6pzn', '--error-file', '/var/folders/hj/g8v71bv11_gb814qbbwch8zc0000gn/T/tmp_dro1skv']
[2021-11-27 11:59:05,769] {standard_task_runner.py:77} INFO - Job 628: Subtask cleaning
[2021-11-27 11:59:05,799] {logging_mixin.py:109} INFO - Running <TaskInstance: elt.cleaning scheduled__2021-11-27T04:58:00+00:00 [running]> on host 1.0.0.0.0.0.0.0.0.0.0.0.0.0.0.0.0.0.0.0.0.0.0.0.0.0.0.0.0.0.0.0.ip6.arpa
[2021-11-27 11:59:05,828] {taskinstance.py:1427} INFO - Exporting the following env vars:
AIRFLOW_CTX_DAG_EMAIL=airflow@example.com
AIRFLOW_CTX_DAG_OWNER=airflow
AIRFLOW_CTX_DAG_ID=elt
AIRFLOW_CTX_TASK_ID=cleaning
AIRFLOW_CTX_EXECUTION_DATE=2021-11-27T04:58:00+00:00
AIRFLOW_CTX_DAG_RUN_ID=scheduled__2021-11-27T04:58:00+00:00
[2021-11-27 11:59:05,829] {subprocess.py:62} INFO - Tmp dir root location: 
 /var/folders/hj/g8v71bv11_gb814qbbwch8zc0000gn/T
[2021-11-27 11:59:05,830] {subprocess.py:74} INFO - Running command: ['bash', '-c', '/Users/Home/Airflow/tasks/cleaning.py /Users/Home/Airflow/unzip /Users/Home/Airflow/output']
[2021-11-27 11:59:05,835] {subprocess.py:85} INFO - Output:
[2021-11-27 11:59:05,885] {subprocess.py:93} INFO - Command exited with return code 0
[2021-11-27 11:59:05,901] {taskinstance.py:1270} INFO - Marking task as SUCCESS. dag_id=elt, task_id=cleaning, execution_date=20211127T045800, start_date=20211127T045905, end_date=20211127T045905
[2021-11-27 11:59:05,952] {local_task_job.py:154} INFO - Task exited with return code 0
[2021-11-27 11:59:05,980] {local_task_job.py:264} INFO - 1 downstream tasks scheduled from follow-on schedule check
