[2021-11-27 02:11:52,031] {taskinstance.py:1035} INFO - Dependencies all met for <TaskInstance: elt.upload scheduled__2021-11-26T18:35:00+00:00 [queued]>
[2021-11-27 02:11:52,038] {taskinstance.py:1035} INFO - Dependencies all met for <TaskInstance: elt.upload scheduled__2021-11-26T18:35:00+00:00 [queued]>
[2021-11-27 02:11:52,038] {taskinstance.py:1241} INFO - 
--------------------------------------------------------------------------------
[2021-11-27 02:11:52,038] {taskinstance.py:1242} INFO - Starting attempt 1 of 2
[2021-11-27 02:11:52,038] {taskinstance.py:1243} INFO - 
--------------------------------------------------------------------------------
[2021-11-27 02:11:52,045] {taskinstance.py:1262} INFO - Executing <Task(BashOperator): upload> on 2021-11-26 18:35:00+00:00
[2021-11-27 02:11:52,047] {standard_task_runner.py:52} INFO - Started process 15087 to run task
[2021-11-27 02:11:52,053] {standard_task_runner.py:76} INFO - Running: ['airflow', 'tasks', 'run', 'elt', 'upload', 'scheduled__2021-11-26T18:35:00+00:00', '--job-id', '32', '--raw', '--subdir', 'DAGS_FOLDER/processing.py', '--cfg-path', '/var/folders/hj/g8v71bv11_gb814qbbwch8zc0000gn/T/tmphmmo18ci', '--error-file', '/var/folders/hj/g8v71bv11_gb814qbbwch8zc0000gn/T/tmp0lw5ugov']
[2021-11-27 02:11:52,055] {standard_task_runner.py:77} INFO - Job 32: Subtask upload
[2021-11-27 02:11:52,082] {logging_mixin.py:109} INFO - Running <TaskInstance: elt.upload scheduled__2021-11-26T18:35:00+00:00 [running]> on host 1.0.0.0.0.0.0.0.0.0.0.0.0.0.0.0.0.0.0.0.0.0.0.0.0.0.0.0.0.0.0.0.ip6.arpa
[2021-11-27 02:11:52,110] {taskinstance.py:1427} INFO - Exporting the following env vars:
AIRFLOW_CTX_DAG_EMAIL=airflow@example.com
AIRFLOW_CTX_DAG_OWNER=airflow
AIRFLOW_CTX_DAG_ID=elt
AIRFLOW_CTX_TASK_ID=upload
AIRFLOW_CTX_EXECUTION_DATE=2021-11-26T18:35:00+00:00
AIRFLOW_CTX_DAG_RUN_ID=scheduled__2021-11-26T18:35:00+00:00
[2021-11-27 02:11:52,111] {subprocess.py:62} INFO - Tmp dir root location: 
 /var/folders/hj/g8v71bv11_gb814qbbwch8zc0000gn/T
[2021-11-27 02:11:52,111] {subprocess.py:74} INFO - Running command: ['bash', '-c', '/Users/Home/Airflow/tasks/cleaning.py /Users/Home/Airflow/output worldbank']
[2021-11-27 02:11:52,117] {subprocess.py:85} INFO - Output:
[2021-11-27 02:11:52,167] {subprocess.py:89} INFO - rm: /Users/Home/Airflow/output/*API_AG.LND.CROP.ZS_DS2_en_csv_v2_3163899.csv: No such file or directory
[2021-11-27 02:11:52,172] {subprocess.py:89} INFO - rm: /Users/Home/Airflow/output/*API_NV.AGR.TOTL.ZS_DS2_en_csv_v2_3160861.csv: No such file or directory
[2021-11-27 02:11:52,178] {subprocess.py:89} INFO - rm: /Users/Home/Airflow/output/*API_AG.LND.IRIG.AG.ZS_DS2_en_csv_v2_3163914.csv: No such file or directory
[2021-11-27 02:11:52,184] {subprocess.py:89} INFO - rm: /Users/Home/Airflow/output/*API_AG.PRD.LVSK.XD_DS2_en_csv_v2_3161120.csv: No such file or directory
[2021-11-27 02:11:52,190] {subprocess.py:89} INFO - rm: /Users/Home/Airflow/output/*API_AG.LND.FRST.K2_DS2_en_csv_v2_3159335.csv: No such file or directory
[2021-11-27 02:11:52,195] {subprocess.py:89} INFO - rm: /Users/Home/Airflow/output/*API_AG.CON.FERT.ZS_DS2_en_csv_v2_3159437.csv: No such file or directory
[2021-11-27 02:11:52,201] {subprocess.py:89} INFO - rm: /Users/Home/Airflow/output/*API_AG.LND.TOTL.K2_DS2_en_csv_v2_3159087.csv: No such file or directory
[2021-11-27 02:11:52,206] {subprocess.py:89} INFO - rm: /Users/Home/Airflow/output/*API_AG.LND.CREL.HA_DS2_en_csv_v2_3163897.csv: No such file or directory
[2021-11-27 02:11:52,211] {subprocess.py:89} INFO - rm: /Users/Home/Airflow/output/*API_AG.LND.FRST.ZS_DS2_en_csv_v2_3158992.csv: No such file or directory
[2021-11-27 02:11:52,217] {subprocess.py:89} INFO - rm: /Users/Home/Airflow/output/*API_AG.LND.ARBL.ZS_DS2_en_csv_v2_3161161.csv: No such file or directory
[2021-11-27 02:11:52,222] {subprocess.py:89} INFO - rm: /Users/Home/Airflow/output/*API_AG.LND.TRAC.ZS_DS2_en_csv_v2_3163924.csv: No such file or directory
[2021-11-27 02:11:52,227] {subprocess.py:89} INFO - rm: /Users/Home/Airflow/output/*API_AG.YLD.CREL.KG_DS2_en_csv_v2_3163929.csv: No such file or directory
[2021-11-27 02:11:52,233] {subprocess.py:89} INFO - rm: /Users/Home/Airflow/output/*API_AG.PRD.FOOD.XD_DS2_en_csv_v2_3159905.csv: No such file or directory
[2021-11-27 02:11:52,240] {subprocess.py:89} INFO - rm: /Users/Home/Airflow/output/*API_SL.AGR.EMPL.MA.ZS_DS2_en_csv_v2_3165572.csv: No such file or directory
[2021-11-27 02:11:52,247] {subprocess.py:89} INFO - rm: /Users/Home/Airflow/output/*API_SL.AGR.EMPL.FE.ZS_DS2_en_csv_v2_3165570.csv: No such file or directory
[2021-11-27 02:11:52,256] {subprocess.py:89} INFO - rm: /Users/Home/Airflow/output/*API_AG.PRD.CROP.XD_DS2_en_csv_v2_3159593.csv: No such file or directory
[2021-11-27 02:11:52,264] {subprocess.py:89} INFO - rm: /Users/Home/Airflow/output/*API_AG.LND.ARBL.HA.PC_DS2_en_csv_v2_3163892.csv: No such file or directory
[2021-11-27 02:11:52,271] {subprocess.py:89} INFO - rm: /Users/Home/Airflow/output/*API_AG.LND.AGRI.ZS_DS2_en_csv_v2_3163149.csv: No such file or directory
[2021-11-27 02:11:52,272] {subprocess.py:89} INFO - API_AG.LND.CROP.ZS_DS2_en_csv_v2_3163899.csv
[2021-11-27 02:11:52,272] {subprocess.py:89} INFO - API_NV.AGR.TOTL.ZS_DS2_en_csv_v2_3160861.csv
[2021-11-27 02:11:52,273] {subprocess.py:89} INFO - API_AG.LND.IRIG.AG.ZS_DS2_en_csv_v2_3163914.csv
[2021-11-27 02:11:52,273] {subprocess.py:89} INFO - API_AG.PRD.LVSK.XD_DS2_en_csv_v2_3161120.csv
[2021-11-27 02:11:52,273] {subprocess.py:89} INFO - API_AG.LND.FRST.K2_DS2_en_csv_v2_3159335.csv
[2021-11-27 02:11:52,273] {subprocess.py:89} INFO - API_AG.CON.FERT.ZS_DS2_en_csv_v2_3159437.csv
[2021-11-27 02:11:52,274] {subprocess.py:89} INFO - API_AG.LND.TOTL.K2_DS2_en_csv_v2_3159087.csv
[2021-11-27 02:11:52,274] {subprocess.py:89} INFO - API_AG.LND.CREL.HA_DS2_en_csv_v2_3163897.csv
[2021-11-27 02:11:52,274] {subprocess.py:89} INFO - API_AG.LND.FRST.ZS_DS2_en_csv_v2_3158992.csv
[2021-11-27 02:11:52,274] {subprocess.py:89} INFO - API_AG.LND.ARBL.ZS_DS2_en_csv_v2_3161161.csv
[2021-11-27 02:11:52,275] {subprocess.py:89} INFO - API_AG.LND.TRAC.ZS_DS2_en_csv_v2_3163924.csv
[2021-11-27 02:11:52,275] {subprocess.py:89} INFO - API_AG.YLD.CREL.KG_DS2_en_csv_v2_3163929.csv
[2021-11-27 02:11:52,275] {subprocess.py:89} INFO - API_AG.PRD.FOOD.XD_DS2_en_csv_v2_3159905.csv
[2021-11-27 02:11:52,276] {subprocess.py:89} INFO - API_SL.AGR.EMPL.MA.ZS_DS2_en_csv_v2_3165572.csv
[2021-11-27 02:11:52,277] {subprocess.py:89} INFO - API_SL.AGR.EMPL.FE.ZS_DS2_en_csv_v2_3165570.csv
[2021-11-27 02:11:52,278] {subprocess.py:89} INFO - API_AG.PRD.CROP.XD_DS2_en_csv_v2_3159593.csv
[2021-11-27 02:11:52,278] {subprocess.py:89} INFO - API_AG.LND.ARBL.HA.PC_DS2_en_csv_v2_3163892.csv
[2021-11-27 02:11:52,278] {subprocess.py:89} INFO - API_AG.LND.AGRI.ZS_DS2_en_csv_v2_3163149.csv
[2021-11-27 02:11:52,279] {subprocess.py:93} INFO - Command exited with return code 0
[2021-11-27 02:11:52,308] {taskinstance.py:1270} INFO - Marking task as SUCCESS. dag_id=elt, task_id=upload, execution_date=20211126T183500, start_date=20211126T191152, end_date=20211126T191152
[2021-11-27 02:11:52,365] {local_task_job.py:154} INFO - Task exited with return code 0
[2021-11-27 02:11:52,389] {local_task_job.py:264} INFO - 0 downstream tasks scheduled from follow-on schedule check
