[2021-11-27 01:31:11,354] {taskinstance.py:1035} INFO - Dependencies all met for <TaskInstance: elt.upload scheduled__2021-11-26T18:24:00+00:00 [queued]>
[2021-11-27 01:31:11,359] {taskinstance.py:1035} INFO - Dependencies all met for <TaskInstance: elt.upload scheduled__2021-11-26T18:24:00+00:00 [queued]>
[2021-11-27 01:31:11,359] {taskinstance.py:1241} INFO - 
--------------------------------------------------------------------------------
[2021-11-27 01:31:11,359] {taskinstance.py:1242} INFO - Starting attempt 1 of 2
[2021-11-27 01:31:11,359] {taskinstance.py:1243} INFO - 
--------------------------------------------------------------------------------
[2021-11-27 01:31:11,367] {taskinstance.py:1262} INFO - Executing <Task(BashOperator): upload> on 2021-11-26 18:24:00+00:00
[2021-11-27 01:31:11,369] {standard_task_runner.py:52} INFO - Started process 14600 to run task
[2021-11-27 01:31:11,373] {standard_task_runner.py:76} INFO - Running: ['airflow', 'tasks', 'run', 'elt', 'upload', 'scheduled__2021-11-26T18:24:00+00:00', '--job-id', '10', '--raw', '--subdir', 'DAGS_FOLDER/processing.py', '--cfg-path', '/var/folders/hj/g8v71bv11_gb814qbbwch8zc0000gn/T/tmpk0czvc2l', '--error-file', '/var/folders/hj/g8v71bv11_gb814qbbwch8zc0000gn/T/tmp4wotbnpc']
[2021-11-27 01:31:11,375] {standard_task_runner.py:77} INFO - Job 10: Subtask upload
[2021-11-27 01:31:11,402] {logging_mixin.py:109} INFO - Running <TaskInstance: elt.upload scheduled__2021-11-26T18:24:00+00:00 [running]> on host MacBookPro.local
[2021-11-27 01:31:11,428] {taskinstance.py:1427} INFO - Exporting the following env vars:
AIRFLOW_CTX_DAG_EMAIL=airflow@example.com
AIRFLOW_CTX_DAG_OWNER=airflow
AIRFLOW_CTX_DAG_ID=elt
AIRFLOW_CTX_TASK_ID=upload
AIRFLOW_CTX_EXECUTION_DATE=2021-11-26T18:24:00+00:00
AIRFLOW_CTX_DAG_RUN_ID=scheduled__2021-11-26T18:24:00+00:00
[2021-11-27 01:31:11,429] {subprocess.py:62} INFO - Tmp dir root location: 
 /var/folders/hj/g8v71bv11_gb814qbbwch8zc0000gn/T
[2021-11-27 01:31:11,430] {subprocess.py:74} INFO - Running command: ['bash', '-c', '/Users/Home/Airflow/tasks/cleaning.py /Users/Home/Airflow/output worldbank']
[2021-11-27 01:31:11,435] {subprocess.py:85} INFO - Output:
[2021-11-27 01:31:11,483] {subprocess.py:89} INFO - rm: /Users/Home/Airflow/output/*API_SH.STA.MMRT_DS2_en_csv_v2_3159367.csv: No such file or directory
[2021-11-27 01:31:11,488] {subprocess.py:89} INFO - rm: /Users/Home/Airflow/output/*API_DT.ODA.ODAT.CD_DS2_en_csv_v2_3160773.csv: No such file or directory
[2021-11-27 01:31:11,494] {subprocess.py:89} INFO - rm: /Users/Home/Airflow/output/*API_SH.DYN.MORT_DS2_en_csv_v2_3162033.csv: No such file or directory
[2021-11-27 01:31:11,499] {subprocess.py:89} INFO - rm: /Users/Home/Airflow/output/*API_AG.LND.CROP.ZS_DS2_en_csv_v2_3163899.csv: No such file or directory
[2021-11-27 01:31:11,504] {subprocess.py:89} INFO - rm: /Users/Home/Airflow/output/*API_NV.AGR.TOTL.ZS_DS2_en_csv_v2_3160861.csv: No such file or directory
[2021-11-27 01:31:11,509] {subprocess.py:89} INFO - rm: /Users/Home/Airflow/output/*API_AG.LND.IRIG.AG.ZS_DS2_en_csv_v2_3163914.csv: No such file or directory
[2021-11-27 01:31:11,514] {subprocess.py:89} INFO - rm: /Users/Home/Airflow/output/*API_DT.ODA.ODAT.GN.ZS_DS2_en_csv_v2_3161196.csv: No such file or directory
[2021-11-27 01:31:11,520] {subprocess.py:89} INFO - rm: /Users/Home/Airflow/output/*API_DT.ODA.ODAT.MP.ZS_DS2_en_csv_v2_3161055.csv: No such file or directory
[2021-11-27 01:31:11,525] {subprocess.py:89} INFO - rm: /Users/Home/Airflow/output/*API_DT.ODA.ODAT.PC.ZS_DS2_en_csv_v2_3160336.csv: No such file or directory
[2021-11-27 01:31:11,530] {subprocess.py:89} INFO - rm: /Users/Home/Airflow/output/*API_AG.PRD.LVSK.XD_DS2_en_csv_v2_3161120.csv: No such file or directory
[2021-11-27 01:31:11,536] {subprocess.py:89} INFO - rm: /Users/Home/Airflow/output/*API_AG.LND.FRST.K2_DS2_en_csv_v2_3159335.csv: No such file or directory
[2021-11-27 01:31:11,541] {subprocess.py:89} INFO - rm: /Users/Home/Airflow/output/*API_AG.CON.FERT.ZS_DS2_en_csv_v2_3159437.csv: No such file or directory
[2021-11-27 01:31:11,547] {subprocess.py:89} INFO - rm: /Users/Home/Airflow/output/*API_AG.LND.TOTL.K2_DS2_en_csv_v2_3159087.csv: No such file or directory
[2021-11-27 01:31:11,552] {subprocess.py:89} INFO - rm: /Users/Home/Airflow/output/*API_SP.RUR.TOTL.ZS_DS2_en_csv_v2_3160121.csv: No such file or directory
[2021-11-27 01:31:11,558] {subprocess.py:89} INFO - rm: /Users/Home/Airflow/output/*API_SH.TBS.INCD_DS2_en_csv_v2_3165510.csv: No such file or directory
[2021-11-27 01:31:11,563] {subprocess.py:89} INFO - rm: /Users/Home/Airflow/output/*API_SH.DYN.AIDS.ZS_DS2_en_csv_v2_3158949.csv: No such file or directory
[2021-11-27 01:31:11,569] {subprocess.py:89} INFO - rm: /Users/Home/Airflow/output/*API_AG.LND.CREL.HA_DS2_en_csv_v2_3163897.csv: No such file or directory
[2021-11-27 01:31:11,574] {subprocess.py:89} INFO - rm: /Users/Home/Airflow/output/*API_AG.LND.FRST.ZS_DS2_en_csv_v2_3158992.csv: No such file or directory
[2021-11-27 01:31:11,579] {subprocess.py:89} INFO - rm: /Users/Home/Airflow/output/*API_AG.LND.ARBL.ZS_DS2_en_csv_v2_3161161.csv: No such file or directory
[2021-11-27 01:31:11,584] {subprocess.py:89} INFO - rm: /Users/Home/Airflow/output/*API_DT.ODA.ODAT.XP.ZS_DS2_en_csv_v2_3164297.csv: No such file or directory
[2021-11-27 01:31:11,590] {subprocess.py:89} INFO - rm: /Users/Home/Airflow/output/*API_SM.POP.NETM_DS2_en_csv_v2_3158896.csv: No such file or directory
[2021-11-27 01:31:11,595] {subprocess.py:89} INFO - rm: /Users/Home/Airflow/output/*API_SI.POV.DDAY_DS2_en_csv_v2_3160009.csv: No such file or directory
[2021-11-27 01:31:11,601] {subprocess.py:89} INFO - rm: /Users/Home/Airflow/output/*API_AG.LND.TRAC.ZS_DS2_en_csv_v2_3163924.csv: No such file or directory
[2021-11-27 01:31:11,606] {subprocess.py:89} INFO - rm: /Users/Home/Airflow/output/*API_AG.YLD.CREL.KG_DS2_en_csv_v2_3163929.csv: No such file or directory
[2021-11-27 01:31:11,612] {subprocess.py:89} INFO - rm: /Users/Home/Airflow/output/*API_SP.RUR.TOTL_DS2_en_csv_v2_3163192.csv: No such file or directory
[2021-11-27 01:31:11,618] {subprocess.py:89} INFO - rm: /Users/Home/Airflow/output/*API_AG.PRD.FOOD.XD_DS2_en_csv_v2_3159905.csv: No such file or directory
[2021-11-27 01:31:11,623] {subprocess.py:89} INFO - rm: /Users/Home/Airflow/output/*API_SL.AGR.EMPL.MA.ZS_DS2_en_csv_v2_3165572.csv: No such file or directory
[2021-11-27 01:31:11,628] {subprocess.py:89} INFO - rm: /Users/Home/Airflow/output/*API_SH.STA.ANVC.ZS_DS2_en_csv_v2_3165465.csv: No such file or directory
[2021-11-27 01:31:11,634] {subprocess.py:89} INFO - rm: /Users/Home/Airflow/output/*API_DT.ODA.ODAT.GI.ZS_DS2_en_csv_v2_3164289.csv: No such file or directory
[2021-11-27 01:31:11,639] {subprocess.py:89} INFO - rm: /Users/Home/Airflow/output/*API_SL.AGR.EMPL.FE.ZS_DS2_en_csv_v2_3165570.csv: No such file or directory
[2021-11-27 01:31:11,645] {subprocess.py:89} INFO - rm: /Users/Home/Airflow/output/*API_AG.SRF.TOTL.K2_DS2_en_csv_v2_3160371.csv: No such file or directory
[2021-11-27 01:31:11,651] {subprocess.py:89} INFO - rm: /Users/Home/Airflow/output/*API_BX.GRT.EXTA.CD.WD_DS2_en_csv_v2_3163964.csv: No such file or directory
[2021-11-27 01:31:11,656] {subprocess.py:89} INFO - rm: /Users/Home/Airflow/output/*API_AG.PRD.CROP.XD_DS2_en_csv_v2_3159593.csv: No such file or directory
[2021-11-27 01:31:11,661] {subprocess.py:89} INFO - rm: /Users/Home/Airflow/output/*API_SI.DST.FRST.20_DS2_en_csv_v2_3165548.csv: No such file or directory
[2021-11-27 01:31:11,668] {subprocess.py:89} INFO - rm: /Users/Home/Airflow/output/*API_AG.LND.ARBL.HA.PC_DS2_en_csv_v2_3163892.csv: No such file or directory
[2021-11-27 01:31:11,673] {subprocess.py:89} INFO - rm: /Users/Home/Airflow/output/*API_AG.LND.AGRI.ZS_DS2_en_csv_v2_3163149.csv: No such file or directory
[2021-11-27 01:31:11,674] {subprocess.py:89} INFO - API_SH.STA.MMRT_DS2_en_csv_v2_3159367.csv
[2021-11-27 01:31:11,674] {subprocess.py:89} INFO - API_DT.ODA.ODAT.CD_DS2_en_csv_v2_3160773.csv
[2021-11-27 01:31:11,674] {subprocess.py:89} INFO - API_SH.DYN.MORT_DS2_en_csv_v2_3162033.csv
[2021-11-27 01:31:11,674] {subprocess.py:89} INFO - API_AG.LND.CROP.ZS_DS2_en_csv_v2_3163899.csv
[2021-11-27 01:31:11,674] {subprocess.py:89} INFO - API_NV.AGR.TOTL.ZS_DS2_en_csv_v2_3160861.csv
[2021-11-27 01:31:11,675] {subprocess.py:89} INFO - API_AG.LND.IRIG.AG.ZS_DS2_en_csv_v2_3163914.csv
[2021-11-27 01:31:11,675] {subprocess.py:89} INFO - API_DT.ODA.ODAT.GN.ZS_DS2_en_csv_v2_3161196.csv
[2021-11-27 01:31:11,675] {subprocess.py:89} INFO - API_DT.ODA.ODAT.MP.ZS_DS2_en_csv_v2_3161055.csv
[2021-11-27 01:31:11,675] {subprocess.py:89} INFO - API_DT.ODA.ODAT.PC.ZS_DS2_en_csv_v2_3160336.csv
[2021-11-27 01:31:11,675] {subprocess.py:89} INFO - API_AG.PRD.LVSK.XD_DS2_en_csv_v2_3161120.csv
[2021-11-27 01:31:11,676] {subprocess.py:89} INFO - API_AG.LND.FRST.K2_DS2_en_csv_v2_3159335.csv
[2021-11-27 01:31:11,676] {subprocess.py:89} INFO - API_AG.CON.FERT.ZS_DS2_en_csv_v2_3159437.csv
[2021-11-27 01:31:11,676] {subprocess.py:89} INFO - API_AG.LND.TOTL.K2_DS2_en_csv_v2_3159087.csv
[2021-11-27 01:31:11,676] {subprocess.py:89} INFO - API_SP.RUR.TOTL.ZS_DS2_en_csv_v2_3160121.csv
[2021-11-27 01:31:11,676] {subprocess.py:89} INFO - API_SH.TBS.INCD_DS2_en_csv_v2_3165510.csv
[2021-11-27 01:31:11,676] {subprocess.py:89} INFO - API_SH.DYN.AIDS.ZS_DS2_en_csv_v2_3158949.csv
[2021-11-27 01:31:11,677] {subprocess.py:89} INFO - API_AG.LND.CREL.HA_DS2_en_csv_v2_3163897.csv
[2021-11-27 01:31:11,677] {subprocess.py:89} INFO - API_AG.LND.FRST.ZS_DS2_en_csv_v2_3158992.csv
[2021-11-27 01:31:11,677] {subprocess.py:89} INFO - API_AG.LND.ARBL.ZS_DS2_en_csv_v2_3161161.csv
[2021-11-27 01:31:11,677] {subprocess.py:89} INFO - API_DT.ODA.ODAT.XP.ZS_DS2_en_csv_v2_3164297.csv
[2021-11-27 01:31:11,678] {subprocess.py:89} INFO - API_SM.POP.NETM_DS2_en_csv_v2_3158896.csv
[2021-11-27 01:31:11,678] {subprocess.py:89} INFO - API_SI.POV.DDAY_DS2_en_csv_v2_3160009.csv
[2021-11-27 01:31:11,678] {subprocess.py:89} INFO - API_AG.LND.TRAC.ZS_DS2_en_csv_v2_3163924.csv
[2021-11-27 01:31:11,678] {subprocess.py:89} INFO - API_AG.YLD.CREL.KG_DS2_en_csv_v2_3163929.csv
[2021-11-27 01:31:11,679] {subprocess.py:89} INFO - API_SP.RUR.TOTL_DS2_en_csv_v2_3163192.csv
[2021-11-27 01:31:11,679] {subprocess.py:89} INFO - API_AG.PRD.FOOD.XD_DS2_en_csv_v2_3159905.csv
[2021-11-27 01:31:11,679] {subprocess.py:89} INFO - API_SL.AGR.EMPL.MA.ZS_DS2_en_csv_v2_3165572.csv
[2021-11-27 01:31:11,679] {subprocess.py:89} INFO - API_SH.STA.ANVC.ZS_DS2_en_csv_v2_3165465.csv
[2021-11-27 01:31:11,680] {subprocess.py:89} INFO - API_DT.ODA.ODAT.GI.ZS_DS2_en_csv_v2_3164289.csv
[2021-11-27 01:31:11,680] {subprocess.py:89} INFO - API_SL.AGR.EMPL.FE.ZS_DS2_en_csv_v2_3165570.csv
[2021-11-27 01:31:11,680] {subprocess.py:89} INFO - API_AG.SRF.TOTL.K2_DS2_en_csv_v2_3160371.csv
[2021-11-27 01:31:11,680] {subprocess.py:89} INFO - API_BX.GRT.EXTA.CD.WD_DS2_en_csv_v2_3163964.csv
[2021-11-27 01:31:11,680] {subprocess.py:89} INFO - API_AG.PRD.CROP.XD_DS2_en_csv_v2_3159593.csv
[2021-11-27 01:31:11,681] {subprocess.py:89} INFO - API_SI.DST.FRST.20_DS2_en_csv_v2_3165548.csv
[2021-11-27 01:31:11,681] {subprocess.py:89} INFO - API_AG.LND.ARBL.HA.PC_DS2_en_csv_v2_3163892.csv
[2021-11-27 01:31:11,681] {subprocess.py:89} INFO - API_AG.LND.AGRI.ZS_DS2_en_csv_v2_3163149.csv
[2021-11-27 01:31:11,681] {subprocess.py:93} INFO - Command exited with return code 0
[2021-11-27 01:31:11,698] {taskinstance.py:1270} INFO - Marking task as SUCCESS. dag_id=elt, task_id=upload, execution_date=20211126T182400, start_date=20211126T183111, end_date=20211126T183111
[2021-11-27 01:31:11,727] {local_task_job.py:154} INFO - Task exited with return code 0
[2021-11-27 01:31:11,746] {local_task_job.py:264} INFO - 0 downstream tasks scheduled from follow-on schedule check
