[2021-11-27 09:40:39,254] {taskinstance.py:1035} INFO - Dependencies all met for <TaskInstance: elt.unzip scheduled__2021-11-27T02:34:00+00:00 [queued]>
[2021-11-27 09:40:39,262] {taskinstance.py:1035} INFO - Dependencies all met for <TaskInstance: elt.unzip scheduled__2021-11-27T02:34:00+00:00 [queued]>
[2021-11-27 09:40:39,262] {taskinstance.py:1241} INFO - 
--------------------------------------------------------------------------------
[2021-11-27 09:40:39,262] {taskinstance.py:1242} INFO - Starting attempt 1 of 2
[2021-11-27 09:40:39,262] {taskinstance.py:1243} INFO - 
--------------------------------------------------------------------------------
[2021-11-27 09:40:39,269] {taskinstance.py:1262} INFO - Executing <Task(BashOperator): unzip> on 2021-11-27 02:34:00+00:00
[2021-11-27 09:40:39,271] {standard_task_runner.py:52} INFO - Started process 4289 to run task
[2021-11-27 09:40:39,277] {standard_task_runner.py:76} INFO - Running: ['airflow', 'tasks', 'run', 'elt', 'unzip', 'scheduled__2021-11-27T02:34:00+00:00', '--job-id', '190', '--raw', '--subdir', 'DAGS_FOLDER/processing.py', '--cfg-path', '/var/folders/hj/g8v71bv11_gb814qbbwch8zc0000gn/T/tmp3oe4bgno', '--error-file', '/var/folders/hj/g8v71bv11_gb814qbbwch8zc0000gn/T/tmpq4w0prrk']
[2021-11-27 09:40:39,279] {standard_task_runner.py:77} INFO - Job 190: Subtask unzip
[2021-11-27 09:40:39,309] {logging_mixin.py:109} INFO - Running <TaskInstance: elt.unzip scheduled__2021-11-27T02:34:00+00:00 [running]> on host 1.0.0.0.0.0.0.0.0.0.0.0.0.0.0.0.0.0.0.0.0.0.0.0.0.0.0.0.0.0.0.0.ip6.arpa
[2021-11-27 09:40:39,340] {taskinstance.py:1427} INFO - Exporting the following env vars:
AIRFLOW_CTX_DAG_EMAIL=airflow@example.com
AIRFLOW_CTX_DAG_OWNER=airflow
AIRFLOW_CTX_DAG_ID=elt
AIRFLOW_CTX_TASK_ID=unzip
AIRFLOW_CTX_EXECUTION_DATE=2021-11-27T02:34:00+00:00
AIRFLOW_CTX_DAG_RUN_ID=scheduled__2021-11-27T02:34:00+00:00
[2021-11-27 09:40:39,341] {subprocess.py:62} INFO - Tmp dir root location: 
 /var/folders/hj/g8v71bv11_gb814qbbwch8zc0000gn/T
[2021-11-27 09:40:39,341] {subprocess.py:74} INFO - Running command: ['bash', '-c', '/Users/Home/Airflow/tasks/unzip.py /Users/Home/Airflow/down /Users/Home/Airflow/unzip']
[2021-11-27 09:40:39,348] {subprocess.py:85} INFO - Output:
[2021-11-27 09:40:39,537] {subprocess.py:89} INFO - /Users/Home/Airflow/down/surface-area-sq-km.zip
[2021-11-27 09:40:39,538] {subprocess.py:89} INFO - /Users/Home/Airflow/down/livestock-production-index-2014-2016-100.zip
[2021-11-27 09:40:39,538] {subprocess.py:89} INFO - /Users/Home/Airflow/down/net-migration.zip
[2021-11-27 09:40:39,538] {subprocess.py:89} INFO - /Users/Home/Airflow/down/maternal-mortality-ratio-modeled-estimate-per-100000-live-births.zip
[2021-11-27 09:40:39,539] {subprocess.py:89} INFO - /Users/Home/Airflow/down/incidence-of-tuberculosis-per-100000-people.zip
[2021-11-27 09:40:39,539] {subprocess.py:89} INFO - /Users/Home/Airflow/down/forest-area-of-land-area.zip
[2021-11-27 09:40:39,539] {subprocess.py:89} INFO - /Users/Home/Airflow/down/net-oda-received-per-capita-current-us.zip
[2021-11-27 09:40:39,539] {subprocess.py:89} INFO - /Users/Home/Airflow/down/agriculture-forestry-and-fishing-value-added-of-gdp.zip
[2021-11-27 09:40:39,539] {subprocess.py:89} INFO - /Users/Home/Airflow/down/mortality-rate-under-5-per-1000-live-births.zip
[2021-11-27 09:40:39,540] {subprocess.py:89} INFO - /Users/Home/Airflow/down/net-oda-received-of-central-government-expense.zip
[2021-11-27 09:40:39,540] {subprocess.py:89} INFO - /Users/Home/Airflow/down/land-under-cereal-production-hectares.zip
[2021-11-27 09:40:39,541] {subprocess.py:89} INFO - /Users/Home/Airflow/down/grants-excluding-technical-cooperation-bop-current-us.zip
[2021-11-27 09:40:39,541] {subprocess.py:89} INFO - /Users/Home/Airflow/down/employment-in-agriculture-male-of-male-employment-modeled-ilo-estimate.zip
[2021-11-27 09:40:39,541] {subprocess.py:89} INFO - /Users/Home/Airflow/down/net-oda-received-of-gross-capital-formation.zip
[2021-11-27 09:40:39,542] {subprocess.py:89} INFO - /Users/Home/Airflow/down/technical-cooperation-grants-bop-current-us.zip
[2021-11-27 09:40:39,542] {subprocess.py:89} INFO - /Users/Home/Airflow/down/agricultural-machinery-tractors-per-100-sq-km-of-arable-land.zip
[2021-11-27 09:40:39,542] {subprocess.py:89} INFO - /Users/Home/Airflow/down/pregnant-women-receiving-prenatal-care.zip
[2021-11-27 09:40:39,542] {subprocess.py:89} INFO - /Users/Home/Airflow/down/cereal-yield-kg-per-hectare.zip
[2021-11-27 09:40:39,542] {subprocess.py:89} INFO - /Users/Home/Airflow/down/food-production-index-2014-2016-100.zip
[2021-11-27 09:40:39,543] {subprocess.py:89} INFO - /Users/Home/Airflow/down/arable-land-hectares-per-person.zip
[2021-11-27 09:40:39,543] {subprocess.py:89} INFO - /Users/Home/Airflow/down/prevalence-of-hiv-total-of-population-ages-15-49.zip
[2021-11-27 09:40:39,543] {subprocess.py:89} INFO - /Users/Home/Airflow/down/net-oda-received-of-imports-of-goods-services-and-primary-income.zip
[2021-11-27 09:40:39,543] {subprocess.py:89} INFO - /Users/Home/Airflow/down/poverty-headcount-ratio-at-1-90-a-day-2011-ppp-of-population.zip
[2021-11-27 09:40:39,544] {subprocess.py:89} INFO - /Users/Home/Airflow/down/employment-in-agriculture-female-of-female-employment-modeled-ilo-estimate.zip
[2021-11-27 09:40:39,544] {subprocess.py:89} INFO - /Users/Home/Airflow/down/land-area-sq-km.zip
[2021-11-27 09:40:39,544] {subprocess.py:89} INFO - /Users/Home/Airflow/down/primary-completion-rate-total-of-relevant-age-group.zip
[2021-11-27 09:40:39,545] {subprocess.py:89} INFO - /Users/Home/Airflow/down/crop-production-index-2014-2016-100.zip
[2021-11-27 09:40:39,545] {subprocess.py:89} INFO - /Users/Home/Airflow/down/prevalence-of-stunting-height-for-age-of-children-under-5.zip
[2021-11-27 09:40:39,545] {subprocess.py:89} INFO - /Users/Home/Airflow/down/forest-area-sq-km.zip
[2021-11-27 09:40:39,546] {subprocess.py:89} INFO - /Users/Home/Airflow/down/access-to-electricity-of-population.zip
[2021-11-27 09:40:39,546] {subprocess.py:89} INFO - /Users/Home/Airflow/down/fertilizer-consumption-kilograms-per-hectare-of-arable-land.zip
[2021-11-27 09:40:39,546] {subprocess.py:89} INFO - /Users/Home/Airflow/down/net-oda-received-of-gni.zip
[2021-11-27 09:40:39,546] {subprocess.py:89} INFO - /Users/Home/Airflow/down/net-official-development-assistance-received-current-us.zip
[2021-11-27 09:40:39,546] {subprocess.py:89} INFO - /Users/Home/Airflow/down/rural-population.zip
[2021-11-27 09:40:39,547] {subprocess.py:89} INFO - /Users/Home/Airflow/down/agricultural-land-of-land-area.zip
[2021-11-27 09:40:39,547] {subprocess.py:89} INFO - /Users/Home/Airflow/down/agricultural-irrigated-land-of-total-agricultural-land.zip
[2021-11-27 09:40:39,547] {subprocess.py:89} INFO - /Users/Home/Airflow/down/arable-land-of-land-area.zip
[2021-11-27 09:40:39,547] {subprocess.py:89} INFO - /Users/Home/Airflow/down/income-share-held-by-lowest-20.zip
[2021-11-27 09:40:39,547] {subprocess.py:89} INFO - /Users/Home/Airflow/down/rural-population-of-total-population.zip
[2021-11-27 09:40:39,548] {subprocess.py:89} INFO - /Users/Home/Airflow/down/permanent-cropland-of-land-area.zip
[2021-11-27 09:40:39,548] {subprocess.py:89} INFO - /Users/Home/Airflow/down/school-enrollment-primary-and-secondary-gross-gender-parity-index-gpi.zip
[2021-11-27 09:40:39,549] {subprocess.py:93} INFO - Command exited with return code 0
[2021-11-27 09:40:39,578] {taskinstance.py:1270} INFO - Marking task as SUCCESS. dag_id=elt, task_id=unzip, execution_date=20211127T023400, start_date=20211127T024039, end_date=20211127T024039
[2021-11-27 09:40:39,634] {local_task_job.py:154} INFO - Task exited with return code 0
[2021-11-27 09:40:39,682] {local_task_job.py:264} INFO - 1 downstream tasks scheduled from follow-on schedule check
