[2021-11-27 09:46:07,405] {taskinstance.py:1035} INFO - Dependencies all met for <TaskInstance: elt.cleaning scheduled__2021-11-27T02:45:00+00:00 [queued]>
[2021-11-27 09:46:07,411] {taskinstance.py:1035} INFO - Dependencies all met for <TaskInstance: elt.cleaning scheduled__2021-11-27T02:45:00+00:00 [queued]>
[2021-11-27 09:46:07,411] {taskinstance.py:1241} INFO - 
--------------------------------------------------------------------------------
[2021-11-27 09:46:07,411] {taskinstance.py:1242} INFO - Starting attempt 1 of 2
[2021-11-27 09:46:07,411] {taskinstance.py:1243} INFO - 
--------------------------------------------------------------------------------
[2021-11-27 09:46:07,419] {taskinstance.py:1262} INFO - Executing <Task(BashOperator): cleaning> on 2021-11-27 02:45:00+00:00
[2021-11-27 09:46:07,421] {standard_task_runner.py:52} INFO - Started process 4767 to run task
[2021-11-27 09:46:07,426] {standard_task_runner.py:76} INFO - Running: ['airflow', 'tasks', 'run', 'elt', 'cleaning', 'scheduled__2021-11-27T02:45:00+00:00', '--job-id', '218', '--raw', '--subdir', 'DAGS_FOLDER/processing.py', '--cfg-path', '/var/folders/hj/g8v71bv11_gb814qbbwch8zc0000gn/T/tmpea34kqla', '--error-file', '/var/folders/hj/g8v71bv11_gb814qbbwch8zc0000gn/T/tmp9m7d_k4_']
[2021-11-27 09:46:07,428] {standard_task_runner.py:77} INFO - Job 218: Subtask cleaning
[2021-11-27 09:46:07,461] {logging_mixin.py:109} INFO - Running <TaskInstance: elt.cleaning scheduled__2021-11-27T02:45:00+00:00 [running]> on host 1.0.0.0.0.0.0.0.0.0.0.0.0.0.0.0.0.0.0.0.0.0.0.0.0.0.0.0.0.0.0.0.ip6.arpa
[2021-11-27 09:46:07,493] {taskinstance.py:1427} INFO - Exporting the following env vars:
AIRFLOW_CTX_DAG_EMAIL=airflow@example.com
AIRFLOW_CTX_DAG_OWNER=airflow
AIRFLOW_CTX_DAG_ID=elt
AIRFLOW_CTX_TASK_ID=cleaning
AIRFLOW_CTX_EXECUTION_DATE=2021-11-27T02:45:00+00:00
AIRFLOW_CTX_DAG_RUN_ID=scheduled__2021-11-27T02:45:00+00:00
[2021-11-27 09:46:07,494] {subprocess.py:62} INFO - Tmp dir root location: 
 /var/folders/hj/g8v71bv11_gb814qbbwch8zc0000gn/T
[2021-11-27 09:46:07,495] {subprocess.py:74} INFO - Running command: ['bash', '-c', '/Users/Home/Airflow/tasks/cleaning.py /Users/Home/Airflow/unzip /Users/Home/Airflow/output']
[2021-11-27 09:46:07,501] {subprocess.py:85} INFO - Output:
[2021-11-27 09:46:07,563] {subprocess.py:89} INFO - API_AG.LND.IRIG.AG.ZS_DS2_en_csv_v2_3163914.csv
[2021-11-27 09:46:07,564] {subprocess.py:89} INFO - API_AG.LND.AGRI.ZS_DS2_en_csv_v2_3163149.csv
[2021-11-27 09:46:07,568] {subprocess.py:93} INFO - Command exited with return code 0
[2021-11-27 09:46:07,581] {taskinstance.py:1270} INFO - Marking task as SUCCESS. dag_id=elt, task_id=cleaning, execution_date=20211127T024500, start_date=20211127T024607, end_date=20211127T024607
[2021-11-27 09:46:07,616] {local_task_job.py:154} INFO - Task exited with return code 0
[2021-11-27 09:46:07,638] {local_task_job.py:264} INFO - 1 downstream tasks scheduled from follow-on schedule check
