[2021-11-27 10:23:03,586] {taskinstance.py:1035} INFO - Dependencies all met for <TaskInstance: elt.unzip scheduled__2021-11-27T03:22:00+00:00 [queued]>
[2021-11-27 10:23:03,592] {taskinstance.py:1035} INFO - Dependencies all met for <TaskInstance: elt.unzip scheduled__2021-11-27T03:22:00+00:00 [queued]>
[2021-11-27 10:23:03,592] {taskinstance.py:1241} INFO - 
--------------------------------------------------------------------------------
[2021-11-27 10:23:03,592] {taskinstance.py:1242} INFO - Starting attempt 1 of 2
[2021-11-27 10:23:03,592] {taskinstance.py:1243} INFO - 
--------------------------------------------------------------------------------
[2021-11-27 10:23:03,601] {taskinstance.py:1262} INFO - Executing <Task(BashOperator): unzip> on 2021-11-27 03:22:00+00:00
[2021-11-27 10:23:03,604] {standard_task_runner.py:52} INFO - Started process 7173 to run task
[2021-11-27 10:23:03,609] {standard_task_runner.py:76} INFO - Running: ['airflow', 'tasks', 'run', 'elt', 'unzip', 'scheduled__2021-11-27T03:22:00+00:00', '--job-id', '330', '--raw', '--subdir', 'DAGS_FOLDER/processing.py', '--cfg-path', '/var/folders/hj/g8v71bv11_gb814qbbwch8zc0000gn/T/tmp7x2ccot2', '--error-file', '/var/folders/hj/g8v71bv11_gb814qbbwch8zc0000gn/T/tmp0rzb1h92']
[2021-11-27 10:23:03,611] {standard_task_runner.py:77} INFO - Job 330: Subtask unzip
[2021-11-27 10:23:03,648] {logging_mixin.py:109} INFO - Running <TaskInstance: elt.unzip scheduled__2021-11-27T03:22:00+00:00 [running]> on host 1.0.0.0.0.0.0.0.0.0.0.0.0.0.0.0.0.0.0.0.0.0.0.0.0.0.0.0.0.0.0.0.ip6.arpa
[2021-11-27 10:23:03,684] {taskinstance.py:1427} INFO - Exporting the following env vars:
AIRFLOW_CTX_DAG_EMAIL=airflow@example.com
AIRFLOW_CTX_DAG_OWNER=airflow
AIRFLOW_CTX_DAG_ID=elt
AIRFLOW_CTX_TASK_ID=unzip
AIRFLOW_CTX_EXECUTION_DATE=2021-11-27T03:22:00+00:00
AIRFLOW_CTX_DAG_RUN_ID=scheduled__2021-11-27T03:22:00+00:00
[2021-11-27 10:23:03,686] {subprocess.py:62} INFO - Tmp dir root location: 
 /var/folders/hj/g8v71bv11_gb814qbbwch8zc0000gn/T
[2021-11-27 10:23:03,687] {subprocess.py:74} INFO - Running command: ['bash', '-c', '/Users/Home/Airflow/tasks/unzip.py /Users/Home/Airflow/down /Users/Home/Airflow/unzip']
[2021-11-27 10:23:03,695] {subprocess.py:85} INFO - Output:
[2021-11-27 10:23:03,759] {subprocess.py:93} INFO - Command exited with return code 0
[2021-11-27 10:23:03,776] {taskinstance.py:1270} INFO - Marking task as SUCCESS. dag_id=elt, task_id=unzip, execution_date=20211127T032200, start_date=20211127T032303, end_date=20211127T032303
[2021-11-27 10:23:03,795] {local_task_job.py:154} INFO - Task exited with return code 0
[2021-11-27 10:23:03,815] {local_task_job.py:264} INFO - 1 downstream tasks scheduled from follow-on schedule check
