[2021-11-27 00:06:12,450] {taskinstance.py:1035} INFO - Dependencies all met for <TaskInstance: tutorial.sleep manual__2021-11-26T17:05:56.370166+00:00 [queued]>
[2021-11-27 00:06:12,459] {taskinstance.py:1035} INFO - Dependencies all met for <TaskInstance: tutorial.sleep manual__2021-11-26T17:05:56.370166+00:00 [queued]>
[2021-11-27 00:06:12,459] {taskinstance.py:1241} INFO - 
--------------------------------------------------------------------------------
[2021-11-27 00:06:12,459] {taskinstance.py:1242} INFO - Starting attempt 1 of 4
[2021-11-27 00:06:12,459] {taskinstance.py:1243} INFO - 
--------------------------------------------------------------------------------
[2021-11-27 00:06:12,466] {taskinstance.py:1262} INFO - Executing <Task(BashOperator): sleep> on 2021-11-26 17:05:56.370166+00:00
[2021-11-27 00:06:12,468] {standard_task_runner.py:52} INFO - Started process 11717 to run task
[2021-11-27 00:06:12,472] {standard_task_runner.py:76} INFO - Running: ['airflow', 'tasks', 'run', 'tutorial', 'sleep', 'manual__2021-11-26T17:05:56.370166+00:00', '--job-id', '6', '--raw', '--subdir', 'DAGS_FOLDER/tutorial.py', '--cfg-path', '/var/folders/hj/g8v71bv11_gb814qbbwch8zc0000gn/T/tmp9tmvryix', '--error-file', '/var/folders/hj/g8v71bv11_gb814qbbwch8zc0000gn/T/tmpppm81gi3']
[2021-11-27 00:06:12,474] {standard_task_runner.py:77} INFO - Job 6: Subtask sleep
[2021-11-27 00:06:12,500] {logging_mixin.py:109} INFO - Running <TaskInstance: tutorial.sleep manual__2021-11-26T17:05:56.370166+00:00 [running]> on host 1.0.0.0.0.0.0.0.0.0.0.0.0.0.0.0.0.0.0.0.0.0.0.0.0.0.0.0.0.0.0.0.ip6.arpa
[2021-11-27 00:06:12,529] {taskinstance.py:1427} INFO - Exporting the following env vars:
AIRFLOW_CTX_DAG_EMAIL=airflow@example.com
AIRFLOW_CTX_DAG_OWNER=airflow
AIRFLOW_CTX_DAG_ID=tutorial
AIRFLOW_CTX_TASK_ID=sleep
AIRFLOW_CTX_EXECUTION_DATE=2021-11-26T17:05:56.370166+00:00
AIRFLOW_CTX_DAG_RUN_ID=manual__2021-11-26T17:05:56.370166+00:00
[2021-11-27 00:06:12,529] {subprocess.py:62} INFO - Tmp dir root location: 
 /var/folders/hj/g8v71bv11_gb814qbbwch8zc0000gn/T
[2021-11-27 00:06:12,530] {subprocess.py:74} INFO - Running command: ['bash', '-c', 'sleep 5']
[2021-11-27 00:06:12,535] {subprocess.py:85} INFO - Output:
[2021-11-27 00:06:17,544] {subprocess.py:93} INFO - Command exited with return code 0
[2021-11-27 00:06:17,564] {taskinstance.py:1270} INFO - Marking task as SUCCESS. dag_id=tutorial, task_id=sleep, execution_date=20211126T170556, start_date=20211126T170612, end_date=20211126T170617
[2021-11-27 00:06:17,603] {local_task_job.py:154} INFO - Task exited with return code 0
[2021-11-27 00:06:17,617] {local_task_job.py:264} INFO - 0 downstream tasks scheduled from follow-on schedule check
