[2021-11-27 07:23:16,453] {taskinstance.py:1035} INFO - Dependencies all met for <TaskInstance: elt.upload scheduled__2021-11-27T00:21:00+00:00 [queued]>
[2021-11-27 07:23:16,453] {taskinstance.py:1035} INFO - Dependencies all met for <TaskInstance: elt.upload scheduled__2021-11-27T00:21:00+00:00 [queued]>
[2021-11-27 07:23:16,460] {taskinstance.py:1035} INFO - Dependencies all met for <TaskInstance: elt.upload scheduled__2021-11-27T00:21:00+00:00 [queued]>
[2021-11-27 07:23:16,460] {taskinstance.py:1035} INFO - Dependencies all met for <TaskInstance: elt.upload scheduled__2021-11-27T00:21:00+00:00 [queued]>
[2021-11-27 07:23:16,461] {taskinstance.py:1241} INFO - 
--------------------------------------------------------------------------------
[2021-11-27 07:23:16,461] {taskinstance.py:1241} INFO - 
--------------------------------------------------------------------------------
[2021-11-27 07:23:16,461] {taskinstance.py:1242} INFO - Starting attempt 1 of 2
[2021-11-27 07:23:16,461] {taskinstance.py:1242} INFO - Starting attempt 1 of 2
[2021-11-27 07:23:16,461] {taskinstance.py:1243} INFO - 
--------------------------------------------------------------------------------
[2021-11-27 07:23:16,461] {taskinstance.py:1243} INFO - 
--------------------------------------------------------------------------------
[2021-11-27 07:23:16,470] {taskinstance.py:1262} INFO - Executing <Task(BashOperator): upload> on 2021-11-27 00:21:00+00:00
[2021-11-27 07:23:16,476] {taskinstance.py:1262} INFO - Executing <Task(BashOperator): upload> on 2021-11-27 00:21:00+00:00
[2021-11-27 07:23:16,474] {standard_task_runner.py:52} INFO - Started process 3886 to run task
[2021-11-27 07:23:16,479] {standard_task_runner.py:52} INFO - Started process 3887 to run task
[2021-11-27 07:23:16,480] {standard_task_runner.py:76} INFO - Running: ['airflow', 'tasks', 'run', 'elt', 'upload', 'scheduled__2021-11-27T00:21:00+00:00', '--job-id', '156', '--raw', '--subdir', 'DAGS_FOLDER/processing.py', '--cfg-path', '/var/folders/hj/g8v71bv11_gb814qbbwch8zc0000gn/T/tmp1zngsa2n', '--error-file', '/var/folders/hj/g8v71bv11_gb814qbbwch8zc0000gn/T/tmpizjjvh7e']
[2021-11-27 07:23:16,482] {standard_task_runner.py:77} INFO - Job 156: Subtask upload
[2021-11-27 07:23:16,484] {standard_task_runner.py:76} INFO - Running: ['airflow', 'tasks', 'run', 'elt', 'upload', 'scheduled__2021-11-27T00:21:00+00:00', '--job-id', '157', '--raw', '--subdir', 'DAGS_FOLDER/processing.py', '--cfg-path', '/var/folders/hj/g8v71bv11_gb814qbbwch8zc0000gn/T/tmpus4jg78l', '--error-file', '/var/folders/hj/g8v71bv11_gb814qbbwch8zc0000gn/T/tmpafnm5vby']
[2021-11-27 07:23:16,486] {standard_task_runner.py:77} INFO - Job 157: Subtask upload
[2021-11-27 07:23:21,515] {logging_mixin.py:109} INFO - Running <TaskInstance: elt.upload scheduled__2021-11-27T00:21:00+00:00 [running]> on host MacBookPro.local
[2021-11-27 07:23:21,515] {logging_mixin.py:109} INFO - Running <TaskInstance: elt.upload scheduled__2021-11-27T00:21:00+00:00 [running]> on host MacBookPro.local
[2021-11-27 07:23:26,560] {taskinstance.py:1427} INFO - Exporting the following env vars:
AIRFLOW_CTX_DAG_EMAIL=airflow@example.com
AIRFLOW_CTX_DAG_OWNER=airflow
AIRFLOW_CTX_DAG_ID=elt
AIRFLOW_CTX_TASK_ID=upload
AIRFLOW_CTX_EXECUTION_DATE=2021-11-27T00:21:00+00:00
AIRFLOW_CTX_DAG_RUN_ID=scheduled__2021-11-27T00:21:00+00:00
[2021-11-27 07:23:26,561] {subprocess.py:62} INFO - Tmp dir root location: 
 /var/folders/hj/g8v71bv11_gb814qbbwch8zc0000gn/T
[2021-11-27 07:23:26,562] {subprocess.py:74} INFO - Running command: ['bash', '-c', '/Users/Home/Airflow/tasks/cleaning.py /Users/Home/Airflow/output worldbank']
[2021-11-27 07:23:26,562] {taskinstance.py:1427} INFO - Exporting the following env vars:
AIRFLOW_CTX_DAG_EMAIL=airflow@example.com
AIRFLOW_CTX_DAG_OWNER=airflow
AIRFLOW_CTX_DAG_ID=elt
AIRFLOW_CTX_TASK_ID=upload
AIRFLOW_CTX_EXECUTION_DATE=2021-11-27T00:21:00+00:00
AIRFLOW_CTX_DAG_RUN_ID=scheduled__2021-11-27T00:21:00+00:00
[2021-11-27 07:23:26,563] {subprocess.py:62} INFO - Tmp dir root location: 
 /var/folders/hj/g8v71bv11_gb814qbbwch8zc0000gn/T
[2021-11-27 07:23:26,564] {subprocess.py:74} INFO - Running command: ['bash', '-c', '/Users/Home/Airflow/tasks/cleaning.py /Users/Home/Airflow/output worldbank']
[2021-11-27 07:23:26,570] {subprocess.py:85} INFO - Output:
[2021-11-27 07:23:26,570] {subprocess.py:85} INFO - Output:
[2021-11-27 07:23:26,621] {subprocess.py:93} INFO - Command exited with return code 0
[2021-11-27 07:23:26,621] {subprocess.py:93} INFO - Command exited with return code 0
[2021-11-27 07:23:26,635] {taskinstance.py:1270} INFO - Marking task as SUCCESS. dag_id=elt, task_id=upload, execution_date=20211127T002100, start_date=20211127T002316, end_date=20211127T002326
[2021-11-27 07:23:26,650] {taskinstance.py:1270} INFO - Marking task as SUCCESS. dag_id=elt, task_id=upload, execution_date=20211127T002100, start_date=20211127T002316, end_date=20211127T002326
[2021-11-27 07:23:26,691] {local_task_job.py:154} INFO - Task exited with return code 0
[2021-11-27 07:23:26,691] {local_task_job.py:154} INFO - Task exited with return code 0
[2021-11-27 07:23:26,709] {local_task_job.py:264} INFO - 0 downstream tasks scheduled from follow-on schedule check
[2021-11-27 07:23:26,709] {local_task_job.py:264} INFO - 0 downstream tasks scheduled from follow-on schedule check
