[2021-11-27 11:30:02,817] {taskinstance.py:1035} INFO - Dependencies all met for <TaskInstance: elt.unzip scheduled__2021-11-27T04:29:00+00:00 [queued]>
[2021-11-27 11:30:02,822] {taskinstance.py:1035} INFO - Dependencies all met for <TaskInstance: elt.unzip scheduled__2021-11-27T04:29:00+00:00 [queued]>
[2021-11-27 11:30:02,822] {taskinstance.py:1241} INFO - 
--------------------------------------------------------------------------------
[2021-11-27 11:30:02,822] {taskinstance.py:1242} INFO - Starting attempt 1 of 2
[2021-11-27 11:30:02,822] {taskinstance.py:1243} INFO - 
--------------------------------------------------------------------------------
[2021-11-27 11:30:02,828] {taskinstance.py:1262} INFO - Executing <Task(BashOperator): unzip> on 2021-11-27 04:29:00+00:00
[2021-11-27 11:30:02,830] {standard_task_runner.py:52} INFO - Started process 10724 to run task
[2021-11-27 11:30:02,839] {standard_task_runner.py:76} INFO - Running: ['airflow', 'tasks', 'run', 'elt', 'unzip', 'scheduled__2021-11-27T04:29:00+00:00', '--job-id', '535', '--raw', '--subdir', 'DAGS_FOLDER/processing.py', '--cfg-path', '/var/folders/hj/g8v71bv11_gb814qbbwch8zc0000gn/T/tmpov4jta2o', '--error-file', '/var/folders/hj/g8v71bv11_gb814qbbwch8zc0000gn/T/tmpi8d8jr7z']
[2021-11-27 11:30:02,840] {standard_task_runner.py:77} INFO - Job 535: Subtask unzip
[2021-11-27 11:30:02,869] {logging_mixin.py:109} INFO - Running <TaskInstance: elt.unzip scheduled__2021-11-27T04:29:00+00:00 [running]> on host 1.0.0.0.0.0.0.0.0.0.0.0.0.0.0.0.0.0.0.0.0.0.0.0.0.0.0.0.0.0.0.0.ip6.arpa
[2021-11-27 11:30:02,898] {taskinstance.py:1427} INFO - Exporting the following env vars:
AIRFLOW_CTX_DAG_EMAIL=airflow@example.com
AIRFLOW_CTX_DAG_OWNER=airflow
AIRFLOW_CTX_DAG_ID=elt
AIRFLOW_CTX_TASK_ID=unzip
AIRFLOW_CTX_EXECUTION_DATE=2021-11-27T04:29:00+00:00
AIRFLOW_CTX_DAG_RUN_ID=scheduled__2021-11-27T04:29:00+00:00
[2021-11-27 11:30:02,899] {subprocess.py:62} INFO - Tmp dir root location: 
 /var/folders/hj/g8v71bv11_gb814qbbwch8zc0000gn/T
[2021-11-27 11:30:02,900] {subprocess.py:74} INFO - Running command: ['bash', '-c', '/Users/Home/Airflow/tasks/unzip.py /Users/Home/Airflow/down /Users/Home/Airflow/unzip']
[2021-11-27 11:30:02,905] {subprocess.py:85} INFO - Output:
[2021-11-27 11:30:02,991] {subprocess.py:89} INFO - /Users/Home/Airflow/down/livestock-production-index-2014-2016-100.zip
[2021-11-27 11:30:02,991] {subprocess.py:89} INFO - /Users/Home/Airflow/down/land-under-cereal-production-hectares.zip
[2021-11-27 11:30:02,992] {subprocess.py:89} INFO - /Users/Home/Airflow/down/land-area-sq-km.zip
[2021-11-27 11:30:02,992] {subprocess.py:89} INFO - /Users/Home/Airflow/down/rural-population.zip
[2021-11-27 11:30:02,992] {subprocess.py:89} INFO - /Users/Home/Airflow/down/rural-population-of-total-population.zip
[2021-11-27 11:30:02,992] {subprocess.py:89} INFO - /Users/Home/Airflow/down/permanent-cropland-of-land-area.zip
[2021-11-27 11:30:02,997] {subprocess.py:93} INFO - Command exited with return code 0
[2021-11-27 11:30:03,012] {taskinstance.py:1270} INFO - Marking task as SUCCESS. dag_id=elt, task_id=unzip, execution_date=20211127T042900, start_date=20211127T043002, end_date=20211127T043003
[2021-11-27 11:30:03,054] {local_task_job.py:154} INFO - Task exited with return code 0
[2021-11-27 11:30:03,077] {local_task_job.py:264} INFO - 1 downstream tasks scheduled from follow-on schedule check
