[2021-11-27 01:31:13,171] {taskinstance.py:1035} INFO - Dependencies all met for <TaskInstance: elt.upload manual__2021-11-26T18:27:39.198305+00:00 [queued]>
[2021-11-27 01:31:13,177] {taskinstance.py:1035} INFO - Dependencies all met for <TaskInstance: elt.upload manual__2021-11-26T18:27:39.198305+00:00 [queued]>
[2021-11-27 01:31:13,177] {taskinstance.py:1241} INFO - 
--------------------------------------------------------------------------------
[2021-11-27 01:31:13,177] {taskinstance.py:1242} INFO - Starting attempt 1 of 2
[2021-11-27 01:31:13,177] {taskinstance.py:1243} INFO - 
--------------------------------------------------------------------------------
[2021-11-27 01:31:13,183] {taskinstance.py:1262} INFO - Executing <Task(BashOperator): upload> on 2021-11-26 18:27:39.198305+00:00
[2021-11-27 01:31:13,186] {standard_task_runner.py:52} INFO - Started process 14639 to run task
[2021-11-27 01:31:13,190] {standard_task_runner.py:76} INFO - Running: ['airflow', 'tasks', 'run', 'elt', 'upload', 'manual__2021-11-26T18:27:39.198305+00:00', '--job-id', '11', '--raw', '--subdir', 'DAGS_FOLDER/processing.py', '--cfg-path', '/var/folders/hj/g8v71bv11_gb814qbbwch8zc0000gn/T/tmp9fl2802t', '--error-file', '/var/folders/hj/g8v71bv11_gb814qbbwch8zc0000gn/T/tmp403r8eko']
[2021-11-27 01:31:13,192] {standard_task_runner.py:77} INFO - Job 11: Subtask upload
[2021-11-27 01:31:13,220] {logging_mixin.py:109} INFO - Running <TaskInstance: elt.upload manual__2021-11-26T18:27:39.198305+00:00 [running]> on host MacBookPro.local
[2021-11-27 01:31:13,245] {taskinstance.py:1427} INFO - Exporting the following env vars:
AIRFLOW_CTX_DAG_EMAIL=airflow@example.com
AIRFLOW_CTX_DAG_OWNER=airflow
AIRFLOW_CTX_DAG_ID=elt
AIRFLOW_CTX_TASK_ID=upload
AIRFLOW_CTX_EXECUTION_DATE=2021-11-26T18:27:39.198305+00:00
AIRFLOW_CTX_DAG_RUN_ID=manual__2021-11-26T18:27:39.198305+00:00
[2021-11-27 01:31:13,247] {subprocess.py:62} INFO - Tmp dir root location: 
 /var/folders/hj/g8v71bv11_gb814qbbwch8zc0000gn/T
[2021-11-27 01:31:13,247] {subprocess.py:74} INFO - Running command: ['bash', '-c', '/Users/Home/Airflow/tasks/cleaning.py /Users/Home/Airflow/output worldbank']
[2021-11-27 01:31:13,252] {subprocess.py:85} INFO - Output:
[2021-11-27 01:31:13,300] {subprocess.py:93} INFO - Command exited with return code 0
[2021-11-27 01:31:13,313] {taskinstance.py:1270} INFO - Marking task as SUCCESS. dag_id=elt, task_id=upload, execution_date=20211126T182739, start_date=20211126T183113, end_date=20211126T183113
[2021-11-27 01:31:13,327] {local_task_job.py:154} INFO - Task exited with return code 0
[2021-11-27 01:31:13,340] {local_task_job.py:264} INFO - 0 downstream tasks scheduled from follow-on schedule check
