[2021-11-27 07:08:55,844] {taskinstance.py:1035} INFO - Dependencies all met for <TaskInstance: elt.upload scheduled__2021-11-27T00:06:00+00:00 [queued]>
[2021-11-27 07:08:55,851] {taskinstance.py:1035} INFO - Dependencies all met for <TaskInstance: elt.upload scheduled__2021-11-27T00:06:00+00:00 [queued]>
[2021-11-27 07:08:55,851] {taskinstance.py:1241} INFO - 
--------------------------------------------------------------------------------
[2021-11-27 07:08:55,851] {taskinstance.py:1242} INFO - Starting attempt 1 of 2
[2021-11-27 07:08:55,851] {taskinstance.py:1243} INFO - 
--------------------------------------------------------------------------------
[2021-11-27 07:08:55,860] {taskinstance.py:1262} INFO - Executing <Task(BashOperator): upload> on 2021-11-27 00:06:00+00:00
[2021-11-27 07:08:55,864] {standard_task_runner.py:52} INFO - Started process 3486 to run task
[2021-11-27 07:08:55,871] {standard_task_runner.py:76} INFO - Running: ['airflow', 'tasks', 'run', 'elt', 'upload', 'scheduled__2021-11-27T00:06:00+00:00', '--job-id', '109', '--raw', '--subdir', 'DAGS_FOLDER/processing.py', '--cfg-path', '/var/folders/hj/g8v71bv11_gb814qbbwch8zc0000gn/T/tmpg1ejnqhv', '--error-file', '/var/folders/hj/g8v71bv11_gb814qbbwch8zc0000gn/T/tmp11a8_p5_']
[2021-11-27 07:08:55,873] {standard_task_runner.py:77} INFO - Job 109: Subtask upload
[2021-11-27 07:09:00,901] {logging_mixin.py:109} INFO - Running <TaskInstance: elt.upload scheduled__2021-11-27T00:06:00+00:00 [running]> on host MacBookPro.local
[2021-11-27 07:09:05,938] {taskinstance.py:1427} INFO - Exporting the following env vars:
AIRFLOW_CTX_DAG_EMAIL=airflow@example.com
AIRFLOW_CTX_DAG_OWNER=airflow
AIRFLOW_CTX_DAG_ID=elt
AIRFLOW_CTX_TASK_ID=upload
AIRFLOW_CTX_EXECUTION_DATE=2021-11-27T00:06:00+00:00
AIRFLOW_CTX_DAG_RUN_ID=scheduled__2021-11-27T00:06:00+00:00
[2021-11-27 07:09:05,938] {subprocess.py:62} INFO - Tmp dir root location: 
 /var/folders/hj/g8v71bv11_gb814qbbwch8zc0000gn/T
[2021-11-27 07:09:05,939] {subprocess.py:74} INFO - Running command: ['bash', '-c', '/Users/Home/Airflow/tasks/cleaning.py /Users/Home/Airflow/output worldbank']
[2021-11-27 07:09:05,944] {subprocess.py:85} INFO - Output:
[2021-11-27 07:09:05,988] {subprocess.py:93} INFO - Command exited with return code 0
[2021-11-27 07:09:06,001] {taskinstance.py:1270} INFO - Marking task as SUCCESS. dag_id=elt, task_id=upload, execution_date=20211127T000600, start_date=20211127T000855, end_date=20211127T000906
[2021-11-27 07:09:06,029] {local_task_job.py:154} INFO - Task exited with return code 0
[2021-11-27 07:09:06,046] {local_task_job.py:264} INFO - 0 downstream tasks scheduled from follow-on schedule check
[2021-11-27 07:09:09,744] {taskinstance.py:1025} INFO - Dependencies not met for <TaskInstance: elt.upload scheduled__2021-11-27T00:06:00+00:00 [running]>, dependency 'Task Instance Not Running' FAILED: Task is in the running state
[2021-11-27 07:09:09,744] {taskinstance.py:1025} INFO - Dependencies not met for <TaskInstance: elt.upload scheduled__2021-11-27T00:06:00+00:00 [running]>, dependency 'Task Instance State' FAILED: Task is in the 'running' state which is not a valid state for execution. The task must be cleared in order to be run.
[2021-11-27 07:09:09,748] {local_task_job.py:99} INFO - Task is not able to be run
