[2021-11-27 00:03:38,752] {taskinstance.py:1035} INFO - Dependencies all met for <TaskInstance: tutorial.templated scheduled__2021-11-26T00:00:00+00:00 [queued]>
[2021-11-27 00:03:38,758] {taskinstance.py:1035} INFO - Dependencies all met for <TaskInstance: tutorial.templated scheduled__2021-11-26T00:00:00+00:00 [queued]>
[2021-11-27 00:03:38,758] {taskinstance.py:1241} INFO - 
--------------------------------------------------------------------------------
[2021-11-27 00:03:38,758] {taskinstance.py:1242} INFO - Starting attempt 1 of 2
[2021-11-27 00:03:38,758] {taskinstance.py:1243} INFO - 
--------------------------------------------------------------------------------
[2021-11-27 00:03:38,766] {taskinstance.py:1262} INFO - Executing <Task(BashOperator): templated> on 2021-11-26 00:00:00+00:00
[2021-11-27 00:03:38,768] {standard_task_runner.py:52} INFO - Started process 11579 to run task
[2021-11-27 00:03:38,773] {standard_task_runner.py:76} INFO - Running: ['airflow', 'tasks', 'run', 'tutorial', 'templated', 'scheduled__2021-11-26T00:00:00+00:00', '--job-id', '5', '--raw', '--subdir', 'DAGS_FOLDER/tutorial.py', '--cfg-path', '/var/folders/hj/g8v71bv11_gb814qbbwch8zc0000gn/T/tmpac1oeet2', '--error-file', '/var/folders/hj/g8v71bv11_gb814qbbwch8zc0000gn/T/tmpojngvmti']
[2021-11-27 00:03:38,775] {standard_task_runner.py:77} INFO - Job 5: Subtask templated
[2021-11-27 00:03:38,805] {logging_mixin.py:109} INFO - Running <TaskInstance: tutorial.templated scheduled__2021-11-26T00:00:00+00:00 [running]> on host 1.0.0.0.0.0.0.0.0.0.0.0.0.0.0.0.0.0.0.0.0.0.0.0.0.0.0.0.0.0.0.0.ip6.arpa
[2021-11-27 00:03:38,840] {taskinstance.py:1427} INFO - Exporting the following env vars:
AIRFLOW_CTX_DAG_EMAIL=airflow@example.com
AIRFLOW_CTX_DAG_OWNER=airflow
AIRFLOW_CTX_DAG_ID=tutorial
AIRFLOW_CTX_TASK_ID=templated
AIRFLOW_CTX_EXECUTION_DATE=2021-11-26T00:00:00+00:00
AIRFLOW_CTX_DAG_RUN_ID=scheduled__2021-11-26T00:00:00+00:00
[2021-11-27 00:03:38,841] {subprocess.py:62} INFO - Tmp dir root location: 
 /var/folders/hj/g8v71bv11_gb814qbbwch8zc0000gn/T
[2021-11-27 00:03:38,842] {subprocess.py:74} INFO - Running command: ['bash', '-c', '\n\n    echo "2021-11-26"\n    echo "2021-12-03"\n    echo "Parameter I passed in"\n\n    echo "2021-11-26"\n    echo "2021-12-03"\n    echo "Parameter I passed in"\n\n    echo "2021-11-26"\n    echo "2021-12-03"\n    echo "Parameter I passed in"\n\n    echo "2021-11-26"\n    echo "2021-12-03"\n    echo "Parameter I passed in"\n\n    echo "2021-11-26"\n    echo "2021-12-03"\n    echo "Parameter I passed in"\n']
[2021-11-27 00:03:38,848] {subprocess.py:85} INFO - Output:
[2021-11-27 00:03:38,851] {subprocess.py:89} INFO - 2021-11-26
[2021-11-27 00:03:38,851] {subprocess.py:89} INFO - 2021-12-03
[2021-11-27 00:03:38,852] {subprocess.py:89} INFO - Parameter I passed in
[2021-11-27 00:03:38,852] {subprocess.py:89} INFO - 2021-11-26
[2021-11-27 00:03:38,852] {subprocess.py:89} INFO - 2021-12-03
[2021-11-27 00:03:38,852] {subprocess.py:89} INFO - Parameter I passed in
[2021-11-27 00:03:38,852] {subprocess.py:89} INFO - 2021-11-26
[2021-11-27 00:03:38,853] {subprocess.py:89} INFO - 2021-12-03
[2021-11-27 00:03:38,853] {subprocess.py:89} INFO - Parameter I passed in
[2021-11-27 00:03:38,853] {subprocess.py:89} INFO - 2021-11-26
[2021-11-27 00:03:38,853] {subprocess.py:89} INFO - 2021-12-03
[2021-11-27 00:03:38,853] {subprocess.py:89} INFO - Parameter I passed in
[2021-11-27 00:03:38,853] {subprocess.py:89} INFO - 2021-11-26
[2021-11-27 00:03:38,854] {subprocess.py:89} INFO - 2021-12-03
[2021-11-27 00:03:38,854] {subprocess.py:89} INFO - Parameter I passed in
[2021-11-27 00:03:38,854] {subprocess.py:93} INFO - Command exited with return code 0
[2021-11-27 00:03:38,869] {taskinstance.py:1270} INFO - Marking task as SUCCESS. dag_id=tutorial, task_id=templated, execution_date=20211126T000000, start_date=20211126T170338, end_date=20211126T170338
[2021-11-27 00:03:38,909] {local_task_job.py:154} INFO - Task exited with return code 0
[2021-11-27 00:03:38,929] {local_task_job.py:264} INFO - 0 downstream tasks scheduled from follow-on schedule check
[2021-11-27 00:05:06,524] {taskinstance.py:1035} INFO - Dependencies all met for <TaskInstance: tutorial.templated scheduled__2021-11-26T00:00:00+00:00 [queued]>
[2021-11-27 00:05:06,532] {taskinstance.py:1035} INFO - Dependencies all met for <TaskInstance: tutorial.templated scheduled__2021-11-26T00:00:00+00:00 [queued]>
[2021-11-27 00:05:06,532] {taskinstance.py:1241} INFO - 
--------------------------------------------------------------------------------
[2021-11-27 00:05:06,532] {taskinstance.py:1242} INFO - Starting attempt 1 of 2
[2021-11-27 00:05:06,532] {taskinstance.py:1243} INFO - 
--------------------------------------------------------------------------------
[2021-11-27 00:05:06,540] {taskinstance.py:1262} INFO - Executing <Task(BashOperator): templated> on 2021-11-26 00:00:00+00:00
[2021-11-27 00:05:06,543] {standard_task_runner.py:52} INFO - Started process 11650 to run task
[2021-11-27 00:05:06,547] {standard_task_runner.py:76} INFO - Running: ['airflow', 'tasks', 'run', 'tutorial', 'templated', 'scheduled__2021-11-26T00:00:00+00:00', '--job-id', '6', '--raw', '--subdir', 'DAGS_FOLDER/tutorial.py', '--cfg-path', '/var/folders/hj/g8v71bv11_gb814qbbwch8zc0000gn/T/tmpgh3ovs9_', '--error-file', '/var/folders/hj/g8v71bv11_gb814qbbwch8zc0000gn/T/tmpp1gmo996']
[2021-11-27 00:05:06,550] {standard_task_runner.py:77} INFO - Job 6: Subtask templated
[2021-11-27 00:05:06,578] {logging_mixin.py:109} INFO - Running <TaskInstance: tutorial.templated scheduled__2021-11-26T00:00:00+00:00 [running]> on host 1.0.0.0.0.0.0.0.0.0.0.0.0.0.0.0.0.0.0.0.0.0.0.0.0.0.0.0.0.0.0.0.ip6.arpa
[2021-11-27 00:05:06,615] {taskinstance.py:1427} INFO - Exporting the following env vars:
AIRFLOW_CTX_DAG_EMAIL=airflow@example.com
AIRFLOW_CTX_DAG_OWNER=airflow
AIRFLOW_CTX_DAG_ID=tutorial
AIRFLOW_CTX_TASK_ID=templated
AIRFLOW_CTX_EXECUTION_DATE=2021-11-26T00:00:00+00:00
AIRFLOW_CTX_DAG_RUN_ID=scheduled__2021-11-26T00:00:00+00:00
[2021-11-27 00:05:06,616] {subprocess.py:62} INFO - Tmp dir root location: 
 /var/folders/hj/g8v71bv11_gb814qbbwch8zc0000gn/T
[2021-11-27 00:05:06,617] {subprocess.py:74} INFO - Running command: ['bash', '-c', '\n\n    echo "2021-11-26"\n    echo "2021-12-03"\n    echo "Parameter I passed in"\n\n    echo "2021-11-26"\n    echo "2021-12-03"\n    echo "Parameter I passed in"\n\n    echo "2021-11-26"\n    echo "2021-12-03"\n    echo "Parameter I passed in"\n\n    echo "2021-11-26"\n    echo "2021-12-03"\n    echo "Parameter I passed in"\n\n    echo "2021-11-26"\n    echo "2021-12-03"\n    echo "Parameter I passed in"\n']
[2021-11-27 00:05:06,622] {subprocess.py:85} INFO - Output:
[2021-11-27 00:05:06,625] {subprocess.py:89} INFO - 2021-11-26
[2021-11-27 00:05:06,625] {subprocess.py:89} INFO - 2021-12-03
[2021-11-27 00:05:06,626] {subprocess.py:89} INFO - Parameter I passed in
[2021-11-27 00:05:06,626] {subprocess.py:89} INFO - 2021-11-26
[2021-11-27 00:05:06,626] {subprocess.py:89} INFO - 2021-12-03
[2021-11-27 00:05:06,626] {subprocess.py:89} INFO - Parameter I passed in
[2021-11-27 00:05:06,626] {subprocess.py:89} INFO - 2021-11-26
[2021-11-27 00:05:06,627] {subprocess.py:89} INFO - 2021-12-03
[2021-11-27 00:05:06,627] {subprocess.py:89} INFO - Parameter I passed in
[2021-11-27 00:05:06,627] {subprocess.py:89} INFO - 2021-11-26
[2021-11-27 00:05:06,627] {subprocess.py:89} INFO - 2021-12-03
[2021-11-27 00:05:06,627] {subprocess.py:89} INFO - Parameter I passed in
[2021-11-27 00:05:06,628] {subprocess.py:89} INFO - 2021-11-26
[2021-11-27 00:05:06,628] {subprocess.py:89} INFO - 2021-12-03
[2021-11-27 00:05:06,628] {subprocess.py:89} INFO - Parameter I passed in
[2021-11-27 00:05:06,629] {subprocess.py:93} INFO - Command exited with return code 0
[2021-11-27 00:05:06,642] {taskinstance.py:1270} INFO - Marking task as SUCCESS. dag_id=tutorial, task_id=templated, execution_date=20211126T000000, start_date=20211126T170506, end_date=20211126T170506
[2021-11-27 00:05:06,690] {local_task_job.py:154} INFO - Task exited with return code 0
[2021-11-27 00:05:06,710] {local_task_job.py:264} INFO - 0 downstream tasks scheduled from follow-on schedule check
[2021-11-27 00:06:10,854] {taskinstance.py:1035} INFO - Dependencies all met for <TaskInstance: tutorial.templated scheduled__2021-11-26T00:00:00+00:00 [queued]>
[2021-11-27 00:06:10,863] {taskinstance.py:1035} INFO - Dependencies all met for <TaskInstance: tutorial.templated scheduled__2021-11-26T00:00:00+00:00 [queued]>
[2021-11-27 00:06:10,863] {taskinstance.py:1241} INFO - 
--------------------------------------------------------------------------------
[2021-11-27 00:06:10,863] {taskinstance.py:1242} INFO - Starting attempt 1 of 2
[2021-11-27 00:06:10,863] {taskinstance.py:1243} INFO - 
--------------------------------------------------------------------------------
[2021-11-27 00:06:10,870] {taskinstance.py:1262} INFO - Executing <Task(BashOperator): templated> on 2021-11-26 00:00:00+00:00
[2021-11-27 00:06:10,873] {standard_task_runner.py:52} INFO - Started process 11714 to run task
[2021-11-27 00:06:10,877] {standard_task_runner.py:76} INFO - Running: ['airflow', 'tasks', 'run', 'tutorial', 'templated', 'scheduled__2021-11-26T00:00:00+00:00', '--job-id', '5', '--raw', '--subdir', 'DAGS_FOLDER/tutorial.py', '--cfg-path', '/var/folders/hj/g8v71bv11_gb814qbbwch8zc0000gn/T/tmpjo9y8j45', '--error-file', '/var/folders/hj/g8v71bv11_gb814qbbwch8zc0000gn/T/tmpm73oprnl']
[2021-11-27 00:06:10,879] {standard_task_runner.py:77} INFO - Job 5: Subtask templated
[2021-11-27 00:06:10,909] {logging_mixin.py:109} INFO - Running <TaskInstance: tutorial.templated scheduled__2021-11-26T00:00:00+00:00 [running]> on host 1.0.0.0.0.0.0.0.0.0.0.0.0.0.0.0.0.0.0.0.0.0.0.0.0.0.0.0.0.0.0.0.ip6.arpa
[2021-11-27 00:06:10,945] {taskinstance.py:1427} INFO - Exporting the following env vars:
AIRFLOW_CTX_DAG_EMAIL=airflow@example.com
AIRFLOW_CTX_DAG_OWNER=airflow
AIRFLOW_CTX_DAG_ID=tutorial
AIRFLOW_CTX_TASK_ID=templated
AIRFLOW_CTX_EXECUTION_DATE=2021-11-26T00:00:00+00:00
AIRFLOW_CTX_DAG_RUN_ID=scheduled__2021-11-26T00:00:00+00:00
[2021-11-27 00:06:10,946] {subprocess.py:62} INFO - Tmp dir root location: 
 /var/folders/hj/g8v71bv11_gb814qbbwch8zc0000gn/T
[2021-11-27 00:06:10,947] {subprocess.py:74} INFO - Running command: ['bash', '-c', '\n\n    echo "2021-11-26"\n    echo "2021-12-03"\n    echo "Parameter I passed in"\n\n    echo "2021-11-26"\n    echo "2021-12-03"\n    echo "Parameter I passed in"\n\n    echo "2021-11-26"\n    echo "2021-12-03"\n    echo "Parameter I passed in"\n\n    echo "2021-11-26"\n    echo "2021-12-03"\n    echo "Parameter I passed in"\n\n    echo "2021-11-26"\n    echo "2021-12-03"\n    echo "Parameter I passed in"\n']
[2021-11-27 00:06:10,952] {subprocess.py:85} INFO - Output:
[2021-11-27 00:06:10,955] {subprocess.py:89} INFO - 2021-11-26
[2021-11-27 00:06:10,955] {subprocess.py:89} INFO - 2021-12-03
[2021-11-27 00:06:10,955] {subprocess.py:89} INFO - Parameter I passed in
[2021-11-27 00:06:10,955] {subprocess.py:89} INFO - 2021-11-26
[2021-11-27 00:06:10,956] {subprocess.py:89} INFO - 2021-12-03
[2021-11-27 00:06:10,956] {subprocess.py:89} INFO - Parameter I passed in
[2021-11-27 00:06:10,956] {subprocess.py:89} INFO - 2021-11-26
[2021-11-27 00:06:10,956] {subprocess.py:89} INFO - 2021-12-03
[2021-11-27 00:06:10,956] {subprocess.py:89} INFO - Parameter I passed in
[2021-11-27 00:06:10,956] {subprocess.py:89} INFO - 2021-11-26
[2021-11-27 00:06:10,957] {subprocess.py:89} INFO - 2021-12-03
[2021-11-27 00:06:10,957] {subprocess.py:89} INFO - Parameter I passed in
[2021-11-27 00:06:10,957] {subprocess.py:89} INFO - 2021-11-26
[2021-11-27 00:06:10,957] {subprocess.py:89} INFO - 2021-12-03
[2021-11-27 00:06:10,957] {subprocess.py:89} INFO - Parameter I passed in
[2021-11-27 00:06:10,958] {subprocess.py:93} INFO - Command exited with return code 0
[2021-11-27 00:06:10,972] {taskinstance.py:1270} INFO - Marking task as SUCCESS. dag_id=tutorial, task_id=templated, execution_date=20211126T000000, start_date=20211126T170610, end_date=20211126T170610
[2021-11-27 00:06:11,024] {local_task_job.py:154} INFO - Task exited with return code 0
[2021-11-27 00:06:11,042] {local_task_job.py:264} INFO - 0 downstream tasks scheduled from follow-on schedule check
