[2021-11-27 11:33:03,573] {taskinstance.py:1035} INFO - Dependencies all met for <TaskInstance: elt.unzip scheduled__2021-11-27T04:32:00+00:00 [queued]>
[2021-11-27 11:33:03,578] {taskinstance.py:1035} INFO - Dependencies all met for <TaskInstance: elt.unzip scheduled__2021-11-27T04:32:00+00:00 [queued]>
[2021-11-27 11:33:03,578] {taskinstance.py:1241} INFO - 
--------------------------------------------------------------------------------
[2021-11-27 11:33:03,578] {taskinstance.py:1242} INFO - Starting attempt 1 of 2
[2021-11-27 11:33:03,578] {taskinstance.py:1243} INFO - 
--------------------------------------------------------------------------------
[2021-11-27 11:33:03,584] {taskinstance.py:1262} INFO - Executing <Task(BashOperator): unzip> on 2021-11-27 04:32:00+00:00
[2021-11-27 11:33:03,586] {standard_task_runner.py:52} INFO - Started process 10965 to run task
[2021-11-27 11:33:03,590] {standard_task_runner.py:76} INFO - Running: ['airflow', 'tasks', 'run', 'elt', 'unzip', 'scheduled__2021-11-27T04:32:00+00:00', '--job-id', '545', '--raw', '--subdir', 'DAGS_FOLDER/processing.py', '--cfg-path', '/var/folders/hj/g8v71bv11_gb814qbbwch8zc0000gn/T/tmprxfk86x1', '--error-file', '/var/folders/hj/g8v71bv11_gb814qbbwch8zc0000gn/T/tmp_nz36hiv']
[2021-11-27 11:33:03,592] {standard_task_runner.py:77} INFO - Job 545: Subtask unzip
[2021-11-27 11:33:03,621] {logging_mixin.py:109} INFO - Running <TaskInstance: elt.unzip scheduled__2021-11-27T04:32:00+00:00 [running]> on host MacBookPro.local
[2021-11-27 11:33:03,649] {taskinstance.py:1427} INFO - Exporting the following env vars:
AIRFLOW_CTX_DAG_EMAIL=airflow@example.com
AIRFLOW_CTX_DAG_OWNER=airflow
AIRFLOW_CTX_DAG_ID=elt
AIRFLOW_CTX_TASK_ID=unzip
AIRFLOW_CTX_EXECUTION_DATE=2021-11-27T04:32:00+00:00
AIRFLOW_CTX_DAG_RUN_ID=scheduled__2021-11-27T04:32:00+00:00
[2021-11-27 11:33:03,650] {subprocess.py:62} INFO - Tmp dir root location: 
 /var/folders/hj/g8v71bv11_gb814qbbwch8zc0000gn/T
[2021-11-27 11:33:03,651] {subprocess.py:74} INFO - Running command: ['bash', '-c', '/Users/Home/Airflow/tasks/unzip.py /Users/Home/Airflow/down /Users/Home/Airflow/unzip']
[2021-11-27 11:33:03,658] {subprocess.py:85} INFO - Output:
[2021-11-27 11:33:03,715] {subprocess.py:93} INFO - Command exited with return code 0
[2021-11-27 11:33:03,727] {taskinstance.py:1270} INFO - Marking task as SUCCESS. dag_id=elt, task_id=unzip, execution_date=20211127T043200, start_date=20211127T043303, end_date=20211127T043303
[2021-11-27 11:33:03,782] {local_task_job.py:154} INFO - Task exited with return code 0
[2021-11-27 11:33:03,801] {local_task_job.py:264} INFO - 1 downstream tasks scheduled from follow-on schedule check
