[2021-11-27 10:18:07,037] {taskinstance.py:1035} INFO - Dependencies all met for <TaskInstance: elt.cleaning scheduled__2021-11-27T03:17:00+00:00 [queued]>
[2021-11-27 10:18:07,042] {taskinstance.py:1035} INFO - Dependencies all met for <TaskInstance: elt.cleaning scheduled__2021-11-27T03:17:00+00:00 [queued]>
[2021-11-27 10:18:07,042] {taskinstance.py:1241} INFO - 
--------------------------------------------------------------------------------
[2021-11-27 10:18:07,042] {taskinstance.py:1242} INFO - Starting attempt 1 of 2
[2021-11-27 10:18:07,043] {taskinstance.py:1243} INFO - 
--------------------------------------------------------------------------------
[2021-11-27 10:18:07,049] {taskinstance.py:1262} INFO - Executing <Task(BashOperator): cleaning> on 2021-11-27 03:17:00+00:00
[2021-11-27 10:18:07,051] {standard_task_runner.py:52} INFO - Started process 6865 to run task
[2021-11-27 10:18:07,055] {standard_task_runner.py:76} INFO - Running: ['airflow', 'tasks', 'run', 'elt', 'cleaning', 'scheduled__2021-11-27T03:17:00+00:00', '--job-id', '316', '--raw', '--subdir', 'DAGS_FOLDER/processing.py', '--cfg-path', '/var/folders/hj/g8v71bv11_gb814qbbwch8zc0000gn/T/tmp5ic98wp8', '--error-file', '/var/folders/hj/g8v71bv11_gb814qbbwch8zc0000gn/T/tmp1jwsv05y']
[2021-11-27 10:18:07,057] {standard_task_runner.py:77} INFO - Job 316: Subtask cleaning
[2021-11-27 10:18:07,089] {logging_mixin.py:109} INFO - Running <TaskInstance: elt.cleaning scheduled__2021-11-27T03:17:00+00:00 [running]> on host 1.0.0.0.0.0.0.0.0.0.0.0.0.0.0.0.0.0.0.0.0.0.0.0.0.0.0.0.0.0.0.0.ip6.arpa
[2021-11-27 10:18:07,123] {taskinstance.py:1427} INFO - Exporting the following env vars:
AIRFLOW_CTX_DAG_EMAIL=airflow@example.com
AIRFLOW_CTX_DAG_OWNER=airflow
AIRFLOW_CTX_DAG_ID=elt
AIRFLOW_CTX_TASK_ID=cleaning
AIRFLOW_CTX_EXECUTION_DATE=2021-11-27T03:17:00+00:00
AIRFLOW_CTX_DAG_RUN_ID=scheduled__2021-11-27T03:17:00+00:00
[2021-11-27 10:18:07,124] {subprocess.py:62} INFO - Tmp dir root location: 
 /var/folders/hj/g8v71bv11_gb814qbbwch8zc0000gn/T
[2021-11-27 10:18:07,125] {subprocess.py:74} INFO - Running command: ['bash', '-c', '/Users/Home/Airflow/tasks/cleaning.py /Users/Home/Airflow/unzip /Users/Home/Airflow/output']
[2021-11-27 10:18:07,130] {subprocess.py:85} INFO - Output:
[2021-11-27 10:18:07,186] {subprocess.py:93} INFO - Command exited with return code 0
[2021-11-27 10:18:07,203] {taskinstance.py:1270} INFO - Marking task as SUCCESS. dag_id=elt, task_id=cleaning, execution_date=20211127T031700, start_date=20211127T031807, end_date=20211127T031807
[2021-11-27 10:18:07,229] {local_task_job.py:154} INFO - Task exited with return code 0
[2021-11-27 10:18:07,250] {local_task_job.py:264} INFO - 1 downstream tasks scheduled from follow-on schedule check
