[2021-11-27 12:16:06,055] {taskinstance.py:1035} INFO - Dependencies all met for <TaskInstance: elt.cleaning scheduled__2021-11-27T05:15:00+00:00 [queued]>
[2021-11-27 12:16:06,060] {taskinstance.py:1035} INFO - Dependencies all met for <TaskInstance: elt.cleaning scheduled__2021-11-27T05:15:00+00:00 [queued]>
[2021-11-27 12:16:06,060] {taskinstance.py:1241} INFO - 
--------------------------------------------------------------------------------
[2021-11-27 12:16:06,060] {taskinstance.py:1242} INFO - Starting attempt 1 of 2
[2021-11-27 12:16:06,060] {taskinstance.py:1243} INFO - 
--------------------------------------------------------------------------------
[2021-11-27 12:16:06,067] {taskinstance.py:1262} INFO - Executing <Task(BashOperator): cleaning> on 2021-11-27 05:15:00+00:00
[2021-11-27 12:16:06,071] {standard_task_runner.py:52} INFO - Started process 13983 to run task
[2021-11-27 12:16:06,078] {standard_task_runner.py:76} INFO - Running: ['airflow', 'tasks', 'run', 'elt', 'cleaning', 'scheduled__2021-11-27T05:15:00+00:00', '--job-id', '679', '--raw', '--subdir', 'DAGS_FOLDER/processing.py', '--cfg-path', '/var/folders/hj/g8v71bv11_gb814qbbwch8zc0000gn/T/tmpw3m1a02n', '--error-file', '/var/folders/hj/g8v71bv11_gb814qbbwch8zc0000gn/T/tmparo3__zs']
[2021-11-27 12:16:06,081] {standard_task_runner.py:77} INFO - Job 679: Subtask cleaning
[2021-11-27 12:16:06,116] {logging_mixin.py:109} INFO - Running <TaskInstance: elt.cleaning scheduled__2021-11-27T05:15:00+00:00 [running]> on host 1.0.0.0.0.0.0.0.0.0.0.0.0.0.0.0.0.0.0.0.0.0.0.0.0.0.0.0.0.0.0.0.ip6.arpa
[2021-11-27 12:16:06,153] {taskinstance.py:1427} INFO - Exporting the following env vars:
AIRFLOW_CTX_DAG_EMAIL=airflow@example.com
AIRFLOW_CTX_DAG_OWNER=airflow
AIRFLOW_CTX_DAG_ID=elt
AIRFLOW_CTX_TASK_ID=cleaning
AIRFLOW_CTX_EXECUTION_DATE=2021-11-27T05:15:00+00:00
AIRFLOW_CTX_DAG_RUN_ID=scheduled__2021-11-27T05:15:00+00:00
[2021-11-27 12:16:06,154] {subprocess.py:62} INFO - Tmp dir root location: 
 /var/folders/hj/g8v71bv11_gb814qbbwch8zc0000gn/T
[2021-11-27 12:16:06,155] {subprocess.py:74} INFO - Running command: ['bash', '-c', '/Users/Home/Airflow/tasks/cleaning.py /Users/Home/Airflow/unzip /Users/Home/Airflow/output']
[2021-11-27 12:16:06,162] {subprocess.py:85} INFO - Output:
[2021-11-27 12:16:06,208] {subprocess.py:93} INFO - Command exited with return code 0
[2021-11-27 12:16:06,226] {taskinstance.py:1270} INFO - Marking task as SUCCESS. dag_id=elt, task_id=cleaning, execution_date=20211127T051500, start_date=20211127T051606, end_date=20211127T051606
[2021-11-27 12:16:06,262] {local_task_job.py:154} INFO - Task exited with return code 0
[2021-11-27 12:16:06,284] {local_task_job.py:264} INFO - 1 downstream tasks scheduled from follow-on schedule check
