[2021-11-27 09:49:12,241] {taskinstance.py:1035} INFO - Dependencies all met for <TaskInstance: elt.upload scheduled__2021-11-27T02:48:00+00:00 [queued]>
[2021-11-27 09:49:12,246] {taskinstance.py:1035} INFO - Dependencies all met for <TaskInstance: elt.upload scheduled__2021-11-27T02:48:00+00:00 [queued]>
[2021-11-27 09:49:12,246] {taskinstance.py:1241} INFO - 
--------------------------------------------------------------------------------
[2021-11-27 09:49:12,246] {taskinstance.py:1242} INFO - Starting attempt 1 of 2
[2021-11-27 09:49:12,246] {taskinstance.py:1243} INFO - 
--------------------------------------------------------------------------------
[2021-11-27 09:49:12,253] {taskinstance.py:1262} INFO - Executing <Task(BashOperator): upload> on 2021-11-27 02:48:00+00:00
[2021-11-27 09:49:12,256] {standard_task_runner.py:52} INFO - Started process 4963 to run task
[2021-11-27 09:49:12,261] {standard_task_runner.py:76} INFO - Running: ['airflow', 'tasks', 'run', 'elt', 'upload', 'scheduled__2021-11-27T02:48:00+00:00', '--job-id', '228', '--raw', '--subdir', 'DAGS_FOLDER/processing.py', '--cfg-path', '/var/folders/hj/g8v71bv11_gb814qbbwch8zc0000gn/T/tmp27omq7kp', '--error-file', '/var/folders/hj/g8v71bv11_gb814qbbwch8zc0000gn/T/tmpd53pno1y']
[2021-11-27 09:49:12,262] {standard_task_runner.py:77} INFO - Job 228: Subtask upload
[2021-11-27 09:49:12,290] {logging_mixin.py:109} INFO - Running <TaskInstance: elt.upload scheduled__2021-11-27T02:48:00+00:00 [running]> on host 1.0.0.0.0.0.0.0.0.0.0.0.0.0.0.0.0.0.0.0.0.0.0.0.0.0.0.0.0.0.0.0.ip6.arpa
[2021-11-27 09:49:12,316] {taskinstance.py:1427} INFO - Exporting the following env vars:
AIRFLOW_CTX_DAG_EMAIL=airflow@example.com
AIRFLOW_CTX_DAG_OWNER=airflow
AIRFLOW_CTX_DAG_ID=elt
AIRFLOW_CTX_TASK_ID=upload
AIRFLOW_CTX_EXECUTION_DATE=2021-11-27T02:48:00+00:00
AIRFLOW_CTX_DAG_RUN_ID=scheduled__2021-11-27T02:48:00+00:00
[2021-11-27 09:49:12,317] {subprocess.py:62} INFO - Tmp dir root location: 
 /var/folders/hj/g8v71bv11_gb814qbbwch8zc0000gn/T
[2021-11-27 09:49:12,317] {subprocess.py:74} INFO - Running command: ['bash', '-c', '/Users/Home/Airflow/tasks/cleaning.py /Users/Home/Airflow/output worldbank']
[2021-11-27 09:49:12,323] {subprocess.py:85} INFO - Output:
[2021-11-27 09:49:12,368] {subprocess.py:89} INFO - rm: /Users/Home/Airflow/output/*API_AG.LND.CROP.ZS_DS2_en_csv_v2_3163899.csv: No such file or directory
[2021-11-27 09:49:12,373] {subprocess.py:89} INFO - rm: /Users/Home/Airflow/output/*API_AG.PRD.LVSK.XD_DS2_en_csv_v2_3161120.csv: No such file or directory
[2021-11-27 09:49:12,379] {subprocess.py:89} INFO - rm: /Users/Home/Airflow/output/*API_SP.RUR.TOTL.ZS_DS2_en_csv_v2_3160121.csv: No such file or directory
[2021-11-27 09:49:12,384] {subprocess.py:89} INFO - rm: /Users/Home/Airflow/output/*API_SH.TBS.INCD_DS2_en_csv_v2_3165510.csv: No such file or directory
[2021-11-27 09:49:12,389] {subprocess.py:89} INFO - rm: /Users/Home/Airflow/output/*API_SP.RUR.TOTL_DS2_en_csv_v2_3163192.csv: No such file or directory
[2021-11-27 09:49:12,394] {subprocess.py:89} INFO - rm: /Users/Home/Airflow/output/*API_AG.SRF.TOTL.K2_DS2_en_csv_v2_3160371.csv: No such file or directory
[2021-11-27 09:49:12,398] {subprocess.py:89} INFO - rm: /Users/Home/Airflow/output/*API_BX.GRT.EXTA.CD.WD_DS2_en_csv_v2_3163964.csv: No such file or directory
[2021-11-27 09:49:12,404] {subprocess.py:89} INFO - rm: /Users/Home/Airflow/output/*API_SI.DST.FRST.20_DS2_en_csv_v2_3165548.csv: No such file or directory
[2021-11-27 09:49:12,404] {subprocess.py:89} INFO - API_AG.LND.CROP.ZS_DS2_en_csv_v2_3163899.csv
[2021-11-27 09:49:12,405] {subprocess.py:89} INFO - API_AG.PRD.LVSK.XD_DS2_en_csv_v2_3161120.csv
[2021-11-27 09:49:12,405] {subprocess.py:89} INFO - API_SP.RUR.TOTL.ZS_DS2_en_csv_v2_3160121.csv
[2021-11-27 09:49:12,405] {subprocess.py:89} INFO - API_SH.TBS.INCD_DS2_en_csv_v2_3165510.csv
[2021-11-27 09:49:12,405] {subprocess.py:89} INFO - API_SP.RUR.TOTL_DS2_en_csv_v2_3163192.csv
[2021-11-27 09:49:12,405] {subprocess.py:89} INFO - API_AG.SRF.TOTL.K2_DS2_en_csv_v2_3160371.csv
[2021-11-27 09:49:12,406] {subprocess.py:89} INFO - API_BX.GRT.EXTA.CD.WD_DS2_en_csv_v2_3163964.csv
[2021-11-27 09:49:12,406] {subprocess.py:89} INFO - API_SI.DST.FRST.20_DS2_en_csv_v2_3165548.csv
[2021-11-27 09:49:12,410] {subprocess.py:93} INFO - Command exited with return code 0
[2021-11-27 09:49:12,429] {taskinstance.py:1270} INFO - Marking task as SUCCESS. dag_id=elt, task_id=upload, execution_date=20211127T024800, start_date=20211127T024912, end_date=20211127T024912
[2021-11-27 09:49:12,493] {local_task_job.py:154} INFO - Task exited with return code 0
[2021-11-27 09:49:12,513] {local_task_job.py:264} INFO - 0 downstream tasks scheduled from follow-on schedule check
