[2021-11-27 07:25:07,086] {taskinstance.py:1035} INFO - Dependencies all met for <TaskInstance: elt.upload scheduled__2021-11-27T00:22:00+00:00 [queued]>
[2021-11-27 07:25:07,093] {taskinstance.py:1035} INFO - Dependencies all met for <TaskInstance: elt.upload scheduled__2021-11-27T00:22:00+00:00 [queued]>
[2021-11-27 07:25:07,094] {taskinstance.py:1241} INFO - 
--------------------------------------------------------------------------------
[2021-11-27 07:25:07,094] {taskinstance.py:1242} INFO - Starting attempt 1 of 2
[2021-11-27 07:25:07,094] {taskinstance.py:1243} INFO - 
--------------------------------------------------------------------------------
[2021-11-27 07:25:07,102] {taskinstance.py:1262} INFO - Executing <Task(BashOperator): upload> on 2021-11-27 00:22:00+00:00
[2021-11-27 07:25:07,104] {standard_task_runner.py:52} INFO - Started process 3909 to run task
[2021-11-27 07:25:07,109] {standard_task_runner.py:76} INFO - Running: ['airflow', 'tasks', 'run', 'elt', 'upload', 'scheduled__2021-11-27T00:22:00+00:00', '--job-id', '161', '--raw', '--subdir', 'DAGS_FOLDER/processing.py', '--cfg-path', '/var/folders/hj/g8v71bv11_gb814qbbwch8zc0000gn/T/tmpbf6sfuv2', '--error-file', '/var/folders/hj/g8v71bv11_gb814qbbwch8zc0000gn/T/tmpqaz88h6g']
[2021-11-27 07:25:07,111] {standard_task_runner.py:77} INFO - Job 161: Subtask upload
[2021-11-27 07:25:12,139] {logging_mixin.py:109} INFO - Running <TaskInstance: elt.upload scheduled__2021-11-27T00:22:00+00:00 [running]> on host MacBookPro.local
[2021-11-27 07:25:17,180] {taskinstance.py:1427} INFO - Exporting the following env vars:
AIRFLOW_CTX_DAG_EMAIL=airflow@example.com
AIRFLOW_CTX_DAG_OWNER=airflow
AIRFLOW_CTX_DAG_ID=elt
AIRFLOW_CTX_TASK_ID=upload
AIRFLOW_CTX_EXECUTION_DATE=2021-11-27T00:22:00+00:00
AIRFLOW_CTX_DAG_RUN_ID=scheduled__2021-11-27T00:22:00+00:00
[2021-11-27 07:25:17,180] {subprocess.py:62} INFO - Tmp dir root location: 
 /var/folders/hj/g8v71bv11_gb814qbbwch8zc0000gn/T
[2021-11-27 07:25:17,181] {subprocess.py:74} INFO - Running command: ['bash', '-c', '/Users/Home/Airflow/tasks/cleaning.py /Users/Home/Airflow/output worldbank']
[2021-11-27 07:25:17,187] {subprocess.py:85} INFO - Output:
[2021-11-27 07:25:17,234] {subprocess.py:93} INFO - Command exited with return code 0
[2021-11-27 07:25:17,248] {taskinstance.py:1270} INFO - Marking task as SUCCESS. dag_id=elt, task_id=upload, execution_date=20211127T002200, start_date=20211127T002507, end_date=20211127T002517
[2021-11-27 07:25:17,284] {local_task_job.py:154} INFO - Task exited with return code 0
[2021-11-27 07:25:17,301] {local_task_job.py:264} INFO - 0 downstream tasks scheduled from follow-on schedule check
