[2021-11-27 06:13:18,598] {taskinstance.py:1035} INFO - Dependencies all met for <TaskInstance: elt.unzip scheduled__2021-11-26T23:07:00+00:00 [queued]>
[2021-11-27 06:13:18,603] {taskinstance.py:1035} INFO - Dependencies all met for <TaskInstance: elt.unzip scheduled__2021-11-26T23:07:00+00:00 [queued]>
[2021-11-27 06:13:18,604] {taskinstance.py:1241} INFO - 
--------------------------------------------------------------------------------
[2021-11-27 06:13:18,604] {taskinstance.py:1242} INFO - Starting attempt 1 of 2
[2021-11-27 06:13:18,604] {taskinstance.py:1243} INFO - 
--------------------------------------------------------------------------------
[2021-11-27 06:13:18,611] {taskinstance.py:1262} INFO - Executing <Task(BashOperator): unzip> on 2021-11-26 23:07:00+00:00
[2021-11-27 06:13:18,613] {standard_task_runner.py:52} INFO - Started process 1851 to run task
[2021-11-27 06:13:18,618] {standard_task_runner.py:76} INFO - Running: ['airflow', 'tasks', 'run', 'elt', 'unzip', 'scheduled__2021-11-26T23:07:00+00:00', '--job-id', '16', '--raw', '--subdir', 'DAGS_FOLDER/processing.py', '--cfg-path', '/var/folders/hj/g8v71bv11_gb814qbbwch8zc0000gn/T/tmpghc3_n8j', '--error-file', '/var/folders/hj/g8v71bv11_gb814qbbwch8zc0000gn/T/tmpeqgkdxh5']
[2021-11-27 06:13:18,620] {standard_task_runner.py:77} INFO - Job 16: Subtask unzip
[2021-11-27 06:13:18,650] {logging_mixin.py:109} INFO - Running <TaskInstance: elt.unzip scheduled__2021-11-26T23:07:00+00:00 [running]> on host 1.0.0.0.0.0.0.0.0.0.0.0.0.0.0.0.0.0.0.0.0.0.0.0.0.0.0.0.0.0.0.0.ip6.arpa
[2021-11-27 06:13:18,675] {taskinstance.py:1427} INFO - Exporting the following env vars:
AIRFLOW_CTX_DAG_EMAIL=airflow@example.com
AIRFLOW_CTX_DAG_OWNER=airflow
AIRFLOW_CTX_DAG_ID=elt
AIRFLOW_CTX_TASK_ID=unzip
AIRFLOW_CTX_EXECUTION_DATE=2021-11-26T23:07:00+00:00
AIRFLOW_CTX_DAG_RUN_ID=scheduled__2021-11-26T23:07:00+00:00
[2021-11-27 06:13:18,675] {subprocess.py:62} INFO - Tmp dir root location: 
 /var/folders/hj/g8v71bv11_gb814qbbwch8zc0000gn/T
[2021-11-27 06:13:18,676] {subprocess.py:74} INFO - Running command: ['bash', '-c', '/Users/Home/Airflow/tasks/unzip.py /Users/Home/Airflow/down /Users/Home/Airflow/unzip']
[2021-11-27 06:13:18,681] {subprocess.py:85} INFO - Output:
[2021-11-27 06:13:18,858] {subprocess.py:89} INFO - /Users/Home/Airflow/down/surface-area-sq-km.zip
[2021-11-27 06:13:18,858] {subprocess.py:89} INFO - /Users/Home/Airflow/down/livestock-production-index-2014-2016-100.zip
[2021-11-27 06:13:18,858] {subprocess.py:89} INFO - /Users/Home/Airflow/down/net-migration.zip
[2021-11-27 06:13:18,859] {subprocess.py:89} INFO - /Users/Home/Airflow/down/maternal-mortality-ratio-modeled-estimate-per-100000-live-births.zip
[2021-11-27 06:13:18,859] {subprocess.py:89} INFO - /Users/Home/Airflow/down/incidence-of-tuberculosis-per-100000-people.zip
[2021-11-27 06:13:18,859] {subprocess.py:89} INFO - /Users/Home/Airflow/down/forest-area-of-land-area.zip
[2021-11-27 06:13:18,859] {subprocess.py:89} INFO - /Users/Home/Airflow/down/net-oda-received-per-capita-current-us.zip
[2021-11-27 06:13:18,859] {subprocess.py:89} INFO - /Users/Home/Airflow/down/agriculture-forestry-and-fishing-value-added-of-gdp.zip
[2021-11-27 06:13:18,860] {subprocess.py:89} INFO - /Users/Home/Airflow/down/mortality-rate-under-5-per-1000-live-births.zip
[2021-11-27 06:13:18,860] {subprocess.py:89} INFO - /Users/Home/Airflow/down/net-oda-received-of-central-government-expense.zip
[2021-11-27 06:13:18,860] {subprocess.py:89} INFO - /Users/Home/Airflow/down/land-under-cereal-production-hectares.zip
[2021-11-27 06:13:18,860] {subprocess.py:89} INFO - /Users/Home/Airflow/down/grants-excluding-technical-cooperation-bop-current-us.zip
[2021-11-27 06:13:18,860] {subprocess.py:89} INFO - /Users/Home/Airflow/down/employment-in-agriculture-male-of-male-employment-modeled-ilo-estimate.zip
[2021-11-27 06:13:18,861] {subprocess.py:89} INFO - /Users/Home/Airflow/down/net-oda-received-of-gross-capital-formation.zip
[2021-11-27 06:13:18,861] {subprocess.py:89} INFO - /Users/Home/Airflow/down/agricultural-machinery-tractors-per-100-sq-km-of-arable-land.zip
[2021-11-27 06:13:18,862] {subprocess.py:89} INFO - /Users/Home/Airflow/down/pregnant-women-receiving-prenatal-care.zip
[2021-11-27 06:13:18,862] {subprocess.py:89} INFO - /Users/Home/Airflow/down/cereal-yield-kg-per-hectare.zip
[2021-11-27 06:13:18,862] {subprocess.py:89} INFO - /Users/Home/Airflow/down/food-production-index-2014-2016-100.zip
[2021-11-27 06:13:18,863] {subprocess.py:89} INFO - /Users/Home/Airflow/down/arable-land-hectares-per-person.zip
[2021-11-27 06:13:18,863] {subprocess.py:89} INFO - /Users/Home/Airflow/down/prevalence-of-hiv-total-of-population-ages-15-49.zip
[2021-11-27 06:13:18,863] {subprocess.py:89} INFO - /Users/Home/Airflow/down/net-oda-received-of-imports-of-goods-services-and-primary-income.zip
[2021-11-27 06:13:18,864] {subprocess.py:89} INFO - /Users/Home/Airflow/down/poverty-headcount-ratio-at-1-90-a-day-2011-ppp-of-population.zip
[2021-11-27 06:13:18,864] {subprocess.py:89} INFO - /Users/Home/Airflow/down/employment-in-agriculture-female-of-female-employment-modeled-ilo-estimate.zip
[2021-11-27 06:13:18,865] {subprocess.py:89} INFO - /Users/Home/Airflow/down/land-area-sq-km.zip
[2021-11-27 06:13:18,865] {subprocess.py:89} INFO - /Users/Home/Airflow/down/primary-completion-rate-total-of-relevant-age-group.zip
[2021-11-27 06:13:18,865] {subprocess.py:89} INFO - /Users/Home/Airflow/down/crop-production-index-2014-2016-100.zip
[2021-11-27 06:13:18,866] {subprocess.py:89} INFO - /Users/Home/Airflow/down/prevalence-of-stunting-height-for-age-of-children-under-5.zip
[2021-11-27 06:13:18,866] {subprocess.py:89} INFO - /Users/Home/Airflow/down/forest-area-sq-km.zip
[2021-11-27 06:13:18,866] {subprocess.py:89} INFO - /Users/Home/Airflow/down/fertilizer-consumption-kilograms-per-hectare-of-arable-land.zip
[2021-11-27 06:13:18,866] {subprocess.py:89} INFO - /Users/Home/Airflow/down/net-oda-received-of-gni.zip
[2021-11-27 06:13:18,866] {subprocess.py:89} INFO - /Users/Home/Airflow/down/net-official-development-assistance-received-current-us.zip
[2021-11-27 06:13:18,867] {subprocess.py:89} INFO - /Users/Home/Airflow/down/rural-population.zip
[2021-11-27 06:13:18,867] {subprocess.py:89} INFO - /Users/Home/Airflow/down/agricultural-land-of-land-area.zip
[2021-11-27 06:13:18,867] {subprocess.py:89} INFO - /Users/Home/Airflow/down/agricultural-irrigated-land-of-total-agricultural-land.zip
[2021-11-27 06:13:18,867] {subprocess.py:89} INFO - /Users/Home/Airflow/down/arable-land-of-land-area.zip
[2021-11-27 06:13:18,868] {subprocess.py:89} INFO - /Users/Home/Airflow/down/income-share-held-by-lowest-20.zip
[2021-11-27 06:13:18,868] {subprocess.py:89} INFO - /Users/Home/Airflow/down/rural-population-of-total-population.zip
[2021-11-27 06:13:18,868] {subprocess.py:89} INFO - /Users/Home/Airflow/down/permanent-cropland-of-land-area.zip
[2021-11-27 06:13:18,868] {subprocess.py:89} INFO - /Users/Home/Airflow/down/school-enrollment-primary-and-secondary-gross-gender-parity-index-gpi.zip
[2021-11-27 06:13:18,869] {subprocess.py:93} INFO - Command exited with return code 0
[2021-11-27 06:13:18,883] {taskinstance.py:1270} INFO - Marking task as SUCCESS. dag_id=elt, task_id=unzip, execution_date=20211126T230700, start_date=20211126T231318, end_date=20211126T231318
[2021-11-27 06:13:18,933] {local_task_job.py:154} INFO - Task exited with return code 0
[2021-11-27 06:13:18,970] {local_task_job.py:264} INFO - 1 downstream tasks scheduled from follow-on schedule check
