[2021-11-27 09:49:08,169] {taskinstance.py:1035} INFO - Dependencies all met for <TaskInstance: elt.cleaning scheduled__2021-11-27T02:48:00+00:00 [queued]>
[2021-11-27 09:49:08,174] {taskinstance.py:1035} INFO - Dependencies all met for <TaskInstance: elt.cleaning scheduled__2021-11-27T02:48:00+00:00 [queued]>
[2021-11-27 09:49:08,174] {taskinstance.py:1241} INFO - 
--------------------------------------------------------------------------------
[2021-11-27 09:49:08,174] {taskinstance.py:1242} INFO - Starting attempt 1 of 2
[2021-11-27 09:49:08,174] {taskinstance.py:1243} INFO - 
--------------------------------------------------------------------------------
[2021-11-27 09:49:08,181] {taskinstance.py:1262} INFO - Executing <Task(BashOperator): cleaning> on 2021-11-27 02:48:00+00:00
[2021-11-27 09:49:08,183] {standard_task_runner.py:52} INFO - Started process 4950 to run task
[2021-11-27 09:49:08,188] {standard_task_runner.py:76} INFO - Running: ['airflow', 'tasks', 'run', 'elt', 'cleaning', 'scheduled__2021-11-27T02:48:00+00:00', '--job-id', '227', '--raw', '--subdir', 'DAGS_FOLDER/processing.py', '--cfg-path', '/var/folders/hj/g8v71bv11_gb814qbbwch8zc0000gn/T/tmp_b2jrf0k', '--error-file', '/var/folders/hj/g8v71bv11_gb814qbbwch8zc0000gn/T/tmp6kd3nl5_']
[2021-11-27 09:49:08,190] {standard_task_runner.py:77} INFO - Job 227: Subtask cleaning
[2021-11-27 09:49:08,216] {logging_mixin.py:109} INFO - Running <TaskInstance: elt.cleaning scheduled__2021-11-27T02:48:00+00:00 [running]> on host 1.0.0.0.0.0.0.0.0.0.0.0.0.0.0.0.0.0.0.0.0.0.0.0.0.0.0.0.0.0.0.0.ip6.arpa
[2021-11-27 09:49:08,243] {taskinstance.py:1427} INFO - Exporting the following env vars:
AIRFLOW_CTX_DAG_EMAIL=airflow@example.com
AIRFLOW_CTX_DAG_OWNER=airflow
AIRFLOW_CTX_DAG_ID=elt
AIRFLOW_CTX_TASK_ID=cleaning
AIRFLOW_CTX_EXECUTION_DATE=2021-11-27T02:48:00+00:00
AIRFLOW_CTX_DAG_RUN_ID=scheduled__2021-11-27T02:48:00+00:00
[2021-11-27 09:49:08,244] {subprocess.py:62} INFO - Tmp dir root location: 
 /var/folders/hj/g8v71bv11_gb814qbbwch8zc0000gn/T
[2021-11-27 09:49:08,244] {subprocess.py:74} INFO - Running command: ['bash', '-c', '/Users/Home/Airflow/tasks/cleaning.py /Users/Home/Airflow/unzip /Users/Home/Airflow/output']
[2021-11-27 09:49:08,249] {subprocess.py:85} INFO - Output:
[2021-11-27 09:49:08,561] {subprocess.py:89} INFO - API_AG.LND.CROP.ZS_DS2_en_csv_v2_3163899.csv
[2021-11-27 09:49:08,562] {subprocess.py:89} INFO - API_AG.PRD.LVSK.XD_DS2_en_csv_v2_3161120.csv
[2021-11-27 09:49:08,562] {subprocess.py:89} INFO - API_SP.RUR.TOTL.ZS_DS2_en_csv_v2_3160121.csv
[2021-11-27 09:49:08,563] {subprocess.py:89} INFO - API_SH.TBS.INCD_DS2_en_csv_v2_3165510.csv
[2021-11-27 09:49:08,563] {subprocess.py:89} INFO - API_SP.RUR.TOTL_DS2_en_csv_v2_3163192.csv
[2021-11-27 09:49:08,564] {subprocess.py:89} INFO - API_AG.SRF.TOTL.K2_DS2_en_csv_v2_3160371.csv
[2021-11-27 09:49:08,564] {subprocess.py:89} INFO - API_BX.GRT.EXTA.CD.WD_DS2_en_csv_v2_3163964.csv
[2021-11-27 09:49:08,564] {subprocess.py:89} INFO - API_SI.DST.FRST.20_DS2_en_csv_v2_3165548.csv
[2021-11-27 09:49:08,570] {subprocess.py:93} INFO - Command exited with return code 0
[2021-11-27 09:49:08,590] {taskinstance.py:1270} INFO - Marking task as SUCCESS. dag_id=elt, task_id=cleaning, execution_date=20211127T024800, start_date=20211127T024908, end_date=20211127T024908
[2021-11-27 09:49:08,621] {local_task_job.py:154} INFO - Task exited with return code 0
[2021-11-27 09:49:08,648] {local_task_job.py:264} INFO - 1 downstream tasks scheduled from follow-on schedule check
