[2021-11-27 06:15:56,729] {taskinstance.py:1035} INFO - Dependencies all met for <TaskInstance: elt.cleaning manual__2021-11-26T23:15:50.640586+00:00 [queued]>
[2021-11-27 06:15:56,735] {taskinstance.py:1035} INFO - Dependencies all met for <TaskInstance: elt.cleaning manual__2021-11-26T23:15:50.640586+00:00 [queued]>
[2021-11-27 06:15:56,736] {taskinstance.py:1241} INFO - 
--------------------------------------------------------------------------------
[2021-11-27 06:15:56,736] {taskinstance.py:1242} INFO - Starting attempt 1 of 2
[2021-11-27 06:15:56,736] {taskinstance.py:1243} INFO - 
--------------------------------------------------------------------------------
[2021-11-27 06:15:56,743] {taskinstance.py:1262} INFO - Executing <Task(BashOperator): cleaning> on 2021-11-26 23:15:50.640586+00:00
[2021-11-27 06:15:56,745] {standard_task_runner.py:52} INFO - Started process 2136 to run task
[2021-11-27 06:15:56,750] {standard_task_runner.py:76} INFO - Running: ['airflow', 'tasks', 'run', 'elt', 'cleaning', 'manual__2021-11-26T23:15:50.640586+00:00', '--job-id', '32', '--raw', '--subdir', 'DAGS_FOLDER/processing.py', '--cfg-path', '/var/folders/hj/g8v71bv11_gb814qbbwch8zc0000gn/T/tmp0d7s_5g2', '--error-file', '/var/folders/hj/g8v71bv11_gb814qbbwch8zc0000gn/T/tmpbrwxthlv']
[2021-11-27 06:15:56,752] {standard_task_runner.py:77} INFO - Job 32: Subtask cleaning
[2021-11-27 06:15:56,786] {logging_mixin.py:109} INFO - Running <TaskInstance: elt.cleaning manual__2021-11-26T23:15:50.640586+00:00 [running]> on host 1.0.0.0.0.0.0.0.0.0.0.0.0.0.0.0.0.0.0.0.0.0.0.0.0.0.0.0.0.0.0.0.ip6.arpa
[2021-11-27 06:15:56,812] {taskinstance.py:1427} INFO - Exporting the following env vars:
AIRFLOW_CTX_DAG_EMAIL=airflow@example.com
AIRFLOW_CTX_DAG_OWNER=airflow
AIRFLOW_CTX_DAG_ID=elt
AIRFLOW_CTX_TASK_ID=cleaning
AIRFLOW_CTX_EXECUTION_DATE=2021-11-26T23:15:50.640586+00:00
AIRFLOW_CTX_DAG_RUN_ID=manual__2021-11-26T23:15:50.640586+00:00
[2021-11-27 06:15:56,813] {subprocess.py:62} INFO - Tmp dir root location: 
 /var/folders/hj/g8v71bv11_gb814qbbwch8zc0000gn/T
[2021-11-27 06:15:56,813] {subprocess.py:74} INFO - Running command: ['bash', '-c', '/Users/Home/Airflow/tasks/cleaning.py /Users/Home/Airflow/unzip /Users/Home/Airflow/output']
[2021-11-27 06:15:56,819] {subprocess.py:85} INFO - Output:
[2021-11-27 06:15:56,901] {subprocess.py:89} INFO - API_AG.CON.FERT.ZS_DS2_en_csv_v2_3159437.csv
[2021-11-27 06:15:56,902] {subprocess.py:89} INFO - API_AG.LND.FRST.ZS_DS2_en_csv_v2_3158992.csv
[2021-11-27 06:15:56,902] {subprocess.py:89} INFO - API_AG.PRD.FOOD.XD_DS2_en_csv_v2_3159905.csv
[2021-11-27 06:15:56,902] {subprocess.py:89} INFO - API_SL.AGR.EMPL.MA.ZS_DS2_en_csv_v2_3165572.csv
[2021-11-27 06:15:56,903] {subprocess.py:89} INFO - API_SL.AGR.EMPL.FE.ZS_DS2_en_csv_v2_3165570.csv
[2021-11-27 06:15:56,903] {subprocess.py:89} INFO - API_AG.PRD.CROP.XD_DS2_en_csv_v2_3159593.csv
[2021-11-27 06:15:56,907] {subprocess.py:93} INFO - Command exited with return code 0
[2021-11-27 06:15:56,920] {taskinstance.py:1270} INFO - Marking task as SUCCESS. dag_id=elt, task_id=cleaning, execution_date=20211126T231550, start_date=20211126T231556, end_date=20211126T231556
[2021-11-27 06:15:56,938] {local_task_job.py:154} INFO - Task exited with return code 0
[2021-11-27 06:15:56,954] {local_task_job.py:264} INFO - 1 downstream tasks scheduled from follow-on schedule check
