[2021-11-27 11:53:03,482] {taskinstance.py:1035} INFO - Dependencies all met for <TaskInstance: elt.unzip scheduled__2021-11-27T04:52:00+00:00 [queued]>
[2021-11-27 11:53:03,486] {taskinstance.py:1035} INFO - Dependencies all met for <TaskInstance: elt.unzip scheduled__2021-11-27T04:52:00+00:00 [queued]>
[2021-11-27 11:53:03,487] {taskinstance.py:1035} INFO - Dependencies all met for <TaskInstance: elt.unzip scheduled__2021-11-27T04:52:00+00:00 [queued]>
[2021-11-27 11:53:03,487] {taskinstance.py:1241} INFO - 
--------------------------------------------------------------------------------
[2021-11-27 11:53:03,487] {taskinstance.py:1242} INFO - Starting attempt 1 of 2
[2021-11-27 11:53:03,487] {taskinstance.py:1243} INFO - 
--------------------------------------------------------------------------------
[2021-11-27 11:53:03,492] {taskinstance.py:1035} INFO - Dependencies all met for <TaskInstance: elt.unzip scheduled__2021-11-27T04:52:00+00:00 [queued]>
[2021-11-27 11:53:03,492] {taskinstance.py:1241} INFO - 
--------------------------------------------------------------------------------
[2021-11-27 11:53:03,492] {taskinstance.py:1242} INFO - Starting attempt 1 of 2
[2021-11-27 11:53:03,492] {taskinstance.py:1243} INFO - 
--------------------------------------------------------------------------------
[2021-11-27 11:53:03,497] {taskinstance.py:1262} INFO - Executing <Task(BashOperator): unzip> on 2021-11-27 04:52:00+00:00
[2021-11-27 11:53:03,499] {standard_task_runner.py:52} INFO - Started process 12588 to run task
[2021-11-27 11:53:03,502] {taskinstance.py:1262} INFO - Executing <Task(BashOperator): unzip> on 2021-11-27 04:52:00+00:00
[2021-11-27 11:53:03,504] {standard_task_runner.py:52} INFO - Started process 12589 to run task
[2021-11-27 11:53:03,504] {standard_task_runner.py:76} INFO - Running: ['airflow', 'tasks', 'run', 'elt', 'unzip', 'scheduled__2021-11-27T04:52:00+00:00', '--job-id', '607', '--raw', '--subdir', 'DAGS_FOLDER/processing.py', '--cfg-path', '/var/folders/hj/g8v71bv11_gb814qbbwch8zc0000gn/T/tmpwbp2j7bt', '--error-file', '/var/folders/hj/g8v71bv11_gb814qbbwch8zc0000gn/T/tmpia8uzfoa']
[2021-11-27 11:53:03,505] {standard_task_runner.py:77} INFO - Job 607: Subtask unzip
[2021-11-27 11:53:03,508] {standard_task_runner.py:76} INFO - Running: ['airflow', 'tasks', 'run', 'elt', 'unzip', 'scheduled__2021-11-27T04:52:00+00:00', '--job-id', '608', '--raw', '--subdir', 'DAGS_FOLDER/processing.py', '--cfg-path', '/var/folders/hj/g8v71bv11_gb814qbbwch8zc0000gn/T/tmpw1pl31og', '--error-file', '/var/folders/hj/g8v71bv11_gb814qbbwch8zc0000gn/T/tmpmuhzvc0c']
[2021-11-27 11:53:03,510] {standard_task_runner.py:77} INFO - Job 608: Subtask unzip
[2021-11-27 11:53:03,533] {logging_mixin.py:109} INFO - Running <TaskInstance: elt.unzip scheduled__2021-11-27T04:52:00+00:00 [running]> on host 1.0.0.0.0.0.0.0.0.0.0.0.0.0.0.0.0.0.0.0.0.0.0.0.0.0.0.0.0.0.0.0.ip6.arpa
[2021-11-27 11:53:03,538] {logging_mixin.py:109} INFO - Running <TaskInstance: elt.unzip scheduled__2021-11-27T04:52:00+00:00 [running]> on host 1.0.0.0.0.0.0.0.0.0.0.0.0.0.0.0.0.0.0.0.0.0.0.0.0.0.0.0.0.0.0.0.ip6.arpa
[2021-11-27 11:53:03,560] {taskinstance.py:1427} INFO - Exporting the following env vars:
AIRFLOW_CTX_DAG_EMAIL=airflow@example.com
AIRFLOW_CTX_DAG_OWNER=airflow
AIRFLOW_CTX_DAG_ID=elt
AIRFLOW_CTX_TASK_ID=unzip
AIRFLOW_CTX_EXECUTION_DATE=2021-11-27T04:52:00+00:00
AIRFLOW_CTX_DAG_RUN_ID=scheduled__2021-11-27T04:52:00+00:00
[2021-11-27 11:53:03,560] {subprocess.py:62} INFO - Tmp dir root location: 
 /var/folders/hj/g8v71bv11_gb814qbbwch8zc0000gn/T
[2021-11-27 11:53:03,561] {subprocess.py:74} INFO - Running command: ['bash', '-c', '/Users/Home/Airflow/tasks/unzip.py /Users/Home/Airflow/down /Users/Home/Airflow/unzip']
[2021-11-27 11:53:03,561] {taskinstance.py:1427} INFO - Exporting the following env vars:
AIRFLOW_CTX_DAG_EMAIL=airflow@example.com
AIRFLOW_CTX_DAG_OWNER=airflow
AIRFLOW_CTX_DAG_ID=elt
AIRFLOW_CTX_TASK_ID=unzip
AIRFLOW_CTX_EXECUTION_DATE=2021-11-27T04:52:00+00:00
AIRFLOW_CTX_DAG_RUN_ID=scheduled__2021-11-27T04:52:00+00:00
[2021-11-27 11:53:03,562] {subprocess.py:62} INFO - Tmp dir root location: 
 /var/folders/hj/g8v71bv11_gb814qbbwch8zc0000gn/T
[2021-11-27 11:53:03,563] {subprocess.py:74} INFO - Running command: ['bash', '-c', '/Users/Home/Airflow/tasks/unzip.py /Users/Home/Airflow/down /Users/Home/Airflow/unzip']
[2021-11-27 11:53:03,566] {subprocess.py:85} INFO - Output:
[2021-11-27 11:53:03,568] {subprocess.py:85} INFO - Output:
[2021-11-27 11:53:03,622] {subprocess.py:93} INFO - Command exited with return code 0
[2021-11-27 11:53:03,622] {subprocess.py:93} INFO - Command exited with return code 0
[2021-11-27 11:53:03,638] {taskinstance.py:1270} INFO - Marking task as SUCCESS. dag_id=elt, task_id=unzip, execution_date=20211127T045200, start_date=20211127T045303, end_date=20211127T045303
[2021-11-27 11:53:03,640] {taskinstance.py:1270} INFO - Marking task as SUCCESS. dag_id=elt, task_id=unzip, execution_date=20211127T045200, start_date=20211127T045303, end_date=20211127T045303
[2021-11-27 11:53:03,650] {local_task_job.py:154} INFO - Task exited with return code 0
[2021-11-27 11:53:03,670] {local_task_job.py:264} INFO - 1 downstream tasks scheduled from follow-on schedule check
[2021-11-27 11:53:03,681] {local_task_job.py:154} INFO - Task exited with return code 0
[2021-11-27 11:53:03,699] {local_task_job.py:264} INFO - 0 downstream tasks scheduled from follow-on schedule check
