[2021-11-27 05:11:41,145] {taskinstance.py:1035} INFO - Dependencies all met for <TaskInstance: elt.unzip scheduled__2021-11-26T22:10:00+00:00 [queued]>
[2021-11-27 05:11:41,163] {taskinstance.py:1035} INFO - Dependencies all met for <TaskInstance: elt.unzip scheduled__2021-11-26T22:10:00+00:00 [queued]>
[2021-11-27 05:11:41,164] {taskinstance.py:1241} INFO - 
--------------------------------------------------------------------------------
[2021-11-27 05:11:41,164] {taskinstance.py:1242} INFO - Starting attempt 1 of 2
[2021-11-27 05:11:41,164] {taskinstance.py:1243} INFO - 
--------------------------------------------------------------------------------
[2021-11-27 05:11:41,173] {taskinstance.py:1262} INFO - Executing <Task(BashOperator): unzip> on 2021-11-26 22:10:00+00:00
[2021-11-27 05:11:41,175] {standard_task_runner.py:52} INFO - Started process 19921 to run task
[2021-11-27 05:11:41,182] {standard_task_runner.py:76} INFO - Running: ['airflow', 'tasks', 'run', 'elt', 'unzip', 'scheduled__2021-11-26T22:10:00+00:00', '--job-id', '4', '--raw', '--subdir', 'DAGS_FOLDER/processing.py', '--cfg-path', '/var/folders/hj/g8v71bv11_gb814qbbwch8zc0000gn/T/tmp5gpgsp87', '--error-file', '/var/folders/hj/g8v71bv11_gb814qbbwch8zc0000gn/T/tmpf8yu6_s0']
[2021-11-27 05:11:41,207] {standard_task_runner.py:77} INFO - Job 4: Subtask unzip
[2021-11-27 05:11:41,246] {logging_mixin.py:109} INFO - Running <TaskInstance: elt.unzip scheduled__2021-11-26T22:10:00+00:00 [running]> on host 1.0.0.0.0.0.0.0.0.0.0.0.0.0.0.0.0.0.0.0.0.0.0.0.0.0.0.0.0.0.0.0.ip6.arpa
[2021-11-27 05:11:41,351] {taskinstance.py:1427} INFO - Exporting the following env vars:
AIRFLOW_CTX_DAG_EMAIL=airflow@example.com
AIRFLOW_CTX_DAG_OWNER=airflow
AIRFLOW_CTX_DAG_ID=elt
AIRFLOW_CTX_TASK_ID=unzip
AIRFLOW_CTX_EXECUTION_DATE=2021-11-26T22:10:00+00:00
AIRFLOW_CTX_DAG_RUN_ID=scheduled__2021-11-26T22:10:00+00:00
[2021-11-27 05:11:41,352] {subprocess.py:62} INFO - Tmp dir root location: 
 /var/folders/hj/g8v71bv11_gb814qbbwch8zc0000gn/T
[2021-11-27 05:11:41,353] {subprocess.py:74} INFO - Running command: ['bash', '-c', '/Users/Home/Airflow/tasks/unzip.py /Users/Home/Airflow/down /Users/Home/Airflow/unzip']
[2021-11-27 05:11:41,368] {subprocess.py:85} INFO - Output:
[2021-11-27 05:11:42,070] {subprocess.py:89} INFO - /Users/Home/Airflow/down/aid-effectiveness/net-migration.zip
[2021-11-27 05:11:42,071] {subprocess.py:89} INFO - /Users/Home/Airflow/down/aid-effectiveness/maternal-mortality-ratio-modeled-estimate-per-100000-live-births.zip
[2021-11-27 05:11:42,071] {subprocess.py:89} INFO - /Users/Home/Airflow/down/aid-effectiveness/incidence-of-tuberculosis-per-100000-people.zip
[2021-11-27 05:11:42,071] {subprocess.py:89} INFO - /Users/Home/Airflow/down/aid-effectiveness/net-oda-received-per-capita-current-us.zip
[2021-11-27 05:11:42,072] {subprocess.py:89} INFO - /Users/Home/Airflow/down/aid-effectiveness/mortality-rate-under-5-per-1000-live-births.zip
[2021-11-27 05:11:42,072] {subprocess.py:89} INFO - /Users/Home/Airflow/down/aid-effectiveness/net-oda-received-of-central-government-expense.zip
[2021-11-27 05:11:42,072] {subprocess.py:89} INFO - /Users/Home/Airflow/down/aid-effectiveness/grants-excluding-technical-cooperation-bop-current-us.zip
[2021-11-27 05:11:42,073] {subprocess.py:89} INFO - /Users/Home/Airflow/down/aid-effectiveness/net-oda-received-of-gross-capital-formation.zip
[2021-11-27 05:11:42,073] {subprocess.py:89} INFO - /Users/Home/Airflow/down/aid-effectiveness/technical-cooperation-grants-bop-current-us.zip
[2021-11-27 05:11:42,073] {subprocess.py:89} INFO - /Users/Home/Airflow/down/aid-effectiveness/pregnant-women-receiving-prenatal-care.zip
[2021-11-27 05:11:42,074] {subprocess.py:89} INFO - /Users/Home/Airflow/down/aid-effectiveness/prevalence-of-hiv-total-of-population-ages-15-49.zip
[2021-11-27 05:11:42,075] {subprocess.py:89} INFO - /Users/Home/Airflow/down/aid-effectiveness/net-oda-received-of-imports-of-goods-services-and-primary-income.zip
[2021-11-27 05:11:42,084] {subprocess.py:89} INFO - /Users/Home/Airflow/down/aid-effectiveness/poverty-headcount-ratio-at-1-90-a-day-2011-ppp-of-population.zip
[2021-11-27 05:11:42,086] {subprocess.py:89} INFO - /Users/Home/Airflow/down/aid-effectiveness/primary-completion-rate-total-of-relevant-age-group.zip
[2021-11-27 05:11:42,087] {subprocess.py:89} INFO - /Users/Home/Airflow/down/aid-effectiveness/prevalence-of-stunting-height-for-age-of-children-under-5.zip
[2021-11-27 05:11:42,087] {subprocess.py:89} INFO - /Users/Home/Airflow/down/aid-effectiveness/net-oda-received-of-gni.zip
[2021-11-27 05:11:42,088] {subprocess.py:89} INFO - /Users/Home/Airflow/down/aid-effectiveness/net-official-development-assistance-received-current-us.zip
[2021-11-27 05:11:42,088] {subprocess.py:89} INFO - /Users/Home/Airflow/down/aid-effectiveness/income-share-held-by-lowest-20.zip
[2021-11-27 05:11:42,089] {subprocess.py:89} INFO - /Users/Home/Airflow/down/aid-effectiveness/school-enrollment-primary-and-secondary-gross-gender-parity-index-gpi.zip
[2021-11-27 05:11:42,089] {subprocess.py:89} INFO - /Users/Home/Airflow/down/economy-and-growth/external-debt-stocks-of-gni.zip
[2021-11-27 05:11:42,090] {subprocess.py:89} INFO - /Users/Home/Airflow/down/economy-and-growth/exports-of-goods-and-services-of-gdp.zip
[2021-11-27 05:11:42,090] {subprocess.py:89} INFO - /Users/Home/Airflow/down/economy-and-growth/inflation-consumer-prices-annual.zip
[2021-11-27 05:11:42,090] {subprocess.py:89} INFO - /Users/Home/Airflow/down/economy-and-growth/gni-per-capita-atlas-method-current-us.zip
[2021-11-27 05:11:42,090] {subprocess.py:89} INFO - /Users/Home/Airflow/down/economy-and-growth/agriculture-forestry-and-fishing-value-added-of-gdp.zip
[2021-11-27 05:11:42,091] {subprocess.py:89} INFO - /Users/Home/Airflow/down/economy-and-growth/adjusted-net-savings-including-particulate-emission-damage-of-gni.zip
[2021-11-27 05:11:42,091] {subprocess.py:89} INFO - /Users/Home/Airflow/down/economy-and-growth/grants-excluding-technical-cooperation-bop-current-us.zip
[2021-11-27 05:11:42,091] {subprocess.py:89} INFO - /Users/Home/Airflow/down/economy-and-growth/gdp-per-capita-ppp-current-international.zip
[2021-11-27 05:11:42,092] {subprocess.py:89} INFO - /Users/Home/Airflow/down/economy-and-growth/foreign-direct-investment-net-inflows-bop-current-us.zip
[2021-11-27 05:11:42,092] {subprocess.py:89} INFO - /Users/Home/Airflow/down/economy-and-growth/gdp-current-us.zip
[2021-11-27 05:11:42,093] {subprocess.py:89} INFO - /Users/Home/Airflow/down/economy-and-growth/gni-ppp-current-international.zip
[2021-11-27 05:11:42,093] {subprocess.py:89} INFO - /Users/Home/Airflow/down/economy-and-growth/medium-and-high-tech-manufacturing-value-added-manufacturing-value-added.zip
[2021-11-27 05:11:42,119] {subprocess.py:89} INFO - /Users/Home/Airflow/down/economy-and-growth/gross-savings-of-gdp.zip
[2021-11-27 05:11:42,120] {subprocess.py:89} INFO - /Users/Home/Airflow/down/economy-and-growth/industry-including-construction-value-added-of-gdp.zip
[2021-11-27 05:11:42,121] {subprocess.py:89} INFO - /Users/Home/Airflow/down/economy-and-growth/charges-for-the-use-of-intellectual-property-payments-bop-current-us.zip
[2021-11-27 05:11:42,121] {subprocess.py:89} INFO - /Users/Home/Airflow/down/economy-and-growth/gdp-growth-annual.zip
[2021-11-27 05:11:42,122] {subprocess.py:89} INFO - /Users/Home/Airflow/down/economy-and-growth/current-account-balance-bop-current-us.zip
[2021-11-27 05:11:42,122] {subprocess.py:89} INFO - /Users/Home/Airflow/down/economy-and-growth/expense-of-gdp.zip
[2021-11-27 05:11:42,123] {subprocess.py:89} INFO - /Users/Home/Airflow/down/economy-and-growth/gdp-per-capita-growth-annual.zip
[2021-11-27 05:11:42,123] {subprocess.py:89} INFO - /Users/Home/Airflow/down/economy-and-growth/gross-capital-formation-of-gdp.zip
[2021-11-27 05:11:42,124] {subprocess.py:89} INFO - /Users/Home/Airflow/down/economy-and-growth/gni-atlas-method-current-us.zip
[2021-11-27 05:11:42,124] {subprocess.py:89} INFO - /Users/Home/Airflow/down/economy-and-growth/central-government-debt-total-of-gdp.zip
[2021-11-27 05:11:42,125] {subprocess.py:89} INFO - /Users/Home/Airflow/down/economy-and-growth/net-oda-received-of-gni.zip
[2021-11-27 05:11:42,125] {subprocess.py:89} INFO - /Users/Home/Airflow/down/economy-and-growth/charges-for-the-use-of-intellectual-property-receipts-bop-current-us.zip
[2021-11-27 05:11:42,125] {subprocess.py:89} INFO - /Users/Home/Airflow/down/economy-and-growth/external-debt-stocks-total-dod-current-us.zip
[2021-11-27 05:11:42,148] {subprocess.py:89} INFO - /Users/Home/Airflow/down/economy-and-growth/inflation-gdp-deflator-annual.zip
[2021-11-27 05:11:42,149] {subprocess.py:89} INFO - /Users/Home/Airflow/down/economy-and-growth/gdp-per-capita-current-us.zip
[2021-11-27 05:11:42,150] {subprocess.py:89} INFO - /Users/Home/Airflow/down/economy-and-growth/gni-per-capita-ppp-current-international.zip
[2021-11-27 05:11:42,151] {subprocess.py:89} INFO - /Users/Home/Airflow/down/economy-and-growth/imports-of-goods-and-services-of-gdp.zip
[2021-11-27 05:11:42,151] {subprocess.py:89} INFO - /Users/Home/Airflow/down/agriculture-and-rural-development/surface-area-sq-km.zip
[2021-11-27 05:11:42,151] {subprocess.py:89} INFO - /Users/Home/Airflow/down/agriculture-and-rural-development/livestock-production-index-2014-2016-100.zip
[2021-11-27 05:11:42,151] {subprocess.py:89} INFO - /Users/Home/Airflow/down/agriculture-and-rural-development/forest-area-of-land-area.zip
[2021-11-27 05:11:42,152] {subprocess.py:89} INFO - /Users/Home/Airflow/down/agriculture-and-rural-development/agriculture-forestry-and-fishing-value-added-of-gdp.zip
[2021-11-27 05:11:42,152] {subprocess.py:89} INFO - /Users/Home/Airflow/down/agriculture-and-rural-development/land-under-cereal-production-hectares.zip
[2021-11-27 05:11:42,152] {subprocess.py:89} INFO - /Users/Home/Airflow/down/agriculture-and-rural-development/employment-in-agriculture-male-of-male-employment-modeled-ilo-estimate.zip
[2021-11-27 05:11:42,153] {subprocess.py:89} INFO - /Users/Home/Airflow/down/agriculture-and-rural-development/agricultural-machinery-tractors-per-100-sq-km-of-arable-land.zip
[2021-11-27 05:11:42,153] {subprocess.py:89} INFO - /Users/Home/Airflow/down/agriculture-and-rural-development/cereal-yield-kg-per-hectare.zip
[2021-11-27 05:11:42,154] {subprocess.py:89} INFO - /Users/Home/Airflow/down/agriculture-and-rural-development/food-production-index-2014-2016-100.zip
[2021-11-27 05:11:42,154] {subprocess.py:89} INFO - /Users/Home/Airflow/down/agriculture-and-rural-development/arable-land-hectares-per-person.zip
[2021-11-27 05:11:42,154] {subprocess.py:89} INFO - /Users/Home/Airflow/down/agriculture-and-rural-development/employment-in-agriculture-female-of-female-employment-modeled-ilo-estimate.zip
[2021-11-27 05:11:42,155] {subprocess.py:89} INFO - /Users/Home/Airflow/down/agriculture-and-rural-development/land-area-sq-km.zip
[2021-11-27 05:11:42,155] {subprocess.py:89} INFO - /Users/Home/Airflow/down/agriculture-and-rural-development/crop-production-index-2014-2016-100.zip
[2021-11-27 05:11:42,155] {subprocess.py:89} INFO - /Users/Home/Airflow/down/agriculture-and-rural-development/forest-area-sq-km.zip
[2021-11-27 05:11:42,156] {subprocess.py:89} INFO - /Users/Home/Airflow/down/agriculture-and-rural-development/fertilizer-consumption-kilograms-per-hectare-of-arable-land.zip
[2021-11-27 05:11:42,156] {subprocess.py:89} INFO - /Users/Home/Airflow/down/agriculture-and-rural-development/rural-population.zip
[2021-11-27 05:11:42,156] {subprocess.py:89} INFO - /Users/Home/Airflow/down/agriculture-and-rural-development/agricultural-land-of-land-area.zip
[2021-11-27 05:11:42,156] {subprocess.py:89} INFO - /Users/Home/Airflow/down/agriculture-and-rural-development/agricultural-irrigated-land-of-total-agricultural-land.zip
[2021-11-27 05:11:42,157] {subprocess.py:89} INFO - /Users/Home/Airflow/down/agriculture-and-rural-development/arable-land-of-land-area.zip
[2021-11-27 05:11:42,157] {subprocess.py:89} INFO - /Users/Home/Airflow/down/agriculture-and-rural-development/rural-population-of-total-population.zip
[2021-11-27 05:11:42,157] {subprocess.py:89} INFO - /Users/Home/Airflow/down/agriculture-and-rural-development/permanent-cropland-of-land-area.zip
[2021-11-27 05:11:42,158] {subprocess.py:89} INFO - /Users/Home/Airflow/down/climate-change/ease-of-doing-business-rank-1-most-business-friendly-regulations.zip
[2021-11-27 05:11:42,158] {subprocess.py:89} INFO - /Users/Home/Airflow/down/climate-change/renewable-electricity-output-of-total-electricity-output.zip
[2021-11-27 05:11:42,158] {subprocess.py:89} INFO - /Users/Home/Airflow/down/climate-change/renewable-energy-consumption-of-total-final-energy-consumption.zip
[2021-11-27 05:11:42,159] {subprocess.py:89} INFO - /Users/Home/Airflow/down/climate-change/population-in-urban-agglomerations-of-more-than-1-million-of-total-population.zip
[2021-11-27 05:11:42,159] {subprocess.py:89} INFO - /Users/Home/Airflow/down/climate-change/forest-area-of-land-area.zip
[2021-11-27 05:11:42,160] {subprocess.py:89} INFO - /Users/Home/Airflow/down/climate-change/terrestrial-and-marine-protected-areas-of-total-territorial-area.zip
[2021-11-27 05:11:42,161] {subprocess.py:89} INFO - /Users/Home/Airflow/down/climate-change/agriculture-forestry-and-fishing-value-added-of-gdp.zip
[2021-11-27 05:11:42,161] {subprocess.py:89} INFO - /Users/Home/Airflow/down/climate-change/mortality-rate-under-5-per-1000-live-births.zip
[2021-11-27 05:11:42,162] {subprocess.py:89} INFO - /Users/Home/Airflow/down/climate-change/annual-freshwater-withdrawals-total-of-internal-resources.zip
[2021-11-27 05:11:42,162] {subprocess.py:89} INFO - /Users/Home/Airflow/down/climate-change/co2-emissions-kt.zip
[2021-11-27 05:11:42,162] {subprocess.py:89} INFO - /Users/Home/Airflow/down/climate-change/methane-emissions-kt-of-co2-equivalent.zip
[2021-11-27 05:11:42,163] {subprocess.py:89} INFO - /Users/Home/Airflow/down/climate-change/urban-population.zip
[2021-11-27 05:11:42,163] {subprocess.py:89} INFO - /Users/Home/Airflow/down/climate-change/annual-freshwater-withdrawals-total-billion-cubic-meters.zip
[2021-11-27 05:11:42,163] {subprocess.py:89} INFO - /Users/Home/Airflow/down/climate-change/total-greenhouse-gas-emissions-kt-of-co2-equivalent.zip
[2021-11-27 05:11:42,164] {subprocess.py:89} INFO - /Users/Home/Airflow/down/climate-change/cereal-yield-kg-per-hectare.zip
[2021-11-27 05:11:42,164] {subprocess.py:89} INFO - /Users/Home/Airflow/down/climate-change/land-area-where-elevation-is-below-5-meters-of-total-land-area.zip
[2021-11-27 05:11:42,165] {subprocess.py:89} INFO - /Users/Home/Airflow/down/climate-change/cpia-public-sector-management-and-institutions-cluster-average-1-low-to-6-high.zip
[2021-11-27 05:11:42,165] {subprocess.py:89} INFO - /Users/Home/Airflow/down/climate-change/urban-population-of-total-population.zip
[2021-11-27 05:11:42,165] {subprocess.py:89} INFO - /Users/Home/Airflow/down/climate-change/poverty-headcount-ratio-at-1-90-a-day-2011-ppp-of-population.zip
[2021-11-27 05:11:42,166] {subprocess.py:89} INFO - /Users/Home/Airflow/down/climate-change/prevalence-of-underweight-weight-for-age-of-children-under-5.zip
[2021-11-27 05:11:42,166] {subprocess.py:89} INFO - /Users/Home/Airflow/down/climate-change/primary-completion-rate-total-of-relevant-age-group.zip
[2021-11-27 05:11:42,167] {subprocess.py:89} INFO - /Users/Home/Airflow/down/climate-change/co2-emissions-metric-tons-per-capita.zip
[2021-11-27 05:11:42,167] {subprocess.py:89} INFO - /Users/Home/Airflow/down/climate-change/electric-power-consumption-kwh-per-capita.zip
[2021-11-27 05:11:42,167] {subprocess.py:89} INFO - /Users/Home/Airflow/down/climate-change/energy-use-kg-of-oil-equivalent-per-capita.zip
[2021-11-27 05:11:42,168] {subprocess.py:89} INFO - /Users/Home/Airflow/down/climate-change/forest-area-sq-km.zip
[2021-11-27 05:11:42,168] {subprocess.py:89} INFO - /Users/Home/Airflow/down/climate-change/access-to-electricity-of-population.zip
[2021-11-27 05:11:42,169] {subprocess.py:89} INFO - /Users/Home/Airflow/down/climate-change/population-total.zip
[2021-11-27 05:11:42,169] {subprocess.py:89} INFO - /Users/Home/Airflow/down/climate-change/nitrous-oxide-emissions-thousand-metric-tons-of-co2-equivalent.zip
[2021-11-27 05:11:42,169] {subprocess.py:89} INFO - /Users/Home/Airflow/down/climate-change/population-living-in-areas-where-elevation-is-below-5-meters-of-total-population.zip
[2021-11-27 05:11:42,170] {subprocess.py:89} INFO - /Users/Home/Airflow/down/climate-change/population-growth-annual.zip
[2021-11-27 05:11:42,170] {subprocess.py:89} INFO - /Users/Home/Airflow/down/climate-change/agricultural-land-of-land-area.zip
[2021-11-27 05:11:42,171] {subprocess.py:89} INFO - /Users/Home/Airflow/down/climate-change/agricultural-irrigated-land-of-total-agricultural-land.zip
[2021-11-27 05:11:42,171] {subprocess.py:89} INFO - /Users/Home/Airflow/down/climate-change/arable-land-of-land-area.zip
[2021-11-27 05:11:42,172] {subprocess.py:89} INFO - /Users/Home/Airflow/down/climate-change/school-enrollment-primary-and-secondary-gross-gender-parity-index-gpi.zip
[2021-11-27 05:11:42,172] {subprocess.py:93} INFO - Command exited with return code 0
[2021-11-27 05:11:42,191] {taskinstance.py:1270} INFO - Marking task as SUCCESS. dag_id=elt, task_id=unzip, execution_date=20211126T221000, start_date=20211126T221141, end_date=20211126T221142
[2021-11-27 05:11:42,243] {local_task_job.py:154} INFO - Task exited with return code 0
[2021-11-27 05:11:42,271] {local_task_job.py:264} INFO - 1 downstream tasks scheduled from follow-on schedule check
