[2021-11-27 06:05:09,490] {taskinstance.py:1035} INFO - Dependencies all met for <TaskInstance: elt.cleaning scheduled__2021-11-26T23:04:00+00:00 [queued]>
[2021-11-27 06:05:09,496] {taskinstance.py:1035} INFO - Dependencies all met for <TaskInstance: elt.cleaning scheduled__2021-11-26T23:04:00+00:00 [queued]>
[2021-11-27 06:05:09,496] {taskinstance.py:1241} INFO - 
--------------------------------------------------------------------------------
[2021-11-27 06:05:09,496] {taskinstance.py:1242} INFO - Starting attempt 1 of 2
[2021-11-27 06:05:09,496] {taskinstance.py:1243} INFO - 
--------------------------------------------------------------------------------
[2021-11-27 06:05:09,502] {taskinstance.py:1262} INFO - Executing <Task(BashOperator): cleaning> on 2021-11-26 23:04:00+00:00
[2021-11-27 06:05:09,504] {standard_task_runner.py:52} INFO - Started process 1553 to run task
[2021-11-27 06:05:09,509] {standard_task_runner.py:76} INFO - Running: ['airflow', 'tasks', 'run', 'elt', 'cleaning', 'scheduled__2021-11-26T23:04:00+00:00', '--job-id', '4', '--raw', '--subdir', 'DAGS_FOLDER/processing.py', '--cfg-path', '/var/folders/hj/g8v71bv11_gb814qbbwch8zc0000gn/T/tmpnr_tpnus', '--error-file', '/var/folders/hj/g8v71bv11_gb814qbbwch8zc0000gn/T/tmp21alf4xs']
[2021-11-27 06:05:09,510] {standard_task_runner.py:77} INFO - Job 4: Subtask cleaning
[2021-11-27 06:05:09,539] {logging_mixin.py:109} INFO - Running <TaskInstance: elt.cleaning scheduled__2021-11-26T23:04:00+00:00 [running]> on host MacBookPro.local
[2021-11-27 06:05:09,564] {taskinstance.py:1427} INFO - Exporting the following env vars:
AIRFLOW_CTX_DAG_EMAIL=airflow@example.com
AIRFLOW_CTX_DAG_OWNER=airflow
AIRFLOW_CTX_DAG_ID=elt
AIRFLOW_CTX_TASK_ID=cleaning
AIRFLOW_CTX_EXECUTION_DATE=2021-11-26T23:04:00+00:00
AIRFLOW_CTX_DAG_RUN_ID=scheduled__2021-11-26T23:04:00+00:00
[2021-11-27 06:05:09,564] {subprocess.py:62} INFO - Tmp dir root location: 
 /var/folders/hj/g8v71bv11_gb814qbbwch8zc0000gn/T
[2021-11-27 06:05:09,565] {subprocess.py:74} INFO - Running command: ['bash', '-c', '/Users/Home/Airflow/tasks/cleaning.py /Users/Home/Airflow/unzip /Users/Home/Airflow/output']
[2021-11-27 06:05:09,571] {subprocess.py:85} INFO - Output:
[2021-11-27 06:05:09,908] {subprocess.py:89} INFO - API_SH.STA.MMRT_DS2_en_csv_v2_3159367.csv
[2021-11-27 06:05:09,909] {subprocess.py:89} INFO - API_DT.ODA.ODAT.CD_DS2_en_csv_v2_3160773.csv
[2021-11-27 06:05:09,909] {subprocess.py:89} INFO - API_SH.DYN.MORT_DS2_en_csv_v2_3162033.csv
[2021-11-27 06:05:09,910] {subprocess.py:89} INFO - API_AG.LND.CROP.ZS_DS2_en_csv_v2_3163899.csv
[2021-11-27 06:05:09,910] {subprocess.py:89} INFO - API_SH.STA.STNT.ZS_DS2_en_csv_v2_3165495.csv
[2021-11-27 06:05:09,910] {subprocess.py:89} INFO - API_NV.AGR.TOTL.ZS_DS2_en_csv_v2_3160861.csv
[2021-11-27 06:05:09,911] {subprocess.py:89} INFO - API_AG.LND.IRIG.AG.ZS_DS2_en_csv_v2_3163914.csv
[2021-11-27 06:05:09,911] {subprocess.py:89} INFO - API_DT.ODA.ODAT.GN.ZS_DS2_en_csv_v2_3161196.csv
[2021-11-27 06:05:09,911] {subprocess.py:89} INFO - API_DT.ODA.ODAT.MP.ZS_DS2_en_csv_v2_3161055.csv
[2021-11-27 06:05:09,912] {subprocess.py:89} INFO - API_DT.ODA.ODAT.PC.ZS_DS2_en_csv_v2_3160336.csv
[2021-11-27 06:05:09,912] {subprocess.py:89} INFO - API_AG.PRD.LVSK.XD_DS2_en_csv_v2_3161120.csv
[2021-11-27 06:05:09,912] {subprocess.py:89} INFO - API_AG.LND.FRST.K2_DS2_en_csv_v2_3159335.csv
[2021-11-27 06:05:09,913] {subprocess.py:89} INFO - API_AG.CON.FERT.ZS_DS2_en_csv_v2_3159437.csv
[2021-11-27 06:05:09,913] {subprocess.py:89} INFO - API_AG.LND.TOTL.K2_DS2_en_csv_v2_3159087.csv
[2021-11-27 06:05:09,913] {subprocess.py:89} INFO - API_SP.RUR.TOTL.ZS_DS2_en_csv_v2_3160121.csv
[2021-11-27 06:05:09,913] {subprocess.py:89} INFO - API_SH.TBS.INCD_DS2_en_csv_v2_3165510.csv
[2021-11-27 06:05:09,914] {subprocess.py:89} INFO - API_SE.PRM.CMPT.ZS_DS2_en_csv_v2_3163677.csv
[2021-11-27 06:05:09,914] {subprocess.py:89} INFO - API_SH.DYN.AIDS.ZS_DS2_en_csv_v2_3158949.csv
[2021-11-27 06:05:09,914] {subprocess.py:89} INFO - API_AG.LND.CREL.HA_DS2_en_csv_v2_3163897.csv
[2021-11-27 06:05:09,915] {subprocess.py:89} INFO - API_AG.LND.FRST.ZS_DS2_en_csv_v2_3158992.csv
[2021-11-27 06:05:09,915] {subprocess.py:89} INFO - API_AG.LND.ARBL.ZS_DS2_en_csv_v2_3161161.csv
[2021-11-27 06:05:09,916] {subprocess.py:89} INFO - API_DT.ODA.ODAT.XP.ZS_DS2_en_csv_v2_3164297.csv
[2021-11-27 06:05:09,916] {subprocess.py:89} INFO - API_SM.POP.NETM_DS2_en_csv_v2_3158896.csv
[2021-11-27 06:05:09,916] {subprocess.py:89} INFO - API_SI.POV.DDAY_DS2_en_csv_v2_3160009.csv
[2021-11-27 06:05:09,917] {subprocess.py:89} INFO - API_AG.LND.TRAC.ZS_DS2_en_csv_v2_3163924.csv
[2021-11-27 06:05:09,917] {subprocess.py:89} INFO - API_AG.YLD.CREL.KG_DS2_en_csv_v2_3163929.csv
[2021-11-27 06:05:09,917] {subprocess.py:89} INFO - API_SP.RUR.TOTL_DS2_en_csv_v2_3163192.csv
[2021-11-27 06:05:09,917] {subprocess.py:89} INFO - API_SE.ENR.PRSC.FM.ZS_DS2_en_csv_v2_3165231.csv
[2021-11-27 06:05:09,918] {subprocess.py:89} INFO - API_AG.PRD.FOOD.XD_DS2_en_csv_v2_3159905.csv
[2021-11-27 06:05:09,918] {subprocess.py:89} INFO - API_SL.AGR.EMPL.MA.ZS_DS2_en_csv_v2_3165572.csv
[2021-11-27 06:05:09,918] {subprocess.py:89} INFO - API_SH.STA.ANVC.ZS_DS2_en_csv_v2_3165465.csv
[2021-11-27 06:05:09,919] {subprocess.py:89} INFO - API_DT.ODA.ODAT.GI.ZS_DS2_en_csv_v2_3164289.csv
[2021-11-27 06:05:09,919] {subprocess.py:89} INFO - API_SL.AGR.EMPL.FE.ZS_DS2_en_csv_v2_3165570.csv
[2021-11-27 06:05:09,920] {subprocess.py:89} INFO - API_AG.SRF.TOTL.K2_DS2_en_csv_v2_3160371.csv
[2021-11-27 06:05:09,920] {subprocess.py:89} INFO - API_BX.GRT.EXTA.CD.WD_DS2_en_csv_v2_3163964.csv
[2021-11-27 06:05:09,920] {subprocess.py:89} INFO - API_AG.PRD.CROP.XD_DS2_en_csv_v2_3159593.csv
[2021-11-27 06:05:09,920] {subprocess.py:89} INFO - API_SI.DST.FRST.20_DS2_en_csv_v2_3165548.csv
[2021-11-27 06:05:09,921] {subprocess.py:89} INFO - API_AG.LND.ARBL.HA.PC_DS2_en_csv_v2_3163892.csv
[2021-11-27 06:05:09,921] {subprocess.py:89} INFO - API_AG.LND.AGRI.ZS_DS2_en_csv_v2_3163149.csv
[2021-11-27 06:05:09,922] {subprocess.py:93} INFO - Command exited with return code 0
[2021-11-27 06:05:09,938] {taskinstance.py:1270} INFO - Marking task as SUCCESS. dag_id=elt, task_id=cleaning, execution_date=20211126T230400, start_date=20211126T230509, end_date=20211126T230509
[2021-11-27 06:05:09,980] {local_task_job.py:154} INFO - Task exited with return code 0
[2021-11-27 06:05:10,000] {local_task_job.py:264} INFO - 1 downstream tasks scheduled from follow-on schedule check
