[2021-11-27 11:12:09,983] {taskinstance.py:1035} INFO - Dependencies all met for <TaskInstance: elt.upload scheduled__2021-11-27T04:11:00+00:00 [queued]>
[2021-11-27 11:12:09,989] {taskinstance.py:1035} INFO - Dependencies all met for <TaskInstance: elt.upload scheduled__2021-11-27T04:11:00+00:00 [queued]>
[2021-11-27 11:12:09,989] {taskinstance.py:1241} INFO - 
--------------------------------------------------------------------------------
[2021-11-27 11:12:09,989] {taskinstance.py:1242} INFO - Starting attempt 1 of 2
[2021-11-27 11:12:09,989] {taskinstance.py:1243} INFO - 
--------------------------------------------------------------------------------
[2021-11-27 11:12:09,998] {taskinstance.py:1262} INFO - Executing <Task(BashOperator): upload> on 2021-11-27 04:11:00+00:00
[2021-11-27 11:12:10,002] {standard_task_runner.py:52} INFO - Started process 9786 to run task
[2021-11-27 11:12:10,009] {standard_task_runner.py:76} INFO - Running: ['airflow', 'tasks', 'run', 'elt', 'upload', 'scheduled__2021-11-27T04:11:00+00:00', '--job-id', '480', '--raw', '--subdir', 'DAGS_FOLDER/processing.py', '--cfg-path', '/var/folders/hj/g8v71bv11_gb814qbbwch8zc0000gn/T/tmptgi0x76r', '--error-file', '/var/folders/hj/g8v71bv11_gb814qbbwch8zc0000gn/T/tmp3wi_kuzr']
[2021-11-27 11:12:10,010] {standard_task_runner.py:77} INFO - Job 480: Subtask upload
[2021-11-27 11:12:10,043] {logging_mixin.py:109} INFO - Running <TaskInstance: elt.upload scheduled__2021-11-27T04:11:00+00:00 [running]> on host 1.0.0.0.0.0.0.0.0.0.0.0.0.0.0.0.0.0.0.0.0.0.0.0.0.0.0.0.0.0.0.0.ip6.arpa
[2021-11-27 11:12:10,075] {taskinstance.py:1427} INFO - Exporting the following env vars:
AIRFLOW_CTX_DAG_EMAIL=airflow@example.com
AIRFLOW_CTX_DAG_OWNER=airflow
AIRFLOW_CTX_DAG_ID=elt
AIRFLOW_CTX_TASK_ID=upload
AIRFLOW_CTX_EXECUTION_DATE=2021-11-27T04:11:00+00:00
AIRFLOW_CTX_DAG_RUN_ID=scheduled__2021-11-27T04:11:00+00:00
[2021-11-27 11:12:10,076] {subprocess.py:62} INFO - Tmp dir root location: 
 /var/folders/hj/g8v71bv11_gb814qbbwch8zc0000gn/T
[2021-11-27 11:12:10,077] {subprocess.py:74} INFO - Running command: ['bash', '-c', '/Users/Home/Airflow/tasks/cleaning.py /Users/Home/Airflow/output worldbank']
[2021-11-27 11:12:10,082] {subprocess.py:85} INFO - Output:
[2021-11-27 11:12:10,136] {subprocess.py:93} INFO - Command exited with return code 0
[2021-11-27 11:12:10,154] {taskinstance.py:1270} INFO - Marking task as SUCCESS. dag_id=elt, task_id=upload, execution_date=20211127T041100, start_date=20211127T041209, end_date=20211127T041210
[2021-11-27 11:12:10,191] {local_task_job.py:154} INFO - Task exited with return code 0
[2021-11-27 11:12:10,209] {local_task_job.py:264} INFO - 0 downstream tasks scheduled from follow-on schedule check
