[2021-11-27 14:10:54,180] {taskinstance.py:1035} INFO - Dependencies all met for <TaskInstance: elt.cleaning scheduled__2021-11-27T07:09:00+00:00 [queued]>
[2021-11-27 14:10:54,185] {taskinstance.py:1035} INFO - Dependencies all met for <TaskInstance: elt.cleaning scheduled__2021-11-27T07:09:00+00:00 [queued]>
[2021-11-27 14:10:54,185] {taskinstance.py:1241} INFO - 
--------------------------------------------------------------------------------
[2021-11-27 14:10:54,185] {taskinstance.py:1242} INFO - Starting attempt 1 of 2
[2021-11-27 14:10:54,185] {taskinstance.py:1243} INFO - 
--------------------------------------------------------------------------------
[2021-11-27 14:10:54,191] {taskinstance.py:1262} INFO - Executing <Task(BashOperator): cleaning> on 2021-11-27 07:09:00+00:00
[2021-11-27 14:10:54,194] {standard_task_runner.py:52} INFO - Started process 14686 to run task
[2021-11-27 14:10:54,198] {standard_task_runner.py:76} INFO - Running: ['airflow', 'tasks', 'run', 'elt', 'cleaning', 'scheduled__2021-11-27T07:09:00+00:00', '--job-id', '767', '--raw', '--subdir', 'DAGS_FOLDER/processing.py', '--cfg-path', '/var/folders/hj/g8v71bv11_gb814qbbwch8zc0000gn/T/tmpyna4zbc7', '--error-file', '/var/folders/hj/g8v71bv11_gb814qbbwch8zc0000gn/T/tmpkv6tdcu4']
[2021-11-27 14:10:54,200] {standard_task_runner.py:77} INFO - Job 767: Subtask cleaning
[2021-11-27 14:10:54,227] {logging_mixin.py:109} INFO - Running <TaskInstance: elt.cleaning scheduled__2021-11-27T07:09:00+00:00 [running]> on host 1.0.0.0.0.0.0.0.0.0.0.0.0.0.0.0.0.0.0.0.0.0.0.0.0.0.0.0.0.0.0.0.ip6.arpa
[2021-11-27 14:10:54,253] {taskinstance.py:1427} INFO - Exporting the following env vars:
AIRFLOW_CTX_DAG_EMAIL=airflow@example.com
AIRFLOW_CTX_DAG_OWNER=airflow
AIRFLOW_CTX_DAG_ID=elt
AIRFLOW_CTX_TASK_ID=cleaning
AIRFLOW_CTX_EXECUTION_DATE=2021-11-27T07:09:00+00:00
AIRFLOW_CTX_DAG_RUN_ID=scheduled__2021-11-27T07:09:00+00:00
[2021-11-27 14:10:54,254] {subprocess.py:62} INFO - Tmp dir root location: 
 /var/folders/hj/g8v71bv11_gb814qbbwch8zc0000gn/T
[2021-11-27 14:10:54,254] {subprocess.py:74} INFO - Running command: ['bash', '-c', '/Users/Home/Airflow/tasks/cleaning.py /Users/Home/Airflow/unzip /Users/Home/Airflow/output']
[2021-11-27 14:10:54,262] {subprocess.py:85} INFO - Output:
[2021-11-27 14:10:54,310] {subprocess.py:93} INFO - Command exited with return code 0
[2021-11-27 14:10:54,324] {taskinstance.py:1270} INFO - Marking task as SUCCESS. dag_id=elt, task_id=cleaning, execution_date=20211127T070900, start_date=20211127T071054, end_date=20211127T071054
[2021-11-27 14:10:54,381] {local_task_job.py:154} INFO - Task exited with return code 0
[2021-11-27 14:10:54,405] {local_task_job.py:264} INFO - 1 downstream tasks scheduled from follow-on schedule check
