[2021-11-27 07:25:36,401] {taskinstance.py:1035} INFO - Dependencies all met for <TaskInstance: elt.unzip scheduled__2021-11-27T00:24:00+00:00 [queued]>
[2021-11-27 07:25:36,408] {taskinstance.py:1035} INFO - Dependencies all met for <TaskInstance: elt.unzip scheduled__2021-11-27T00:24:00+00:00 [queued]>
[2021-11-27 07:25:36,408] {taskinstance.py:1241} INFO - 
--------------------------------------------------------------------------------
[2021-11-27 07:25:36,408] {taskinstance.py:1242} INFO - Starting attempt 1 of 2
[2021-11-27 07:25:36,408] {taskinstance.py:1243} INFO - 
--------------------------------------------------------------------------------
[2021-11-27 07:25:36,417] {taskinstance.py:1262} INFO - Executing <Task(BashOperator): unzip> on 2021-11-27 00:24:00+00:00
[2021-11-27 07:25:36,419] {standard_task_runner.py:52} INFO - Started process 3914 to run task
[2021-11-27 07:25:36,424] {standard_task_runner.py:76} INFO - Running: ['airflow', 'tasks', 'run', 'elt', 'unzip', 'scheduled__2021-11-27T00:24:00+00:00', '--job-id', '162', '--raw', '--subdir', 'DAGS_FOLDER/processing.py', '--cfg-path', '/var/folders/hj/g8v71bv11_gb814qbbwch8zc0000gn/T/tmpcl4pgmf8', '--error-file', '/var/folders/hj/g8v71bv11_gb814qbbwch8zc0000gn/T/tmph54vu3yb']
[2021-11-27 07:25:36,426] {standard_task_runner.py:77} INFO - Job 162: Subtask unzip
[2021-11-27 07:25:41,451] {logging_mixin.py:109} INFO - Running <TaskInstance: elt.unzip scheduled__2021-11-27T00:24:00+00:00 [running]> on host MacBookPro.local
[2021-11-27 07:25:46,505] {taskinstance.py:1427} INFO - Exporting the following env vars:
AIRFLOW_CTX_DAG_EMAIL=airflow@example.com
AIRFLOW_CTX_DAG_OWNER=airflow
AIRFLOW_CTX_DAG_ID=elt
AIRFLOW_CTX_TASK_ID=unzip
AIRFLOW_CTX_EXECUTION_DATE=2021-11-27T00:24:00+00:00
AIRFLOW_CTX_DAG_RUN_ID=scheduled__2021-11-27T00:24:00+00:00
[2021-11-27 07:25:46,506] {subprocess.py:62} INFO - Tmp dir root location: 
 /var/folders/hj/g8v71bv11_gb814qbbwch8zc0000gn/T
[2021-11-27 07:25:46,507] {subprocess.py:74} INFO - Running command: ['bash', '-c', '/Users/Home/Airflow/tasks/unzip.py /Users/Home/Airflow/down /Users/Home/Airflow/unzip']
[2021-11-27 07:25:46,514] {subprocess.py:85} INFO - Output:
[2021-11-27 07:25:46,568] {subprocess.py:93} INFO - Command exited with return code 0
[2021-11-27 07:25:46,586] {taskinstance.py:1270} INFO - Marking task as SUCCESS. dag_id=elt, task_id=unzip, execution_date=20211127T002400, start_date=20211127T002536, end_date=20211127T002546
[2021-11-27 07:25:46,618] {local_task_job.py:154} INFO - Task exited with return code 0
[2021-11-27 07:25:46,642] {local_task_job.py:264} INFO - 1 downstream tasks scheduled from follow-on schedule check
