[2021-11-27 06:31:03,618] {taskinstance.py:1035} INFO - Dependencies all met for <TaskInstance: elt.unzip scheduled__2021-11-26T23:30:00+00:00 [queued]>
[2021-11-27 06:31:03,622] {taskinstance.py:1035} INFO - Dependencies all met for <TaskInstance: elt.unzip scheduled__2021-11-26T23:30:00+00:00 [queued]>
[2021-11-27 06:31:03,622] {taskinstance.py:1241} INFO - 
--------------------------------------------------------------------------------
[2021-11-27 06:31:03,622] {taskinstance.py:1242} INFO - Starting attempt 1 of 2
[2021-11-27 06:31:03,623] {taskinstance.py:1243} INFO - 
--------------------------------------------------------------------------------
[2021-11-27 06:31:03,629] {taskinstance.py:1262} INFO - Executing <Task(BashOperator): unzip> on 2021-11-26 23:30:00+00:00
[2021-11-27 06:31:03,630] {standard_task_runner.py:52} INFO - Started process 3223 to run task
[2021-11-27 06:31:03,635] {standard_task_runner.py:76} INFO - Running: ['airflow', 'tasks', 'run', 'elt', 'unzip', 'scheduled__2021-11-26T23:30:00+00:00', '--job-id', '80', '--raw', '--subdir', 'DAGS_FOLDER/processing.py', '--cfg-path', '/var/folders/hj/g8v71bv11_gb814qbbwch8zc0000gn/T/tmpa8nlbjyc', '--error-file', '/var/folders/hj/g8v71bv11_gb814qbbwch8zc0000gn/T/tmp4fdvwefk']
[2021-11-27 06:31:03,637] {standard_task_runner.py:77} INFO - Job 80: Subtask unzip
[2021-11-27 06:31:03,663] {logging_mixin.py:109} INFO - Running <TaskInstance: elt.unzip scheduled__2021-11-26T23:30:00+00:00 [running]> on host 1.0.0.0.0.0.0.0.0.0.0.0.0.0.0.0.0.0.0.0.0.0.0.0.0.0.0.0.0.0.0.0.ip6.arpa
[2021-11-27 06:31:03,693] {taskinstance.py:1427} INFO - Exporting the following env vars:
AIRFLOW_CTX_DAG_EMAIL=airflow@example.com
AIRFLOW_CTX_DAG_OWNER=airflow
AIRFLOW_CTX_DAG_ID=elt
AIRFLOW_CTX_TASK_ID=unzip
AIRFLOW_CTX_EXECUTION_DATE=2021-11-26T23:30:00+00:00
AIRFLOW_CTX_DAG_RUN_ID=scheduled__2021-11-26T23:30:00+00:00
[2021-11-27 06:31:03,694] {subprocess.py:62} INFO - Tmp dir root location: 
 /var/folders/hj/g8v71bv11_gb814qbbwch8zc0000gn/T
[2021-11-27 06:31:03,695] {subprocess.py:74} INFO - Running command: ['bash', '-c', '/Users/Home/Airflow/tasks/unzip.py /Users/Home/Airflow/down /Users/Home/Airflow/unzip']
[2021-11-27 06:31:03,701] {subprocess.py:85} INFO - Output:
[2021-11-27 06:31:03,760] {subprocess.py:93} INFO - Command exited with return code 0
[2021-11-27 06:31:03,774] {taskinstance.py:1270} INFO - Marking task as SUCCESS. dag_id=elt, task_id=unzip, execution_date=20211126T233000, start_date=20211126T233103, end_date=20211126T233103
[2021-11-27 06:31:03,791] {local_task_job.py:154} INFO - Task exited with return code 0
[2021-11-27 06:31:03,812] {local_task_job.py:264} INFO - 1 downstream tasks scheduled from follow-on schedule check
