[2021-11-27 07:02:28,262] {taskinstance.py:1035} INFO - Dependencies all met for <TaskInstance: elt.unzip scheduled__2021-11-27T00:01:00+00:00 [queued]>
[2021-11-27 07:02:28,267] {taskinstance.py:1035} INFO - Dependencies all met for <TaskInstance: elt.unzip scheduled__2021-11-27T00:01:00+00:00 [queued]>
[2021-11-27 07:02:28,267] {taskinstance.py:1241} INFO - 
--------------------------------------------------------------------------------
[2021-11-27 07:02:28,267] {taskinstance.py:1242} INFO - Starting attempt 1 of 2
[2021-11-27 07:02:28,267] {taskinstance.py:1243} INFO - 
--------------------------------------------------------------------------------
[2021-11-27 07:02:28,275] {taskinstance.py:1262} INFO - Executing <Task(BashOperator): unzip> on 2021-11-27 00:01:00+00:00
[2021-11-27 07:02:28,277] {standard_task_runner.py:52} INFO - Started process 3313 to run task
[2021-11-27 07:02:28,282] {standard_task_runner.py:76} INFO - Running: ['airflow', 'tasks', 'run', 'elt', 'unzip', 'scheduled__2021-11-27T00:01:00+00:00', '--job-id', '86', '--raw', '--subdir', 'DAGS_FOLDER/processing.py', '--cfg-path', '/var/folders/hj/g8v71bv11_gb814qbbwch8zc0000gn/T/tmpmh_vz8ul', '--error-file', '/var/folders/hj/g8v71bv11_gb814qbbwch8zc0000gn/T/tmpto1j9bet']
[2021-11-27 07:02:28,283] {standard_task_runner.py:77} INFO - Job 86: Subtask unzip
[2021-11-27 07:02:33,313] {logging_mixin.py:109} INFO - Running <TaskInstance: elt.unzip scheduled__2021-11-27T00:01:00+00:00 [running]> on host MacBookPro.local
[2021-11-27 07:02:38,340] {taskinstance.py:1427} INFO - Exporting the following env vars:
AIRFLOW_CTX_DAG_EMAIL=airflow@example.com
AIRFLOW_CTX_DAG_OWNER=airflow
AIRFLOW_CTX_DAG_ID=elt
AIRFLOW_CTX_TASK_ID=unzip
AIRFLOW_CTX_EXECUTION_DATE=2021-11-27T00:01:00+00:00
AIRFLOW_CTX_DAG_RUN_ID=scheduled__2021-11-27T00:01:00+00:00
[2021-11-27 07:02:38,341] {subprocess.py:62} INFO - Tmp dir root location: 
 /var/folders/hj/g8v71bv11_gb814qbbwch8zc0000gn/T
[2021-11-27 07:02:38,342] {subprocess.py:74} INFO - Running command: ['bash', '-c', '/Users/Home/Airflow/tasks/unzip.py /Users/Home/Airflow/down /Users/Home/Airflow/unzip']
[2021-11-27 07:02:38,348] {subprocess.py:85} INFO - Output:
[2021-11-27 07:02:38,413] {subprocess.py:93} INFO - Command exited with return code 0
[2021-11-27 07:02:38,425] {taskinstance.py:1270} INFO - Marking task as SUCCESS. dag_id=elt, task_id=unzip, execution_date=20211127T000100, start_date=20211127T000228, end_date=20211127T000238
[2021-11-27 07:02:38,478] {local_task_job.py:154} INFO - Task exited with return code 0
[2021-11-27 07:02:38,503] {local_task_job.py:264} INFO - 1 downstream tasks scheduled from follow-on schedule check
