[2021-11-27 01:30:55,590] {taskinstance.py:1035} INFO - Dependencies all met for <TaskInstance: elt.unzip scheduled__2021-11-26T18:24:00+00:00 [queued]>
[2021-11-27 01:30:55,596] {taskinstance.py:1035} INFO - Dependencies all met for <TaskInstance: elt.unzip scheduled__2021-11-26T18:24:00+00:00 [queued]>
[2021-11-27 01:30:55,622] {taskinstance.py:1241} INFO - 
--------------------------------------------------------------------------------
[2021-11-27 01:30:55,622] {taskinstance.py:1242} INFO - Starting attempt 1 of 2
[2021-11-27 01:30:55,623] {taskinstance.py:1243} INFO - 
--------------------------------------------------------------------------------
[2021-11-27 01:30:55,650] {taskinstance.py:1262} INFO - Executing <Task(BashOperator): unzip> on 2021-11-26 18:24:00+00:00
[2021-11-27 01:30:55,652] {standard_task_runner.py:52} INFO - Started process 14530 to run task
[2021-11-27 01:30:55,657] {standard_task_runner.py:76} INFO - Running: ['airflow', 'tasks', 'run', 'elt', 'unzip', 'scheduled__2021-11-26T18:24:00+00:00', '--job-id', '3', '--raw', '--subdir', 'DAGS_FOLDER/processing.py', '--cfg-path', '/var/folders/hj/g8v71bv11_gb814qbbwch8zc0000gn/T/tmpefqmdo7c', '--error-file', '/var/folders/hj/g8v71bv11_gb814qbbwch8zc0000gn/T/tmp4473mury']
[2021-11-27 01:30:55,658] {standard_task_runner.py:77} INFO - Job 3: Subtask unzip
[2021-11-27 01:30:55,686] {logging_mixin.py:109} INFO - Running <TaskInstance: elt.unzip scheduled__2021-11-26T18:24:00+00:00 [running]> on host MacBookPro.local
[2021-11-27 01:30:55,735] {taskinstance.py:1427} INFO - Exporting the following env vars:
AIRFLOW_CTX_DAG_EMAIL=airflow@example.com
AIRFLOW_CTX_DAG_OWNER=airflow
AIRFLOW_CTX_DAG_ID=elt
AIRFLOW_CTX_TASK_ID=unzip
AIRFLOW_CTX_EXECUTION_DATE=2021-11-26T18:24:00+00:00
AIRFLOW_CTX_DAG_RUN_ID=scheduled__2021-11-26T18:24:00+00:00
[2021-11-27 01:30:55,736] {subprocess.py:62} INFO - Tmp dir root location: 
 /var/folders/hj/g8v71bv11_gb814qbbwch8zc0000gn/T
[2021-11-27 01:30:55,737] {subprocess.py:74} INFO - Running command: ['bash', '-c', '/Users/Home/Airflow/tasks/unzip.py /Users/Home/Airflow/down /Users/Home/Airflow/unzip']
[2021-11-27 01:30:55,742] {subprocess.py:85} INFO - Output:
[2021-11-27 01:30:55,979] {subprocess.py:89} INFO - /Users/Home/Airflow/down/aid-effectiveness/net-migration.zip
[2021-11-27 01:30:55,980] {subprocess.py:89} INFO - /Users/Home/Airflow/down/aid-effectiveness/maternal-mortality-ratio-modeled-estimate-per-100000-live-births.zip
[2021-11-27 01:30:55,980] {subprocess.py:89} INFO - /Users/Home/Airflow/down/aid-effectiveness/incidence-of-tuberculosis-per-100000-people.zip
[2021-11-27 01:30:55,980] {subprocess.py:89} INFO - /Users/Home/Airflow/down/aid-effectiveness/net-oda-received-per-capita-current-us.zip
[2021-11-27 01:30:55,981] {subprocess.py:89} INFO - /Users/Home/Airflow/down/aid-effectiveness/mortality-rate-under-5-per-1000-live-births.zip
[2021-11-27 01:30:55,982] {subprocess.py:89} INFO - /Users/Home/Airflow/down/aid-effectiveness/net-oda-received-of-central-government-expense.zip
[2021-11-27 01:30:55,982] {subprocess.py:89} INFO - /Users/Home/Airflow/down/aid-effectiveness/grants-excluding-technical-cooperation-bop-current-us.zip
[2021-11-27 01:30:55,982] {subprocess.py:89} INFO - /Users/Home/Airflow/down/aid-effectiveness/net-oda-received-of-gross-capital-formation.zip
[2021-11-27 01:30:55,983] {subprocess.py:89} INFO - /Users/Home/Airflow/down/aid-effectiveness/pregnant-women-receiving-prenatal-care.zip
[2021-11-27 01:30:55,983] {subprocess.py:89} INFO - /Users/Home/Airflow/down/aid-effectiveness/prevalence-of-hiv-total-of-population-ages-15-49.zip
[2021-11-27 01:30:55,983] {subprocess.py:89} INFO - /Users/Home/Airflow/down/aid-effectiveness/net-oda-received-of-imports-of-goods-services-and-primary-income.zip
[2021-11-27 01:30:55,983] {subprocess.py:89} INFO - /Users/Home/Airflow/down/aid-effectiveness/poverty-headcount-ratio-at-1-90-a-day-2011-ppp-of-population.zip
[2021-11-27 01:30:55,984] {subprocess.py:89} INFO - /Users/Home/Airflow/down/aid-effectiveness/net-oda-received-of-gni.zip
[2021-11-27 01:30:55,984] {subprocess.py:89} INFO - /Users/Home/Airflow/down/aid-effectiveness/net-official-development-assistance-received-current-us.zip
[2021-11-27 01:30:55,984] {subprocess.py:89} INFO - /Users/Home/Airflow/down/aid-effectiveness/income-share-held-by-lowest-20.zip
[2021-11-27 01:30:55,985] {subprocess.py:89} INFO - /Users/Home/Airflow/down/agriculture-and-rural-development/surface-area-sq-km.zip
[2021-11-27 01:30:55,985] {subprocess.py:89} INFO - /Users/Home/Airflow/down/agriculture-and-rural-development/livestock-production-index-2014-2016-100.zip
[2021-11-27 01:30:55,985] {subprocess.py:89} INFO - /Users/Home/Airflow/down/agriculture-and-rural-development/forest-area-of-land-area.zip
[2021-11-27 01:30:55,986] {subprocess.py:89} INFO - /Users/Home/Airflow/down/agriculture-and-rural-development/agriculture-forestry-and-fishing-value-added-of-gdp.zip
[2021-11-27 01:30:55,986] {subprocess.py:89} INFO - /Users/Home/Airflow/down/agriculture-and-rural-development/land-under-cereal-production-hectares.zip
[2021-11-27 01:30:55,986] {subprocess.py:89} INFO - /Users/Home/Airflow/down/agriculture-and-rural-development/employment-in-agriculture-male-of-male-employment-modeled-ilo-estimate.zip
[2021-11-27 01:30:55,987] {subprocess.py:89} INFO - /Users/Home/Airflow/down/agriculture-and-rural-development/agricultural-machinery-tractors-per-100-sq-km-of-arable-land.zip
[2021-11-27 01:30:55,987] {subprocess.py:89} INFO - /Users/Home/Airflow/down/agriculture-and-rural-development/cereal-yield-kg-per-hectare.zip
[2021-11-27 01:30:55,988] {subprocess.py:89} INFO - /Users/Home/Airflow/down/agriculture-and-rural-development/food-production-index-2014-2016-100.zip
[2021-11-27 01:30:55,988] {subprocess.py:89} INFO - /Users/Home/Airflow/down/agriculture-and-rural-development/arable-land-hectares-per-person.zip
[2021-11-27 01:30:55,988] {subprocess.py:89} INFO - /Users/Home/Airflow/down/agriculture-and-rural-development/employment-in-agriculture-female-of-female-employment-modeled-ilo-estimate.zip
[2021-11-27 01:30:55,989] {subprocess.py:89} INFO - /Users/Home/Airflow/down/agriculture-and-rural-development/land-area-sq-km.zip
[2021-11-27 01:30:55,989] {subprocess.py:89} INFO - /Users/Home/Airflow/down/agriculture-and-rural-development/crop-production-index-2014-2016-100.zip
[2021-11-27 01:30:55,989] {subprocess.py:89} INFO - /Users/Home/Airflow/down/agriculture-and-rural-development/forest-area-sq-km.zip
[2021-11-27 01:30:55,990] {subprocess.py:89} INFO - /Users/Home/Airflow/down/agriculture-and-rural-development/fertilizer-consumption-kilograms-per-hectare-of-arable-land.zip
[2021-11-27 01:30:55,990] {subprocess.py:89} INFO - /Users/Home/Airflow/down/agriculture-and-rural-development/rural-population.zip
[2021-11-27 01:30:55,991] {subprocess.py:89} INFO - /Users/Home/Airflow/down/agriculture-and-rural-development/agricultural-land-of-land-area.zip
[2021-11-27 01:30:55,991] {subprocess.py:89} INFO - /Users/Home/Airflow/down/agriculture-and-rural-development/agricultural-irrigated-land-of-total-agricultural-land.zip
[2021-11-27 01:30:55,991] {subprocess.py:89} INFO - /Users/Home/Airflow/down/agriculture-and-rural-development/arable-land-of-land-area.zip
[2021-11-27 01:30:55,992] {subprocess.py:89} INFO - /Users/Home/Airflow/down/agriculture-and-rural-development/rural-population-of-total-population.zip
[2021-11-27 01:30:55,992] {subprocess.py:89} INFO - /Users/Home/Airflow/down/agriculture-and-rural-development/permanent-cropland-of-land-area.zip
[2021-11-27 01:30:55,993] {subprocess.py:93} INFO - Command exited with return code 0
[2021-11-27 01:30:56,009] {taskinstance.py:1270} INFO - Marking task as SUCCESS. dag_id=elt, task_id=unzip, execution_date=20211126T182400, start_date=20211126T183055, end_date=20211126T183056
[2021-11-27 01:30:56,036] {local_task_job.py:154} INFO - Task exited with return code 0
[2021-11-27 01:30:56,071] {local_task_job.py:264} INFO - 1 downstream tasks scheduled from follow-on schedule check
