[2021-11-27 06:17:10,181] {taskinstance.py:1035} INFO - Dependencies all met for <TaskInstance: elt.upload scheduled__2021-11-26T23:16:00+00:00 [queued]>
[2021-11-27 06:17:10,187] {taskinstance.py:1035} INFO - Dependencies all met for <TaskInstance: elt.upload scheduled__2021-11-26T23:16:00+00:00 [queued]>
[2021-11-27 06:17:10,187] {taskinstance.py:1241} INFO - 
--------------------------------------------------------------------------------
[2021-11-27 06:17:10,187] {taskinstance.py:1242} INFO - Starting attempt 1 of 2
[2021-11-27 06:17:10,187] {taskinstance.py:1243} INFO - 
--------------------------------------------------------------------------------
[2021-11-27 06:17:10,194] {taskinstance.py:1262} INFO - Executing <Task(BashOperator): upload> on 2021-11-26 23:16:00+00:00
[2021-11-27 06:17:10,197] {standard_task_runner.py:52} INFO - Started process 2232 to run task
[2021-11-27 06:17:10,202] {standard_task_runner.py:76} INFO - Running: ['airflow', 'tasks', 'run', 'elt', 'upload', 'scheduled__2021-11-26T23:16:00+00:00', '--job-id', '39', '--raw', '--subdir', 'DAGS_FOLDER/processing.py', '--cfg-path', '/var/folders/hj/g8v71bv11_gb814qbbwch8zc0000gn/T/tmpepjtrj7v', '--error-file', '/var/folders/hj/g8v71bv11_gb814qbbwch8zc0000gn/T/tmpuvidoags']
[2021-11-27 06:17:10,204] {standard_task_runner.py:77} INFO - Job 39: Subtask upload
[2021-11-27 06:17:10,230] {logging_mixin.py:109} INFO - Running <TaskInstance: elt.upload scheduled__2021-11-26T23:16:00+00:00 [running]> on host 1.0.0.0.0.0.0.0.0.0.0.0.0.0.0.0.0.0.0.0.0.0.0.0.0.0.0.0.0.0.0.0.ip6.arpa
[2021-11-27 06:17:10,259] {taskinstance.py:1427} INFO - Exporting the following env vars:
AIRFLOW_CTX_DAG_EMAIL=airflow@example.com
AIRFLOW_CTX_DAG_OWNER=airflow
AIRFLOW_CTX_DAG_ID=elt
AIRFLOW_CTX_TASK_ID=upload
AIRFLOW_CTX_EXECUTION_DATE=2021-11-26T23:16:00+00:00
AIRFLOW_CTX_DAG_RUN_ID=scheduled__2021-11-26T23:16:00+00:00
[2021-11-27 06:17:10,259] {subprocess.py:62} INFO - Tmp dir root location: 
 /var/folders/hj/g8v71bv11_gb814qbbwch8zc0000gn/T
[2021-11-27 06:17:10,260] {subprocess.py:74} INFO - Running command: ['bash', '-c', '/Users/Home/Airflow/tasks/cleaning.py /Users/Home/Airflow/output worldbank']
[2021-11-27 06:17:10,265] {subprocess.py:85} INFO - Output:
[2021-11-27 06:17:10,311] {subprocess.py:89} INFO - rm: /Users/Home/Airflow/output/*API_AG.LND.CROP.ZS_DS2_en_csv_v2_3163899.csv: No such file or directory
[2021-11-27 06:17:10,316] {subprocess.py:89} INFO - rm: /Users/Home/Airflow/output/*API_AG.PRD.LVSK.XD_DS2_en_csv_v2_3161120.csv: No such file or directory
[2021-11-27 06:17:10,322] {subprocess.py:89} INFO - rm: /Users/Home/Airflow/output/*API_AG.LND.TOTL.K2_DS2_en_csv_v2_3159087.csv: No such file or directory
[2021-11-27 06:17:10,326] {subprocess.py:89} INFO - rm: /Users/Home/Airflow/output/*API_SP.RUR.TOTL.ZS_DS2_en_csv_v2_3160121.csv: No such file or directory
[2021-11-27 06:17:10,331] {subprocess.py:89} INFO - rm: /Users/Home/Airflow/output/*API_AG.LND.CREL.HA_DS2_en_csv_v2_3163897.csv: No such file or directory
[2021-11-27 06:17:10,336] {subprocess.py:89} INFO - rm: /Users/Home/Airflow/output/*API_SP.RUR.TOTL_DS2_en_csv_v2_3163192.csv: No such file or directory
[2021-11-27 06:17:10,342] {subprocess.py:89} INFO - rm: /Users/Home/Airflow/output/*API_AG.SRF.TOTL.K2_DS2_en_csv_v2_3160371.csv: No such file or directory
[2021-11-27 06:17:10,347] {subprocess.py:89} INFO - rm: /Users/Home/Airflow/output/*API_BX.GRT.EXTA.CD.WD_DS2_en_csv_v2_3163964.csv: No such file or directory
[2021-11-27 06:17:10,347] {subprocess.py:89} INFO - API_AG.LND.CROP.ZS_DS2_en_csv_v2_3163899.csv
[2021-11-27 06:17:10,348] {subprocess.py:89} INFO - API_AG.PRD.LVSK.XD_DS2_en_csv_v2_3161120.csv
[2021-11-27 06:17:10,348] {subprocess.py:89} INFO - API_AG.LND.TOTL.K2_DS2_en_csv_v2_3159087.csv
[2021-11-27 06:17:10,348] {subprocess.py:89} INFO - API_SP.RUR.TOTL.ZS_DS2_en_csv_v2_3160121.csv
[2021-11-27 06:17:10,349] {subprocess.py:89} INFO - API_AG.LND.CREL.HA_DS2_en_csv_v2_3163897.csv
[2021-11-27 06:17:10,349] {subprocess.py:89} INFO - API_SP.RUR.TOTL_DS2_en_csv_v2_3163192.csv
[2021-11-27 06:17:10,349] {subprocess.py:89} INFO - API_AG.SRF.TOTL.K2_DS2_en_csv_v2_3160371.csv
[2021-11-27 06:17:10,349] {subprocess.py:89} INFO - API_BX.GRT.EXTA.CD.WD_DS2_en_csv_v2_3163964.csv
[2021-11-27 06:17:10,353] {subprocess.py:93} INFO - Command exited with return code 0
[2021-11-27 06:17:10,366] {taskinstance.py:1270} INFO - Marking task as SUCCESS. dag_id=elt, task_id=upload, execution_date=20211126T231600, start_date=20211126T231710, end_date=20211126T231710
[2021-11-27 06:17:10,384] {local_task_job.py:154} INFO - Task exited with return code 0
[2021-11-27 06:17:10,402] {local_task_job.py:264} INFO - 0 downstream tasks scheduled from follow-on schedule check
