[2021-11-27 05:13:06,636] {taskinstance.py:1035} INFO - Dependencies all met for <TaskInstance: elt.cleaning scheduled__2021-11-26T22:12:00+00:00 [queued]>
[2021-11-27 05:13:06,642] {taskinstance.py:1035} INFO - Dependencies all met for <TaskInstance: elt.cleaning scheduled__2021-11-26T22:12:00+00:00 [queued]>
[2021-11-27 05:13:06,642] {taskinstance.py:1241} INFO - 
--------------------------------------------------------------------------------
[2021-11-27 05:13:06,642] {taskinstance.py:1242} INFO - Starting attempt 1 of 2
[2021-11-27 05:13:06,642] {taskinstance.py:1243} INFO - 
--------------------------------------------------------------------------------
[2021-11-27 05:13:06,648] {taskinstance.py:1262} INFO - Executing <Task(BashOperator): cleaning> on 2021-11-26 22:12:00+00:00
[2021-11-27 05:13:06,650] {standard_task_runner.py:52} INFO - Started process 20232 to run task
[2021-11-27 05:13:06,657] {standard_task_runner.py:76} INFO - Running: ['airflow', 'tasks', 'run', 'elt', 'cleaning', 'scheduled__2021-11-26T22:12:00+00:00', '--job-id', '15', '--raw', '--subdir', 'DAGS_FOLDER/processing.py', '--cfg-path', '/var/folders/hj/g8v71bv11_gb814qbbwch8zc0000gn/T/tmpfp_ewcqs', '--error-file', '/var/folders/hj/g8v71bv11_gb814qbbwch8zc0000gn/T/tmpdyrek221']
[2021-11-27 05:13:06,660] {standard_task_runner.py:77} INFO - Job 15: Subtask cleaning
[2021-11-27 05:13:06,691] {logging_mixin.py:109} INFO - Running <TaskInstance: elt.cleaning scheduled__2021-11-26T22:12:00+00:00 [running]> on host 1.0.0.0.0.0.0.0.0.0.0.0.0.0.0.0.0.0.0.0.0.0.0.0.0.0.0.0.0.0.0.0.ip6.arpa
[2021-11-27 05:13:06,739] {taskinstance.py:1427} INFO - Exporting the following env vars:
AIRFLOW_CTX_DAG_EMAIL=airflow@example.com
AIRFLOW_CTX_DAG_OWNER=airflow
AIRFLOW_CTX_DAG_ID=elt
AIRFLOW_CTX_TASK_ID=cleaning
AIRFLOW_CTX_EXECUTION_DATE=2021-11-26T22:12:00+00:00
AIRFLOW_CTX_DAG_RUN_ID=scheduled__2021-11-26T22:12:00+00:00
[2021-11-27 05:13:06,740] {subprocess.py:62} INFO - Tmp dir root location: 
 /var/folders/hj/g8v71bv11_gb814qbbwch8zc0000gn/T
[2021-11-27 05:13:06,741] {subprocess.py:74} INFO - Running command: ['bash', '-c', '/Users/Home/Airflow/tasks/cleaning.py /Users/Home/Airflow/unzip /Users/Home/Airflow/output']
[2021-11-27 05:13:06,748] {subprocess.py:85} INFO - Output:
[2021-11-27 05:13:06,840] {subprocess.py:89} INFO - API_NV.AGR.TOTL.ZS_DS2_en_csv_v2_3160861.csv
[2021-11-27 05:13:06,841] {subprocess.py:89} INFO - API_AG.LND.IRIG.AG.ZS_DS2_en_csv_v2_3163914.csv
[2021-11-27 05:13:06,841] {subprocess.py:89} INFO - API_AG.LND.ARBL.ZS_DS2_en_csv_v2_3161161.csv
[2021-11-27 05:13:06,841] {subprocess.py:89} INFO - API_AG.LND.TRAC.ZS_DS2_en_csv_v2_3163924.csv
[2021-11-27 05:13:06,842] {subprocess.py:89} INFO - API_AG.LND.ARBL.HA.PC_DS2_en_csv_v2_3163892.csv
[2021-11-27 05:13:06,842] {subprocess.py:89} INFO - API_AG.LND.AGRI.ZS_DS2_en_csv_v2_3163149.csv
[2021-11-27 05:13:06,846] {subprocess.py:93} INFO - Command exited with return code 0
[2021-11-27 05:13:06,861] {taskinstance.py:1270} INFO - Marking task as SUCCESS. dag_id=elt, task_id=cleaning, execution_date=20211126T221200, start_date=20211126T221306, end_date=20211126T221306
[2021-11-27 05:13:06,881] {local_task_job.py:154} INFO - Task exited with return code 0
[2021-11-27 05:13:06,906] {local_task_job.py:264} INFO - 1 downstream tasks scheduled from follow-on schedule check
