[2021-11-27 06:05:04,210] {taskinstance.py:1035} INFO - Dependencies all met for <TaskInstance: elt.unzip scheduled__2021-11-26T23:04:00+00:00 [queued]>
[2021-11-27 06:05:04,216] {taskinstance.py:1035} INFO - Dependencies all met for <TaskInstance: elt.unzip scheduled__2021-11-26T23:04:00+00:00 [queued]>
[2021-11-27 06:05:04,216] {taskinstance.py:1241} INFO - 
--------------------------------------------------------------------------------
[2021-11-27 06:05:04,216] {taskinstance.py:1242} INFO - Starting attempt 1 of 2
[2021-11-27 06:05:04,216] {taskinstance.py:1243} INFO - 
--------------------------------------------------------------------------------
[2021-11-27 06:05:04,223] {taskinstance.py:1262} INFO - Executing <Task(BashOperator): unzip> on 2021-11-26 23:04:00+00:00
[2021-11-27 06:05:04,226] {standard_task_runner.py:52} INFO - Started process 1532 to run task
[2021-11-27 06:05:04,230] {standard_task_runner.py:76} INFO - Running: ['airflow', 'tasks', 'run', 'elt', 'unzip', 'scheduled__2021-11-26T23:04:00+00:00', '--job-id', '2', '--raw', '--subdir', 'DAGS_FOLDER/processing.py', '--cfg-path', '/var/folders/hj/g8v71bv11_gb814qbbwch8zc0000gn/T/tmpxylfxwk5', '--error-file', '/var/folders/hj/g8v71bv11_gb814qbbwch8zc0000gn/T/tmp0_d9cw_f']
[2021-11-27 06:05:04,231] {standard_task_runner.py:77} INFO - Job 2: Subtask unzip
[2021-11-27 06:05:04,263] {logging_mixin.py:109} INFO - Running <TaskInstance: elt.unzip scheduled__2021-11-26T23:04:00+00:00 [running]> on host MacBookPro.local
[2021-11-27 06:05:04,292] {taskinstance.py:1427} INFO - Exporting the following env vars:
AIRFLOW_CTX_DAG_EMAIL=airflow@example.com
AIRFLOW_CTX_DAG_OWNER=airflow
AIRFLOW_CTX_DAG_ID=elt
AIRFLOW_CTX_TASK_ID=unzip
AIRFLOW_CTX_EXECUTION_DATE=2021-11-26T23:04:00+00:00
AIRFLOW_CTX_DAG_RUN_ID=scheduled__2021-11-26T23:04:00+00:00
[2021-11-27 06:05:04,293] {subprocess.py:62} INFO - Tmp dir root location: 
 /var/folders/hj/g8v71bv11_gb814qbbwch8zc0000gn/T
[2021-11-27 06:05:04,294] {subprocess.py:74} INFO - Running command: ['bash', '-c', '/Users/Home/Airflow/tasks/unzip.py /Users/Home/Airflow/down /Users/Home/Airflow/unzip']
[2021-11-27 06:05:04,302] {subprocess.py:85} INFO - Output:
[2021-11-27 06:05:04,538] {subprocess.py:89} INFO - /Users/Home/Airflow/down/aid-effectiveness/net-migration.zip
[2021-11-27 06:05:04,538] {subprocess.py:89} INFO - /Users/Home/Airflow/down/aid-effectiveness/maternal-mortality-ratio-modeled-estimate-per-100000-live-births.zip
[2021-11-27 06:05:04,539] {subprocess.py:89} INFO - /Users/Home/Airflow/down/aid-effectiveness/incidence-of-tuberculosis-per-100000-people.zip
[2021-11-27 06:05:04,539] {subprocess.py:89} INFO - /Users/Home/Airflow/down/aid-effectiveness/net-oda-received-per-capita-current-us.zip
[2021-11-27 06:05:04,540] {subprocess.py:89} INFO - /Users/Home/Airflow/down/aid-effectiveness/mortality-rate-under-5-per-1000-live-births.zip
[2021-11-27 06:05:04,540] {subprocess.py:89} INFO - /Users/Home/Airflow/down/aid-effectiveness/net-oda-received-of-central-government-expense.zip
[2021-11-27 06:05:04,540] {subprocess.py:89} INFO - /Users/Home/Airflow/down/aid-effectiveness/grants-excluding-technical-cooperation-bop-current-us.zip
[2021-11-27 06:05:04,541] {subprocess.py:89} INFO - /Users/Home/Airflow/down/aid-effectiveness/net-oda-received-of-gross-capital-formation.zip
[2021-11-27 06:05:04,541] {subprocess.py:89} INFO - /Users/Home/Airflow/down/aid-effectiveness/pregnant-women-receiving-prenatal-care.zip
[2021-11-27 06:05:04,541] {subprocess.py:89} INFO - /Users/Home/Airflow/down/aid-effectiveness/prevalence-of-hiv-total-of-population-ages-15-49.zip
[2021-11-27 06:05:04,541] {subprocess.py:89} INFO - /Users/Home/Airflow/down/aid-effectiveness/net-oda-received-of-imports-of-goods-services-and-primary-income.zip
[2021-11-27 06:05:04,541] {subprocess.py:89} INFO - /Users/Home/Airflow/down/aid-effectiveness/poverty-headcount-ratio-at-1-90-a-day-2011-ppp-of-population.zip
[2021-11-27 06:05:04,542] {subprocess.py:89} INFO - /Users/Home/Airflow/down/aid-effectiveness/primary-completion-rate-total-of-relevant-age-group.zip
[2021-11-27 06:05:04,542] {subprocess.py:89} INFO - /Users/Home/Airflow/down/aid-effectiveness/prevalence-of-stunting-height-for-age-of-children-under-5.zip
[2021-11-27 06:05:04,542] {subprocess.py:89} INFO - /Users/Home/Airflow/down/aid-effectiveness/net-oda-received-of-gni.zip
[2021-11-27 06:05:04,542] {subprocess.py:89} INFO - /Users/Home/Airflow/down/aid-effectiveness/net-official-development-assistance-received-current-us.zip
[2021-11-27 06:05:04,542] {subprocess.py:89} INFO - /Users/Home/Airflow/down/aid-effectiveness/income-share-held-by-lowest-20.zip
[2021-11-27 06:05:04,543] {subprocess.py:89} INFO - /Users/Home/Airflow/down/aid-effectiveness/school-enrollment-primary-and-secondary-gross-gender-parity-index-gpi.zip
[2021-11-27 06:05:04,543] {subprocess.py:89} INFO - /Users/Home/Airflow/down/agriculture-and-rural-development/surface-area-sq-km.zip
[2021-11-27 06:05:04,543] {subprocess.py:89} INFO - /Users/Home/Airflow/down/agriculture-and-rural-development/livestock-production-index-2014-2016-100.zip
[2021-11-27 06:05:04,544] {subprocess.py:89} INFO - /Users/Home/Airflow/down/agriculture-and-rural-development/forest-area-of-land-area.zip
[2021-11-27 06:05:04,544] {subprocess.py:89} INFO - /Users/Home/Airflow/down/agriculture-and-rural-development/agriculture-forestry-and-fishing-value-added-of-gdp.zip
[2021-11-27 06:05:04,544] {subprocess.py:89} INFO - /Users/Home/Airflow/down/agriculture-and-rural-development/land-under-cereal-production-hectares.zip
[2021-11-27 06:05:04,544] {subprocess.py:89} INFO - /Users/Home/Airflow/down/agriculture-and-rural-development/employment-in-agriculture-male-of-male-employment-modeled-ilo-estimate.zip
[2021-11-27 06:05:04,545] {subprocess.py:89} INFO - /Users/Home/Airflow/down/agriculture-and-rural-development/agricultural-machinery-tractors-per-100-sq-km-of-arable-land.zip
[2021-11-27 06:05:04,545] {subprocess.py:89} INFO - /Users/Home/Airflow/down/agriculture-and-rural-development/cereal-yield-kg-per-hectare.zip
[2021-11-27 06:05:04,545] {subprocess.py:89} INFO - /Users/Home/Airflow/down/agriculture-and-rural-development/food-production-index-2014-2016-100.zip
[2021-11-27 06:05:04,546] {subprocess.py:89} INFO - /Users/Home/Airflow/down/agriculture-and-rural-development/arable-land-hectares-per-person.zip
[2021-11-27 06:05:04,546] {subprocess.py:89} INFO - /Users/Home/Airflow/down/agriculture-and-rural-development/employment-in-agriculture-female-of-female-employment-modeled-ilo-estimate.zip
[2021-11-27 06:05:04,546] {subprocess.py:89} INFO - /Users/Home/Airflow/down/agriculture-and-rural-development/land-area-sq-km.zip
[2021-11-27 06:05:04,546] {subprocess.py:89} INFO - /Users/Home/Airflow/down/agriculture-and-rural-development/crop-production-index-2014-2016-100.zip
[2021-11-27 06:05:04,546] {subprocess.py:89} INFO - /Users/Home/Airflow/down/agriculture-and-rural-development/forest-area-sq-km.zip
[2021-11-27 06:05:04,547] {subprocess.py:89} INFO - /Users/Home/Airflow/down/agriculture-and-rural-development/fertilizer-consumption-kilograms-per-hectare-of-arable-land.zip
[2021-11-27 06:05:04,547] {subprocess.py:89} INFO - /Users/Home/Airflow/down/agriculture-and-rural-development/rural-population.zip
[2021-11-27 06:05:04,547] {subprocess.py:89} INFO - /Users/Home/Airflow/down/agriculture-and-rural-development/agricultural-land-of-land-area.zip
[2021-11-27 06:05:04,547] {subprocess.py:89} INFO - /Users/Home/Airflow/down/agriculture-and-rural-development/agricultural-irrigated-land-of-total-agricultural-land.zip
[2021-11-27 06:05:04,548] {subprocess.py:89} INFO - /Users/Home/Airflow/down/agriculture-and-rural-development/arable-land-of-land-area.zip
[2021-11-27 06:05:04,548] {subprocess.py:89} INFO - /Users/Home/Airflow/down/agriculture-and-rural-development/rural-population-of-total-population.zip
[2021-11-27 06:05:04,548] {subprocess.py:89} INFO - /Users/Home/Airflow/down/agriculture-and-rural-development/permanent-cropland-of-land-area.zip
[2021-11-27 06:05:04,548] {subprocess.py:93} INFO - Command exited with return code 0
[2021-11-27 06:05:04,563] {taskinstance.py:1270} INFO - Marking task as SUCCESS. dag_id=elt, task_id=unzip, execution_date=20211126T230400, start_date=20211126T230504, end_date=20211126T230504
[2021-11-27 06:05:04,585] {local_task_job.py:154} INFO - Task exited with return code 0
[2021-11-27 06:05:04,622] {local_task_job.py:264} INFO - 1 downstream tasks scheduled from follow-on schedule check
