[2021-11-27 11:30:05,980] {taskinstance.py:1035} INFO - Dependencies all met for <TaskInstance: elt.cleaning scheduled__2021-11-27T04:29:00+00:00 [queued]>
[2021-11-27 11:30:05,986] {taskinstance.py:1035} INFO - Dependencies all met for <TaskInstance: elt.cleaning scheduled__2021-11-27T04:29:00+00:00 [queued]>
[2021-11-27 11:30:05,986] {taskinstance.py:1241} INFO - 
--------------------------------------------------------------------------------
[2021-11-27 11:30:05,986] {taskinstance.py:1242} INFO - Starting attempt 1 of 2
[2021-11-27 11:30:05,986] {taskinstance.py:1243} INFO - 
--------------------------------------------------------------------------------
[2021-11-27 11:30:05,993] {taskinstance.py:1262} INFO - Executing <Task(BashOperator): cleaning> on 2021-11-27 04:29:00+00:00
[2021-11-27 11:30:05,995] {standard_task_runner.py:52} INFO - Started process 10742 to run task
[2021-11-27 11:30:05,999] {standard_task_runner.py:76} INFO - Running: ['airflow', 'tasks', 'run', 'elt', 'cleaning', 'scheduled__2021-11-27T04:29:00+00:00', '--job-id', '536', '--raw', '--subdir', 'DAGS_FOLDER/processing.py', '--cfg-path', '/var/folders/hj/g8v71bv11_gb814qbbwch8zc0000gn/T/tmpq1dzvx5v', '--error-file', '/var/folders/hj/g8v71bv11_gb814qbbwch8zc0000gn/T/tmpk9lh29_w']
[2021-11-27 11:30:06,001] {standard_task_runner.py:77} INFO - Job 536: Subtask cleaning
[2021-11-27 11:30:06,032] {logging_mixin.py:109} INFO - Running <TaskInstance: elt.cleaning scheduled__2021-11-27T04:29:00+00:00 [running]> on host 1.0.0.0.0.0.0.0.0.0.0.0.0.0.0.0.0.0.0.0.0.0.0.0.0.0.0.0.0.0.0.0.ip6.arpa
[2021-11-27 11:30:06,062] {taskinstance.py:1427} INFO - Exporting the following env vars:
AIRFLOW_CTX_DAG_EMAIL=airflow@example.com
AIRFLOW_CTX_DAG_OWNER=airflow
AIRFLOW_CTX_DAG_ID=elt
AIRFLOW_CTX_TASK_ID=cleaning
AIRFLOW_CTX_EXECUTION_DATE=2021-11-27T04:29:00+00:00
AIRFLOW_CTX_DAG_RUN_ID=scheduled__2021-11-27T04:29:00+00:00
[2021-11-27 11:30:06,063] {subprocess.py:62} INFO - Tmp dir root location: 
 /var/folders/hj/g8v71bv11_gb814qbbwch8zc0000gn/T
[2021-11-27 11:30:06,064] {subprocess.py:74} INFO - Running command: ['bash', '-c', '/Users/Home/Airflow/tasks/cleaning.py /Users/Home/Airflow/unzip /Users/Home/Airflow/output']
[2021-11-27 11:30:06,070] {subprocess.py:85} INFO - Output:
[2021-11-27 11:30:06,149] {subprocess.py:89} INFO - API_AG.LND.CROP.ZS_DS2_en_csv_v2_3163899.csv
[2021-11-27 11:30:06,150] {subprocess.py:89} INFO - API_AG.PRD.LVSK.XD_DS2_en_csv_v2_3161120.csv
[2021-11-27 11:30:06,150] {subprocess.py:89} INFO - API_AG.LND.TOTL.K2_DS2_en_csv_v2_3159087.csv
[2021-11-27 11:30:06,150] {subprocess.py:89} INFO - API_SP.RUR.TOTL.ZS_DS2_en_csv_v2_3160121.csv
[2021-11-27 11:30:06,150] {subprocess.py:89} INFO - API_AG.LND.CREL.HA_DS2_en_csv_v2_3163897.csv
[2021-11-27 11:30:06,151] {subprocess.py:89} INFO - API_SP.RUR.TOTL_DS2_en_csv_v2_3163192.csv
[2021-11-27 11:30:06,154] {subprocess.py:93} INFO - Command exited with return code 0
[2021-11-27 11:30:06,167] {taskinstance.py:1270} INFO - Marking task as SUCCESS. dag_id=elt, task_id=cleaning, execution_date=20211127T042900, start_date=20211127T043005, end_date=20211127T043006
[2021-11-27 11:30:06,185] {local_task_job.py:154} INFO - Task exited with return code 0
[2021-11-27 11:30:06,202] {local_task_job.py:264} INFO - 1 downstream tasks scheduled from follow-on schedule check
