[2021-11-27 00:03:47,234] {taskinstance.py:1035} INFO - Dependencies all met for <TaskInstance: tutorial.templated manual__2021-11-26T16:56:38.094941+00:00 [queued]>
[2021-11-27 00:03:47,240] {taskinstance.py:1035} INFO - Dependencies all met for <TaskInstance: tutorial.templated manual__2021-11-26T16:56:38.094941+00:00 [queued]>
[2021-11-27 00:03:47,240] {taskinstance.py:1241} INFO - 
--------------------------------------------------------------------------------
[2021-11-27 00:03:47,241] {taskinstance.py:1242} INFO - Starting attempt 1 of 2
[2021-11-27 00:03:47,241] {taskinstance.py:1243} INFO - 
--------------------------------------------------------------------------------
[2021-11-27 00:03:47,250] {taskinstance.py:1262} INFO - Executing <Task(BashOperator): templated> on 2021-11-26 16:56:38.094941+00:00
[2021-11-27 00:03:47,252] {standard_task_runner.py:52} INFO - Started process 11588 to run task
[2021-11-27 00:03:47,257] {standard_task_runner.py:76} INFO - Running: ['airflow', 'tasks', 'run', 'tutorial', 'templated', 'manual__2021-11-26T16:56:38.094941+00:00', '--job-id', '7', '--raw', '--subdir', 'DAGS_FOLDER/tutorial.py', '--cfg-path', '/var/folders/hj/g8v71bv11_gb814qbbwch8zc0000gn/T/tmpupigyzb3', '--error-file', '/var/folders/hj/g8v71bv11_gb814qbbwch8zc0000gn/T/tmpkrdgiloi']
[2021-11-27 00:03:47,259] {standard_task_runner.py:77} INFO - Job 7: Subtask templated
[2021-11-27 00:03:47,289] {logging_mixin.py:109} INFO - Running <TaskInstance: tutorial.templated manual__2021-11-26T16:56:38.094941+00:00 [running]> on host 1.0.0.0.0.0.0.0.0.0.0.0.0.0.0.0.0.0.0.0.0.0.0.0.0.0.0.0.0.0.0.0.ip6.arpa
[2021-11-27 00:03:47,328] {taskinstance.py:1427} INFO - Exporting the following env vars:
AIRFLOW_CTX_DAG_EMAIL=airflow@example.com
AIRFLOW_CTX_DAG_OWNER=airflow
AIRFLOW_CTX_DAG_ID=tutorial
AIRFLOW_CTX_TASK_ID=templated
AIRFLOW_CTX_EXECUTION_DATE=2021-11-26T16:56:38.094941+00:00
AIRFLOW_CTX_DAG_RUN_ID=manual__2021-11-26T16:56:38.094941+00:00
[2021-11-27 00:03:47,328] {subprocess.py:62} INFO - Tmp dir root location: 
 /var/folders/hj/g8v71bv11_gb814qbbwch8zc0000gn/T
[2021-11-27 00:03:47,329] {subprocess.py:74} INFO - Running command: ['bash', '-c', '\n\n    echo "2021-11-26"\n    echo "2021-12-03"\n    echo "Parameter I passed in"\n\n    echo "2021-11-26"\n    echo "2021-12-03"\n    echo "Parameter I passed in"\n\n    echo "2021-11-26"\n    echo "2021-12-03"\n    echo "Parameter I passed in"\n\n    echo "2021-11-26"\n    echo "2021-12-03"\n    echo "Parameter I passed in"\n\n    echo "2021-11-26"\n    echo "2021-12-03"\n    echo "Parameter I passed in"\n']
[2021-11-27 00:03:47,334] {subprocess.py:85} INFO - Output:
[2021-11-27 00:03:47,337] {subprocess.py:89} INFO - 2021-11-26
[2021-11-27 00:03:47,337] {subprocess.py:89} INFO - 2021-12-03
[2021-11-27 00:03:47,337] {subprocess.py:89} INFO - Parameter I passed in
[2021-11-27 00:03:47,337] {subprocess.py:89} INFO - 2021-11-26
[2021-11-27 00:03:47,338] {subprocess.py:89} INFO - 2021-12-03
[2021-11-27 00:03:47,338] {subprocess.py:89} INFO - Parameter I passed in
[2021-11-27 00:03:47,338] {subprocess.py:89} INFO - 2021-11-26
[2021-11-27 00:03:47,338] {subprocess.py:89} INFO - 2021-12-03
[2021-11-27 00:03:47,338] {subprocess.py:89} INFO - Parameter I passed in
[2021-11-27 00:03:47,339] {subprocess.py:89} INFO - 2021-11-26
[2021-11-27 00:03:47,339] {subprocess.py:89} INFO - 2021-12-03
[2021-11-27 00:03:47,339] {subprocess.py:89} INFO - Parameter I passed in
[2021-11-27 00:03:47,339] {subprocess.py:89} INFO - 2021-11-26
[2021-11-27 00:03:47,339] {subprocess.py:89} INFO - 2021-12-03
[2021-11-27 00:03:47,340] {subprocess.py:89} INFO - Parameter I passed in
[2021-11-27 00:03:47,340] {subprocess.py:93} INFO - Command exited with return code 0
[2021-11-27 00:03:47,356] {taskinstance.py:1270} INFO - Marking task as SUCCESS. dag_id=tutorial, task_id=templated, execution_date=20211126T165638, start_date=20211126T170347, end_date=20211126T170347
[2021-11-27 00:03:47,397] {local_task_job.py:154} INFO - Task exited with return code 0
[2021-11-27 00:03:47,415] {local_task_job.py:264} INFO - 0 downstream tasks scheduled from follow-on schedule check
