[2021-11-27 02:11:46,511] {taskinstance.py:1035} INFO - Dependencies all met for <TaskInstance: elt.cleaning scheduled__2021-11-26T18:35:00+00:00 [queued]>
[2021-11-27 02:11:46,519] {taskinstance.py:1035} INFO - Dependencies all met for <TaskInstance: elt.cleaning scheduled__2021-11-26T18:35:00+00:00 [queued]>
[2021-11-27 02:11:46,519] {taskinstance.py:1241} INFO - 
--------------------------------------------------------------------------------
[2021-11-27 02:11:46,519] {taskinstance.py:1242} INFO - Starting attempt 1 of 2
[2021-11-27 02:11:46,519] {taskinstance.py:1243} INFO - 
--------------------------------------------------------------------------------
[2021-11-27 02:11:46,527] {taskinstance.py:1262} INFO - Executing <Task(BashOperator): cleaning> on 2021-11-26 18:35:00+00:00
[2021-11-27 02:11:46,529] {standard_task_runner.py:52} INFO - Started process 15056 to run task
[2021-11-27 02:11:46,535] {standard_task_runner.py:76} INFO - Running: ['airflow', 'tasks', 'run', 'elt', 'cleaning', 'scheduled__2021-11-26T18:35:00+00:00', '--job-id', '30', '--raw', '--subdir', 'DAGS_FOLDER/processing.py', '--cfg-path', '/var/folders/hj/g8v71bv11_gb814qbbwch8zc0000gn/T/tmpa1js1ue2', '--error-file', '/var/folders/hj/g8v71bv11_gb814qbbwch8zc0000gn/T/tmpvghyynrj']
[2021-11-27 02:11:46,537] {standard_task_runner.py:77} INFO - Job 30: Subtask cleaning
[2021-11-27 02:11:46,575] {logging_mixin.py:109} INFO - Running <TaskInstance: elt.cleaning scheduled__2021-11-26T18:35:00+00:00 [running]> on host 1.0.0.0.0.0.0.0.0.0.0.0.0.0.0.0.0.0.0.0.0.0.0.0.0.0.0.0.0.0.0.0.ip6.arpa
[2021-11-27 02:11:46,610] {taskinstance.py:1427} INFO - Exporting the following env vars:
AIRFLOW_CTX_DAG_EMAIL=airflow@example.com
AIRFLOW_CTX_DAG_OWNER=airflow
AIRFLOW_CTX_DAG_ID=elt
AIRFLOW_CTX_TASK_ID=cleaning
AIRFLOW_CTX_EXECUTION_DATE=2021-11-26T18:35:00+00:00
AIRFLOW_CTX_DAG_RUN_ID=scheduled__2021-11-26T18:35:00+00:00
[2021-11-27 02:11:46,611] {subprocess.py:62} INFO - Tmp dir root location: 
 /var/folders/hj/g8v71bv11_gb814qbbwch8zc0000gn/T
[2021-11-27 02:11:46,611] {subprocess.py:74} INFO - Running command: ['bash', '-c', '/Users/Home/Airflow/tasks/cleaning.py /Users/Home/Airflow/unzip /Users/Home/Airflow/output']
[2021-11-27 02:11:46,617] {subprocess.py:85} INFO - Output:
[2021-11-27 02:11:46,835] {subprocess.py:89} INFO - API_AG.LND.CROP.ZS_DS2_en_csv_v2_3163899.csv
[2021-11-27 02:11:46,835] {subprocess.py:89} INFO - API_NV.AGR.TOTL.ZS_DS2_en_csv_v2_3160861.csv
[2021-11-27 02:11:46,836] {subprocess.py:89} INFO - API_AG.LND.IRIG.AG.ZS_DS2_en_csv_v2_3163914.csv
[2021-11-27 02:11:46,838] {subprocess.py:89} INFO - API_AG.PRD.LVSK.XD_DS2_en_csv_v2_3161120.csv
[2021-11-27 02:11:46,838] {subprocess.py:89} INFO - API_AG.LND.FRST.K2_DS2_en_csv_v2_3159335.csv
[2021-11-27 02:11:46,839] {subprocess.py:89} INFO - API_AG.CON.FERT.ZS_DS2_en_csv_v2_3159437.csv
[2021-11-27 02:11:46,840] {subprocess.py:89} INFO - API_AG.LND.TOTL.K2_DS2_en_csv_v2_3159087.csv
[2021-11-27 02:11:46,841] {subprocess.py:89} INFO - API_AG.LND.CREL.HA_DS2_en_csv_v2_3163897.csv
[2021-11-27 02:11:46,843] {subprocess.py:89} INFO - API_AG.LND.FRST.ZS_DS2_en_csv_v2_3158992.csv
[2021-11-27 02:11:46,844] {subprocess.py:89} INFO - API_AG.LND.ARBL.ZS_DS2_en_csv_v2_3161161.csv
[2021-11-27 02:11:46,844] {subprocess.py:89} INFO - API_AG.LND.TRAC.ZS_DS2_en_csv_v2_3163924.csv
[2021-11-27 02:11:46,844] {subprocess.py:89} INFO - API_AG.YLD.CREL.KG_DS2_en_csv_v2_3163929.csv
[2021-11-27 02:11:46,845] {subprocess.py:89} INFO - API_AG.PRD.FOOD.XD_DS2_en_csv_v2_3159905.csv
[2021-11-27 02:11:46,845] {subprocess.py:89} INFO - API_SL.AGR.EMPL.MA.ZS_DS2_en_csv_v2_3165572.csv
[2021-11-27 02:11:46,846] {subprocess.py:89} INFO - API_SL.AGR.EMPL.FE.ZS_DS2_en_csv_v2_3165570.csv
[2021-11-27 02:11:46,846] {subprocess.py:89} INFO - API_AG.PRD.CROP.XD_DS2_en_csv_v2_3159593.csv
[2021-11-27 02:11:46,846] {subprocess.py:89} INFO - API_AG.LND.ARBL.HA.PC_DS2_en_csv_v2_3163892.csv
[2021-11-27 02:11:46,846] {subprocess.py:89} INFO - API_AG.LND.AGRI.ZS_DS2_en_csv_v2_3163149.csv
[2021-11-27 02:11:46,847] {subprocess.py:93} INFO - Command exited with return code 0
[2021-11-27 02:11:46,862] {taskinstance.py:1270} INFO - Marking task as SUCCESS. dag_id=elt, task_id=cleaning, execution_date=20211126T183500, start_date=20211126T191146, end_date=20211126T191146
[2021-11-27 02:11:46,930] {local_task_job.py:154} INFO - Task exited with return code 0
[2021-11-27 02:11:46,950] {local_task_job.py:264} INFO - 1 downstream tasks scheduled from follow-on schedule check
