[2021-11-27 16:22:06,469] {taskinstance.py:1035} INFO - Dependencies all met for <TaskInstance: elt.cleaning scheduled__2021-11-27T09:21:00+00:00 [queued]>
[2021-11-27 16:22:06,475] {taskinstance.py:1035} INFO - Dependencies all met for <TaskInstance: elt.cleaning scheduled__2021-11-27T09:21:00+00:00 [queued]>
[2021-11-27 16:22:06,475] {taskinstance.py:1241} INFO - 
--------------------------------------------------------------------------------
[2021-11-27 16:22:06,475] {taskinstance.py:1242} INFO - Starting attempt 1 of 2
[2021-11-27 16:22:06,475] {taskinstance.py:1243} INFO - 
--------------------------------------------------------------------------------
[2021-11-27 16:22:06,482] {taskinstance.py:1262} INFO - Executing <Task(BashOperator): cleaning> on 2021-11-27 09:21:00+00:00
[2021-11-27 16:22:06,483] {standard_task_runner.py:52} INFO - Started process 19612 to run task
[2021-11-27 16:22:06,488] {standard_task_runner.py:76} INFO - Running: ['airflow', 'tasks', 'run', 'elt', 'cleaning', 'scheduled__2021-11-27T09:21:00+00:00', '--job-id', '1079', '--raw', '--subdir', 'DAGS_FOLDER/processing.py', '--cfg-path', '/var/folders/hj/g8v71bv11_gb814qbbwch8zc0000gn/T/tmpfuwvuwx5', '--error-file', '/var/folders/hj/g8v71bv11_gb814qbbwch8zc0000gn/T/tmp1lqr2xay']
[2021-11-27 16:22:06,490] {standard_task_runner.py:77} INFO - Job 1079: Subtask cleaning
[2021-11-27 16:22:06,518] {logging_mixin.py:109} INFO - Running <TaskInstance: elt.cleaning scheduled__2021-11-27T09:21:00+00:00 [running]> on host 1.0.0.0.0.0.0.0.0.0.0.0.0.0.0.0.0.0.0.0.0.0.0.0.0.0.0.0.0.0.0.0.ip6.arpa
[2021-11-27 16:22:06,545] {taskinstance.py:1427} INFO - Exporting the following env vars:
AIRFLOW_CTX_DAG_EMAIL=airflow@example.com
AIRFLOW_CTX_DAG_OWNER=airflow
AIRFLOW_CTX_DAG_ID=elt
AIRFLOW_CTX_TASK_ID=cleaning
AIRFLOW_CTX_EXECUTION_DATE=2021-11-27T09:21:00+00:00
AIRFLOW_CTX_DAG_RUN_ID=scheduled__2021-11-27T09:21:00+00:00
[2021-11-27 16:22:06,546] {subprocess.py:62} INFO - Tmp dir root location: 
 /var/folders/hj/g8v71bv11_gb814qbbwch8zc0000gn/T
[2021-11-27 16:22:06,547] {subprocess.py:74} INFO - Running command: ['bash', '-c', '/Users/Home/Airflow/tasks/cleaning.py /Users/Home/Airflow/unzip /Users/Home/Airflow/output']
[2021-11-27 16:22:06,552] {subprocess.py:85} INFO - Output:
[2021-11-27 16:22:06,600] {subprocess.py:93} INFO - Command exited with return code 0
[2021-11-27 16:22:06,616] {taskinstance.py:1270} INFO - Marking task as SUCCESS. dag_id=elt, task_id=cleaning, execution_date=20211127T092100, start_date=20211127T092206, end_date=20211127T092206
[2021-11-27 16:22:06,630] {local_task_job.py:154} INFO - Task exited with return code 0
[2021-11-27 16:22:06,650] {local_task_job.py:264} INFO - 1 downstream tasks scheduled from follow-on schedule check
