[2021-11-27 11:31:10,069] {taskinstance.py:1035} INFO - Dependencies all met for <TaskInstance: elt.upload scheduled__2021-11-27T04:30:00+00:00 [queued]>
[2021-11-27 11:31:10,074] {taskinstance.py:1035} INFO - Dependencies all met for <TaskInstance: elt.upload scheduled__2021-11-27T04:30:00+00:00 [queued]>
[2021-11-27 11:31:10,074] {taskinstance.py:1241} INFO - 
--------------------------------------------------------------------------------
[2021-11-27 11:31:10,075] {taskinstance.py:1242} INFO - Starting attempt 1 of 2
[2021-11-27 11:31:10,075] {taskinstance.py:1243} INFO - 
--------------------------------------------------------------------------------
[2021-11-27 11:31:10,082] {taskinstance.py:1262} INFO - Executing <Task(BashOperator): upload> on 2021-11-27 04:30:00+00:00
[2021-11-27 11:31:10,085] {standard_task_runner.py:52} INFO - Started process 10818 to run task
[2021-11-27 11:31:10,091] {standard_task_runner.py:76} INFO - Running: ['airflow', 'tasks', 'run', 'elt', 'upload', 'scheduled__2021-11-27T04:30:00+00:00', '--job-id', '540', '--raw', '--subdir', 'DAGS_FOLDER/processing.py', '--cfg-path', '/var/folders/hj/g8v71bv11_gb814qbbwch8zc0000gn/T/tmpolaqq5o_', '--error-file', '/var/folders/hj/g8v71bv11_gb814qbbwch8zc0000gn/T/tmpaum2kfyu']
[2021-11-27 11:31:10,093] {standard_task_runner.py:77} INFO - Job 540: Subtask upload
[2021-11-27 11:31:10,120] {logging_mixin.py:109} INFO - Running <TaskInstance: elt.upload scheduled__2021-11-27T04:30:00+00:00 [running]> on host 1.0.0.0.0.0.0.0.0.0.0.0.0.0.0.0.0.0.0.0.0.0.0.0.0.0.0.0.0.0.0.0.ip6.arpa
[2021-11-27 11:31:10,150] {taskinstance.py:1427} INFO - Exporting the following env vars:
AIRFLOW_CTX_DAG_EMAIL=airflow@example.com
AIRFLOW_CTX_DAG_OWNER=airflow
AIRFLOW_CTX_DAG_ID=elt
AIRFLOW_CTX_TASK_ID=upload
AIRFLOW_CTX_EXECUTION_DATE=2021-11-27T04:30:00+00:00
AIRFLOW_CTX_DAG_RUN_ID=scheduled__2021-11-27T04:30:00+00:00
[2021-11-27 11:31:10,151] {subprocess.py:62} INFO - Tmp dir root location: 
 /var/folders/hj/g8v71bv11_gb814qbbwch8zc0000gn/T
[2021-11-27 11:31:10,152] {subprocess.py:74} INFO - Running command: ['bash', '-c', '/Users/Home/Airflow/tasks/cleaning.py /Users/Home/Airflow/output worldbank']
[2021-11-27 11:31:10,157] {subprocess.py:85} INFO - Output:
[2021-11-27 11:31:10,202] {subprocess.py:89} INFO - rm: /Users/Home/Airflow/output/*API_SH.STA.MMRT_DS2_en_csv_v2_3159367.csv: No such file or directory
[2021-11-27 11:31:10,207] {subprocess.py:89} INFO - rm: /Users/Home/Airflow/output/*API_SH.DYN.MORT_DS2_en_csv_v2_3162033.csv: No such file or directory
[2021-11-27 11:31:10,212] {subprocess.py:89} INFO - rm: /Users/Home/Airflow/output/*API_DT.ODA.ODAT.GN.ZS_DS2_en_csv_v2_3161196.csv: No such file or directory
[2021-11-27 11:31:10,217] {subprocess.py:89} INFO - rm: /Users/Home/Airflow/output/*API_SH.TBS.INCD_DS2_en_csv_v2_3165510.csv: No such file or directory
[2021-11-27 11:31:10,222] {subprocess.py:89} INFO - rm: /Users/Home/Airflow/output/*API_DT.ODA.ODAT.XP.ZS_DS2_en_csv_v2_3164297.csv: No such file or directory
[2021-11-27 11:31:10,227] {subprocess.py:89} INFO - rm: /Users/Home/Airflow/output/*API_AG.SRF.TOTL.K2_DS2_en_csv_v2_3160371.csv: No such file or directory
[2021-11-27 11:31:10,232] {subprocess.py:89} INFO - rm: /Users/Home/Airflow/output/*API_BX.GRT.EXTA.CD.WD_DS2_en_csv_v2_3163964.csv: No such file or directory
[2021-11-27 11:31:10,236] {subprocess.py:89} INFO - rm: /Users/Home/Airflow/output/*API_SI.DST.FRST.20_DS2_en_csv_v2_3165548.csv: No such file or directory
[2021-11-27 11:31:10,237] {subprocess.py:89} INFO - API_SH.STA.MMRT_DS2_en_csv_v2_3159367.csv
[2021-11-27 11:31:10,237] {subprocess.py:89} INFO - API_SH.DYN.MORT_DS2_en_csv_v2_3162033.csv
[2021-11-27 11:31:10,237] {subprocess.py:89} INFO - API_DT.ODA.ODAT.GN.ZS_DS2_en_csv_v2_3161196.csv
[2021-11-27 11:31:10,237] {subprocess.py:89} INFO - API_SH.TBS.INCD_DS2_en_csv_v2_3165510.csv
[2021-11-27 11:31:10,237] {subprocess.py:89} INFO - API_DT.ODA.ODAT.XP.ZS_DS2_en_csv_v2_3164297.csv
[2021-11-27 11:31:10,238] {subprocess.py:89} INFO - API_AG.SRF.TOTL.K2_DS2_en_csv_v2_3160371.csv
[2021-11-27 11:31:10,238] {subprocess.py:89} INFO - API_BX.GRT.EXTA.CD.WD_DS2_en_csv_v2_3163964.csv
[2021-11-27 11:31:10,238] {subprocess.py:89} INFO - API_SI.DST.FRST.20_DS2_en_csv_v2_3165548.csv
[2021-11-27 11:31:10,242] {subprocess.py:93} INFO - Command exited with return code 0
[2021-11-27 11:31:10,261] {taskinstance.py:1270} INFO - Marking task as SUCCESS. dag_id=elt, task_id=upload, execution_date=20211127T043000, start_date=20211127T043110, end_date=20211127T043110
[2021-11-27 11:31:10,279] {local_task_job.py:154} INFO - Task exited with return code 0
[2021-11-27 11:31:10,294] {local_task_job.py:264} INFO - 0 downstream tasks scheduled from follow-on schedule check
