[2021-11-27 02:11:41,066] {taskinstance.py:1035} INFO - Dependencies all met for <TaskInstance: elt.unzip scheduled__2021-11-26T18:35:00+00:00 [queued]>
[2021-11-27 02:11:41,071] {taskinstance.py:1035} INFO - Dependencies all met for <TaskInstance: elt.unzip scheduled__2021-11-26T18:35:00+00:00 [queued]>
[2021-11-27 02:11:41,071] {taskinstance.py:1241} INFO - 
--------------------------------------------------------------------------------
[2021-11-27 02:11:41,071] {taskinstance.py:1242} INFO - Starting attempt 1 of 2
[2021-11-27 02:11:41,071] {taskinstance.py:1243} INFO - 
--------------------------------------------------------------------------------
[2021-11-27 02:11:41,078] {taskinstance.py:1262} INFO - Executing <Task(BashOperator): unzip> on 2021-11-26 18:35:00+00:00
[2021-11-27 02:11:41,080] {standard_task_runner.py:52} INFO - Started process 15031 to run task
[2021-11-27 02:11:41,086] {standard_task_runner.py:76} INFO - Running: ['airflow', 'tasks', 'run', 'elt', 'unzip', 'scheduled__2021-11-26T18:35:00+00:00', '--job-id', '28', '--raw', '--subdir', 'DAGS_FOLDER/processing.py', '--cfg-path', '/var/folders/hj/g8v71bv11_gb814qbbwch8zc0000gn/T/tmpulj8sz6e', '--error-file', '/var/folders/hj/g8v71bv11_gb814qbbwch8zc0000gn/T/tmpxep7m6_7']
[2021-11-27 02:11:41,088] {standard_task_runner.py:77} INFO - Job 28: Subtask unzip
[2021-11-27 02:11:41,118] {logging_mixin.py:109} INFO - Running <TaskInstance: elt.unzip scheduled__2021-11-26T18:35:00+00:00 [running]> on host 1.0.0.0.0.0.0.0.0.0.0.0.0.0.0.0.0.0.0.0.0.0.0.0.0.0.0.0.0.0.0.0.ip6.arpa
[2021-11-27 02:11:41,145] {taskinstance.py:1427} INFO - Exporting the following env vars:
AIRFLOW_CTX_DAG_EMAIL=airflow@example.com
AIRFLOW_CTX_DAG_OWNER=airflow
AIRFLOW_CTX_DAG_ID=elt
AIRFLOW_CTX_TASK_ID=unzip
AIRFLOW_CTX_EXECUTION_DATE=2021-11-26T18:35:00+00:00
AIRFLOW_CTX_DAG_RUN_ID=scheduled__2021-11-26T18:35:00+00:00
[2021-11-27 02:11:41,145] {subprocess.py:62} INFO - Tmp dir root location: 
 /var/folders/hj/g8v71bv11_gb814qbbwch8zc0000gn/T
[2021-11-27 02:11:41,146] {subprocess.py:74} INFO - Running command: ['bash', '-c', '/Users/Home/Airflow/tasks/unzip.py /Users/Home/Airflow/down /Users/Home/Airflow/unzip']
[2021-11-27 02:11:41,152] {subprocess.py:85} INFO - Output:
[2021-11-27 02:11:41,278] {subprocess.py:89} INFO - /Users/Home/Airflow/down/agriculture-and-rural-development/livestock-production-index-2014-2016-100.zip
[2021-11-27 02:11:41,278] {subprocess.py:89} INFO - /Users/Home/Airflow/down/agriculture-and-rural-development/forest-area-of-land-area.zip
[2021-11-27 02:11:41,279] {subprocess.py:89} INFO - /Users/Home/Airflow/down/agriculture-and-rural-development/agriculture-forestry-and-fishing-value-added-of-gdp.zip
[2021-11-27 02:11:41,279] {subprocess.py:89} INFO - /Users/Home/Airflow/down/agriculture-and-rural-development/land-under-cereal-production-hectares.zip
[2021-11-27 02:11:41,279] {subprocess.py:89} INFO - /Users/Home/Airflow/down/agriculture-and-rural-development/employment-in-agriculture-male-of-male-employment-modeled-ilo-estimate.zip
[2021-11-27 02:11:41,280] {subprocess.py:89} INFO - /Users/Home/Airflow/down/agriculture-and-rural-development/agricultural-machinery-tractors-per-100-sq-km-of-arable-land.zip
[2021-11-27 02:11:41,280] {subprocess.py:89} INFO - /Users/Home/Airflow/down/agriculture-and-rural-development/cereal-yield-kg-per-hectare.zip
[2021-11-27 02:11:41,280] {subprocess.py:89} INFO - /Users/Home/Airflow/down/agriculture-and-rural-development/food-production-index-2014-2016-100.zip
[2021-11-27 02:11:41,280] {subprocess.py:89} INFO - /Users/Home/Airflow/down/agriculture-and-rural-development/arable-land-hectares-per-person.zip
[2021-11-27 02:11:41,281] {subprocess.py:89} INFO - /Users/Home/Airflow/down/agriculture-and-rural-development/employment-in-agriculture-female-of-female-employment-modeled-ilo-estimate.zip
[2021-11-27 02:11:41,281] {subprocess.py:89} INFO - /Users/Home/Airflow/down/agriculture-and-rural-development/land-area-sq-km.zip
[2021-11-27 02:11:41,281] {subprocess.py:89} INFO - /Users/Home/Airflow/down/agriculture-and-rural-development/crop-production-index-2014-2016-100.zip
[2021-11-27 02:11:41,281] {subprocess.py:89} INFO - /Users/Home/Airflow/down/agriculture-and-rural-development/forest-area-sq-km.zip
[2021-11-27 02:11:41,282] {subprocess.py:89} INFO - /Users/Home/Airflow/down/agriculture-and-rural-development/fertilizer-consumption-kilograms-per-hectare-of-arable-land.zip
[2021-11-27 02:11:41,282] {subprocess.py:89} INFO - /Users/Home/Airflow/down/agriculture-and-rural-development/agricultural-land-of-land-area.zip
[2021-11-27 02:11:41,283] {subprocess.py:89} INFO - /Users/Home/Airflow/down/agriculture-and-rural-development/agricultural-irrigated-land-of-total-agricultural-land.zip
[2021-11-27 02:11:41,283] {subprocess.py:89} INFO - /Users/Home/Airflow/down/agriculture-and-rural-development/arable-land-of-land-area.zip
[2021-11-27 02:11:41,285] {subprocess.py:89} INFO - /Users/Home/Airflow/down/agriculture-and-rural-development/permanent-cropland-of-land-area.zip
[2021-11-27 02:11:41,286] {subprocess.py:93} INFO - Command exited with return code 0
[2021-11-27 02:11:41,300] {taskinstance.py:1270} INFO - Marking task as SUCCESS. dag_id=elt, task_id=unzip, execution_date=20211126T183500, start_date=20211126T191141, end_date=20211126T191141
[2021-11-27 02:11:41,345] {local_task_job.py:154} INFO - Task exited with return code 0
[2021-11-27 02:11:41,372] {local_task_job.py:264} INFO - 1 downstream tasks scheduled from follow-on schedule check
