[2021-11-27 09:51:11,299] {taskinstance.py:1035} INFO - Dependencies all met for <TaskInstance: elt.upload scheduled__2021-11-27T02:50:00+00:00 [queued]>
[2021-11-27 09:51:11,304] {taskinstance.py:1035} INFO - Dependencies all met for <TaskInstance: elt.upload scheduled__2021-11-27T02:50:00+00:00 [queued]>
[2021-11-27 09:51:11,304] {taskinstance.py:1241} INFO - 
--------------------------------------------------------------------------------
[2021-11-27 09:51:11,304] {taskinstance.py:1242} INFO - Starting attempt 1 of 2
[2021-11-27 09:51:11,304] {taskinstance.py:1243} INFO - 
--------------------------------------------------------------------------------
[2021-11-27 09:51:11,310] {taskinstance.py:1262} INFO - Executing <Task(BashOperator): upload> on 2021-11-27 02:50:00+00:00
[2021-11-27 09:51:11,312] {standard_task_runner.py:52} INFO - Started process 5097 to run task
[2021-11-27 09:51:11,316] {standard_task_runner.py:76} INFO - Running: ['airflow', 'tasks', 'run', 'elt', 'upload', 'scheduled__2021-11-27T02:50:00+00:00', '--job-id', '236', '--raw', '--subdir', 'DAGS_FOLDER/processing.py', '--cfg-path', '/var/folders/hj/g8v71bv11_gb814qbbwch8zc0000gn/T/tmpalbe770b', '--error-file', '/var/folders/hj/g8v71bv11_gb814qbbwch8zc0000gn/T/tmp3yshiibq']
[2021-11-27 09:51:11,318] {standard_task_runner.py:77} INFO - Job 236: Subtask upload
[2021-11-27 09:51:11,345] {logging_mixin.py:109} INFO - Running <TaskInstance: elt.upload scheduled__2021-11-27T02:50:00+00:00 [running]> on host 1.0.0.0.0.0.0.0.0.0.0.0.0.0.0.0.0.0.0.0.0.0.0.0.0.0.0.0.0.0.0.0.ip6.arpa
[2021-11-27 09:51:11,369] {taskinstance.py:1427} INFO - Exporting the following env vars:
AIRFLOW_CTX_DAG_EMAIL=airflow@example.com
AIRFLOW_CTX_DAG_OWNER=airflow
AIRFLOW_CTX_DAG_ID=elt
AIRFLOW_CTX_TASK_ID=upload
AIRFLOW_CTX_EXECUTION_DATE=2021-11-27T02:50:00+00:00
AIRFLOW_CTX_DAG_RUN_ID=scheduled__2021-11-27T02:50:00+00:00
[2021-11-27 09:51:11,370] {subprocess.py:62} INFO - Tmp dir root location: 
 /var/folders/hj/g8v71bv11_gb814qbbwch8zc0000gn/T
[2021-11-27 09:51:11,370] {subprocess.py:74} INFO - Running command: ['bash', '-c', '/Users/Home/Airflow/tasks/cleaning.py /Users/Home/Airflow/output worldbank']
[2021-11-27 09:51:11,376] {subprocess.py:85} INFO - Output:
[2021-11-27 09:51:11,422] {subprocess.py:89} INFO - rm: /Users/Home/Airflow/output/*API_DT.ODA.ODAT.CD_DS2_en_csv_v2_3160773.csv: No such file or directory
[2021-11-27 09:51:11,428] {subprocess.py:89} INFO - rm: /Users/Home/Airflow/output/*API_SH.STA.STNT.ZS_DS2_en_csv_v2_3165495.csv: No such file or directory
[2021-11-27 09:51:11,433] {subprocess.py:89} INFO - rm: /Users/Home/Airflow/output/*API_DT.ODA.ODAT.PC.ZS_DS2_en_csv_v2_3160336.csv: No such file or directory
[2021-11-27 09:51:11,439] {subprocess.py:89} INFO - rm: /Users/Home/Airflow/output/*API_SH.DYN.AIDS.ZS_DS2_en_csv_v2_3158949.csv: No such file or directory
[2021-11-27 09:51:11,445] {subprocess.py:89} INFO - rm: /Users/Home/Airflow/output/*API_SM.POP.NETM_DS2_en_csv_v2_3158896.csv: No such file or directory
[2021-11-27 09:51:11,451] {subprocess.py:89} INFO - rm: /Users/Home/Airflow/output/*API_SI.POV.DDAY_DS2_en_csv_v2_3160009.csv: No such file or directory
[2021-11-27 09:51:11,456] {subprocess.py:89} INFO - rm: /Users/Home/Airflow/output/*API_SH.STA.ANVC.ZS_DS2_en_csv_v2_3165465.csv: No such file or directory
[2021-11-27 09:51:11,456] {subprocess.py:89} INFO - API_DT.ODA.ODAT.CD_DS2_en_csv_v2_3160773.csv
[2021-11-27 09:51:11,456] {subprocess.py:89} INFO - API_SH.STA.STNT.ZS_DS2_en_csv_v2_3165495.csv
[2021-11-27 09:51:11,457] {subprocess.py:89} INFO - API_DT.ODA.ODAT.PC.ZS_DS2_en_csv_v2_3160336.csv
[2021-11-27 09:51:11,457] {subprocess.py:89} INFO - API_SH.DYN.AIDS.ZS_DS2_en_csv_v2_3158949.csv
[2021-11-27 09:51:11,457] {subprocess.py:89} INFO - API_SM.POP.NETM_DS2_en_csv_v2_3158896.csv
[2021-11-27 09:51:11,457] {subprocess.py:89} INFO - API_SI.POV.DDAY_DS2_en_csv_v2_3160009.csv
[2021-11-27 09:51:11,457] {subprocess.py:89} INFO - API_SH.STA.ANVC.ZS_DS2_en_csv_v2_3165465.csv
[2021-11-27 09:51:11,460] {subprocess.py:93} INFO - Command exited with return code 0
[2021-11-27 09:51:11,474] {taskinstance.py:1270} INFO - Marking task as SUCCESS. dag_id=elt, task_id=upload, execution_date=20211127T025000, start_date=20211127T025111, end_date=20211127T025111
[2021-11-27 09:51:11,500] {local_task_job.py:154} INFO - Task exited with return code 0
[2021-11-27 09:51:11,517] {local_task_job.py:264} INFO - 0 downstream tasks scheduled from follow-on schedule check
