[2021-11-27 06:15:53,665] {taskinstance.py:1035} INFO - Dependencies all met for <TaskInstance: elt.unzip manual__2021-11-26T23:15:50.640586+00:00 [queued]>
[2021-11-27 06:15:53,672] {taskinstance.py:1035} INFO - Dependencies all met for <TaskInstance: elt.unzip manual__2021-11-26T23:15:50.640586+00:00 [queued]>
[2021-11-27 06:15:53,673] {taskinstance.py:1241} INFO - 
--------------------------------------------------------------------------------
[2021-11-27 06:15:53,673] {taskinstance.py:1242} INFO - Starting attempt 1 of 2
[2021-11-27 06:15:53,673] {taskinstance.py:1243} INFO - 
--------------------------------------------------------------------------------
[2021-11-27 06:15:53,682] {taskinstance.py:1262} INFO - Executing <Task(BashOperator): unzip> on 2021-11-26 23:15:50.640586+00:00
[2021-11-27 06:15:53,684] {standard_task_runner.py:52} INFO - Started process 2124 to run task
[2021-11-27 06:15:53,689] {standard_task_runner.py:76} INFO - Running: ['airflow', 'tasks', 'run', 'elt', 'unzip', 'manual__2021-11-26T23:15:50.640586+00:00', '--job-id', '31', '--raw', '--subdir', 'DAGS_FOLDER/processing.py', '--cfg-path', '/var/folders/hj/g8v71bv11_gb814qbbwch8zc0000gn/T/tmp2u781x_v', '--error-file', '/var/folders/hj/g8v71bv11_gb814qbbwch8zc0000gn/T/tmps2g9q21j']
[2021-11-27 06:15:53,691] {standard_task_runner.py:77} INFO - Job 31: Subtask unzip
[2021-11-27 06:15:53,721] {logging_mixin.py:109} INFO - Running <TaskInstance: elt.unzip manual__2021-11-26T23:15:50.640586+00:00 [running]> on host 1.0.0.0.0.0.0.0.0.0.0.0.0.0.0.0.0.0.0.0.0.0.0.0.0.0.0.0.0.0.0.0.ip6.arpa
[2021-11-27 06:15:53,749] {taskinstance.py:1427} INFO - Exporting the following env vars:
AIRFLOW_CTX_DAG_EMAIL=airflow@example.com
AIRFLOW_CTX_DAG_OWNER=airflow
AIRFLOW_CTX_DAG_ID=elt
AIRFLOW_CTX_TASK_ID=unzip
AIRFLOW_CTX_EXECUTION_DATE=2021-11-26T23:15:50.640586+00:00
AIRFLOW_CTX_DAG_RUN_ID=manual__2021-11-26T23:15:50.640586+00:00
[2021-11-27 06:15:53,750] {subprocess.py:62} INFO - Tmp dir root location: 
 /var/folders/hj/g8v71bv11_gb814qbbwch8zc0000gn/T
[2021-11-27 06:15:53,751] {subprocess.py:74} INFO - Running command: ['bash', '-c', '/Users/Home/Airflow/tasks/unzip.py /Users/Home/Airflow/down /Users/Home/Airflow/unzip']
[2021-11-27 06:15:53,757] {subprocess.py:85} INFO - Output:
[2021-11-27 06:15:53,839] {subprocess.py:89} INFO - /Users/Home/Airflow/down/forest-area-of-land-area.zip
[2021-11-27 06:15:53,839] {subprocess.py:89} INFO - /Users/Home/Airflow/down/employment-in-agriculture-male-of-male-employment-modeled-ilo-estimate.zip
[2021-11-27 06:15:53,839] {subprocess.py:89} INFO - /Users/Home/Airflow/down/food-production-index-2014-2016-100.zip
[2021-11-27 06:15:53,840] {subprocess.py:89} INFO - /Users/Home/Airflow/down/employment-in-agriculture-female-of-female-employment-modeled-ilo-estimate.zip
[2021-11-27 06:15:53,840] {subprocess.py:89} INFO - /Users/Home/Airflow/down/crop-production-index-2014-2016-100.zip
[2021-11-27 06:15:53,840] {subprocess.py:89} INFO - /Users/Home/Airflow/down/fertilizer-consumption-kilograms-per-hectare-of-arable-land.zip
[2021-11-27 06:15:53,844] {subprocess.py:93} INFO - Command exited with return code 0
[2021-11-27 06:15:53,859] {taskinstance.py:1270} INFO - Marking task as SUCCESS. dag_id=elt, task_id=unzip, execution_date=20211126T231550, start_date=20211126T231553, end_date=20211126T231553
[2021-11-27 06:15:53,909] {local_task_job.py:154} INFO - Task exited with return code 0
[2021-11-27 06:15:53,932] {local_task_job.py:264} INFO - 1 downstream tasks scheduled from follow-on schedule check
