[2021-11-27 09:40:49,756] {taskinstance.py:1035} INFO - Dependencies all met for <TaskInstance: elt.cleaning scheduled__2021-11-27T02:39:00+00:00 [queued]>
[2021-11-27 09:40:49,761] {taskinstance.py:1035} INFO - Dependencies all met for <TaskInstance: elt.cleaning scheduled__2021-11-27T02:39:00+00:00 [queued]>
[2021-11-27 09:40:49,762] {taskinstance.py:1241} INFO - 
--------------------------------------------------------------------------------
[2021-11-27 09:40:49,762] {taskinstance.py:1242} INFO - Starting attempt 1 of 2
[2021-11-27 09:40:49,762] {taskinstance.py:1243} INFO - 
--------------------------------------------------------------------------------
[2021-11-27 09:40:49,769] {taskinstance.py:1262} INFO - Executing <Task(BashOperator): cleaning> on 2021-11-27 02:39:00+00:00
[2021-11-27 09:40:49,771] {standard_task_runner.py:52} INFO - Started process 4372 to run task
[2021-11-27 09:40:49,776] {standard_task_runner.py:76} INFO - Running: ['airflow', 'tasks', 'run', 'elt', 'cleaning', 'scheduled__2021-11-27T02:39:00+00:00', '--job-id', '195', '--raw', '--subdir', 'DAGS_FOLDER/processing.py', '--cfg-path', '/var/folders/hj/g8v71bv11_gb814qbbwch8zc0000gn/T/tmp8mbpwlw9', '--error-file', '/var/folders/hj/g8v71bv11_gb814qbbwch8zc0000gn/T/tmpoz79_jky']
[2021-11-27 09:40:49,777] {standard_task_runner.py:77} INFO - Job 195: Subtask cleaning
[2021-11-27 09:40:49,805] {logging_mixin.py:109} INFO - Running <TaskInstance: elt.cleaning scheduled__2021-11-27T02:39:00+00:00 [running]> on host 1.0.0.0.0.0.0.0.0.0.0.0.0.0.0.0.0.0.0.0.0.0.0.0.0.0.0.0.0.0.0.0.ip6.arpa
[2021-11-27 09:40:49,830] {taskinstance.py:1427} INFO - Exporting the following env vars:
AIRFLOW_CTX_DAG_EMAIL=airflow@example.com
AIRFLOW_CTX_DAG_OWNER=airflow
AIRFLOW_CTX_DAG_ID=elt
AIRFLOW_CTX_TASK_ID=cleaning
AIRFLOW_CTX_EXECUTION_DATE=2021-11-27T02:39:00+00:00
AIRFLOW_CTX_DAG_RUN_ID=scheduled__2021-11-27T02:39:00+00:00
[2021-11-27 09:40:49,831] {subprocess.py:62} INFO - Tmp dir root location: 
 /var/folders/hj/g8v71bv11_gb814qbbwch8zc0000gn/T
[2021-11-27 09:40:49,832] {subprocess.py:74} INFO - Running command: ['bash', '-c', '/Users/Home/Airflow/tasks/cleaning.py /Users/Home/Airflow/unzip /Users/Home/Airflow/output']
[2021-11-27 09:40:49,837] {subprocess.py:85} INFO - Output:
[2021-11-27 09:40:49,885] {subprocess.py:93} INFO - Command exited with return code 0
[2021-11-27 09:40:49,897] {taskinstance.py:1270} INFO - Marking task as SUCCESS. dag_id=elt, task_id=cleaning, execution_date=20211127T023900, start_date=20211127T024049, end_date=20211127T024049
[2021-11-27 09:40:49,914] {local_task_job.py:154} INFO - Task exited with return code 0
[2021-11-27 09:40:49,933] {local_task_job.py:264} INFO - 1 downstream tasks scheduled from follow-on schedule check
