[2021-11-27 06:05:16,726] {taskinstance.py:1035} INFO - Dependencies all met for <TaskInstance: elt.upload manual__2021-11-26T23:05:01.129429+00:00 [queued]>
[2021-11-27 06:05:16,733] {taskinstance.py:1035} INFO - Dependencies all met for <TaskInstance: elt.upload manual__2021-11-26T23:05:01.129429+00:00 [queued]>
[2021-11-27 06:05:16,733] {taskinstance.py:1241} INFO - 
--------------------------------------------------------------------------------
[2021-11-27 06:05:16,733] {taskinstance.py:1242} INFO - Starting attempt 1 of 2
[2021-11-27 06:05:16,733] {taskinstance.py:1243} INFO - 
--------------------------------------------------------------------------------
[2021-11-27 06:05:16,743] {taskinstance.py:1262} INFO - Executing <Task(BashOperator): upload> on 2021-11-26 23:05:01.129429+00:00
[2021-11-27 06:05:16,747] {standard_task_runner.py:52} INFO - Started process 1645 to run task
[2021-11-27 06:05:16,754] {standard_task_runner.py:76} INFO - Running: ['airflow', 'tasks', 'run', 'elt', 'upload', 'manual__2021-11-26T23:05:01.129429+00:00', '--job-id', '7', '--raw', '--subdir', 'DAGS_FOLDER/processing.py', '--cfg-path', '/var/folders/hj/g8v71bv11_gb814qbbwch8zc0000gn/T/tmpwbwz3ew8', '--error-file', '/var/folders/hj/g8v71bv11_gb814qbbwch8zc0000gn/T/tmp_ktwf43z']
[2021-11-27 06:05:16,756] {standard_task_runner.py:77} INFO - Job 7: Subtask upload
[2021-11-27 06:05:16,783] {logging_mixin.py:109} INFO - Running <TaskInstance: elt.upload manual__2021-11-26T23:05:01.129429+00:00 [running]> on host MacBookPro.local
[2021-11-27 06:05:16,817] {taskinstance.py:1427} INFO - Exporting the following env vars:
AIRFLOW_CTX_DAG_EMAIL=airflow@example.com
AIRFLOW_CTX_DAG_OWNER=airflow
AIRFLOW_CTX_DAG_ID=elt
AIRFLOW_CTX_TASK_ID=upload
AIRFLOW_CTX_EXECUTION_DATE=2021-11-26T23:05:01.129429+00:00
AIRFLOW_CTX_DAG_RUN_ID=manual__2021-11-26T23:05:01.129429+00:00
[2021-11-27 06:05:16,818] {subprocess.py:62} INFO - Tmp dir root location: 
 /var/folders/hj/g8v71bv11_gb814qbbwch8zc0000gn/T
[2021-11-27 06:05:16,819] {subprocess.py:74} INFO - Running command: ['bash', '-c', '/Users/Home/Airflow/tasks/cleaning.py /Users/Home/Airflow/output worldbank']
[2021-11-27 06:05:16,827] {subprocess.py:85} INFO - Output:
[2021-11-27 06:05:16,886] {subprocess.py:93} INFO - Command exited with return code 0
[2021-11-27 06:05:16,900] {taskinstance.py:1270} INFO - Marking task as SUCCESS. dag_id=elt, task_id=upload, execution_date=20211126T230501, start_date=20211126T230516, end_date=20211126T230516
[2021-11-27 06:05:16,941] {local_task_job.py:154} INFO - Task exited with return code 0
[2021-11-27 06:05:16,961] {local_task_job.py:264} INFO - 0 downstream tasks scheduled from follow-on schedule check
