[2021-11-27 09:48:04,993] {taskinstance.py:1035} INFO - Dependencies all met for <TaskInstance: elt.unzip scheduled__2021-11-27T02:47:00+00:00 [queued]>
[2021-11-27 09:48:05,003] {taskinstance.py:1035} INFO - Dependencies all met for <TaskInstance: elt.unzip scheduled__2021-11-27T02:47:00+00:00 [queued]>
[2021-11-27 09:48:05,004] {taskinstance.py:1241} INFO - 
--------------------------------------------------------------------------------
[2021-11-27 09:48:05,004] {taskinstance.py:1242} INFO - Starting attempt 1 of 2
[2021-11-27 09:48:05,004] {taskinstance.py:1243} INFO - 
--------------------------------------------------------------------------------
[2021-11-27 09:48:05,017] {taskinstance.py:1262} INFO - Executing <Task(BashOperator): unzip> on 2021-11-27 02:47:00+00:00
[2021-11-27 09:48:05,021] {standard_task_runner.py:52} INFO - Started process 4874 to run task
[2021-11-27 09:48:05,030] {standard_task_runner.py:76} INFO - Running: ['airflow', 'tasks', 'run', 'elt', 'unzip', 'scheduled__2021-11-27T02:47:00+00:00', '--job-id', '223', '--raw', '--subdir', 'DAGS_FOLDER/processing.py', '--cfg-path', '/var/folders/hj/g8v71bv11_gb814qbbwch8zc0000gn/T/tmp3yrliwj2', '--error-file', '/var/folders/hj/g8v71bv11_gb814qbbwch8zc0000gn/T/tmpctoiuwj4']
[2021-11-27 09:48:05,034] {standard_task_runner.py:77} INFO - Job 223: Subtask unzip
[2021-11-27 09:48:05,096] {logging_mixin.py:109} INFO - Running <TaskInstance: elt.unzip scheduled__2021-11-27T02:47:00+00:00 [running]> on host 1.0.0.0.0.0.0.0.0.0.0.0.0.0.0.0.0.0.0.0.0.0.0.0.0.0.0.0.0.0.0.0.ip6.arpa
[2021-11-27 09:48:05,135] {taskinstance.py:1427} INFO - Exporting the following env vars:
AIRFLOW_CTX_DAG_EMAIL=airflow@example.com
AIRFLOW_CTX_DAG_OWNER=airflow
AIRFLOW_CTX_DAG_ID=elt
AIRFLOW_CTX_TASK_ID=unzip
AIRFLOW_CTX_EXECUTION_DATE=2021-11-27T02:47:00+00:00
AIRFLOW_CTX_DAG_RUN_ID=scheduled__2021-11-27T02:47:00+00:00
[2021-11-27 09:48:05,136] {subprocess.py:62} INFO - Tmp dir root location: 
 /var/folders/hj/g8v71bv11_gb814qbbwch8zc0000gn/T
[2021-11-27 09:48:05,137] {subprocess.py:74} INFO - Running command: ['bash', '-c', '/Users/Home/Airflow/tasks/unzip.py /Users/Home/Airflow/down /Users/Home/Airflow/unzip']
[2021-11-27 09:48:05,143] {subprocess.py:85} INFO - Output:
[2021-11-27 09:48:05,223] {subprocess.py:89} INFO - /Users/Home/Airflow/down/forest-area-of-land-area.zip
[2021-11-27 09:48:05,224] {subprocess.py:89} INFO - /Users/Home/Airflow/down/land-under-cereal-production-hectares.zip
[2021-11-27 09:48:05,224] {subprocess.py:89} INFO - /Users/Home/Airflow/down/employment-in-agriculture-male-of-male-employment-modeled-ilo-estimate.zip
[2021-11-27 09:48:05,224] {subprocess.py:89} INFO - /Users/Home/Airflow/down/food-production-index-2014-2016-100.zip
[2021-11-27 09:48:05,224] {subprocess.py:89} INFO - /Users/Home/Airflow/down/land-area-sq-km.zip
[2021-11-27 09:48:05,225] {subprocess.py:89} INFO - /Users/Home/Airflow/down/forest-area-sq-km.zip
[2021-11-27 09:48:05,225] {subprocess.py:89} INFO - /Users/Home/Airflow/down/fertilizer-consumption-kilograms-per-hectare-of-arable-land.zip
[2021-11-27 09:48:05,230] {subprocess.py:93} INFO - Command exited with return code 0
[2021-11-27 09:48:05,246] {taskinstance.py:1270} INFO - Marking task as SUCCESS. dag_id=elt, task_id=unzip, execution_date=20211127T024700, start_date=20211127T024804, end_date=20211127T024805
[2021-11-27 09:48:05,290] {local_task_job.py:154} INFO - Task exited with return code 0
[2021-11-27 09:48:05,311] {local_task_job.py:264} INFO - 1 downstream tasks scheduled from follow-on schedule check
