[2021-11-27 09:41:07,769] {taskinstance.py:1035} INFO - Dependencies all met for <TaskInstance: elt.upload scheduled__2021-11-27T02:40:00+00:00 [queued]>
[2021-11-27 09:41:07,774] {taskinstance.py:1035} INFO - Dependencies all met for <TaskInstance: elt.upload scheduled__2021-11-27T02:40:00+00:00 [queued]>
[2021-11-27 09:41:07,775] {taskinstance.py:1241} INFO - 
--------------------------------------------------------------------------------
[2021-11-27 09:41:07,775] {taskinstance.py:1242} INFO - Starting attempt 1 of 2
[2021-11-27 09:41:07,775] {taskinstance.py:1243} INFO - 
--------------------------------------------------------------------------------
[2021-11-27 09:41:07,782] {taskinstance.py:1262} INFO - Executing <Task(BashOperator): upload> on 2021-11-27 02:40:00+00:00
[2021-11-27 09:41:07,784] {standard_task_runner.py:52} INFO - Started process 4443 to run task
[2021-11-27 09:41:07,789] {standard_task_runner.py:76} INFO - Running: ['airflow', 'tasks', 'run', 'elt', 'upload', 'scheduled__2021-11-27T02:40:00+00:00', '--job-id', '200', '--raw', '--subdir', 'DAGS_FOLDER/processing.py', '--cfg-path', '/var/folders/hj/g8v71bv11_gb814qbbwch8zc0000gn/T/tmpg7uzcqfn', '--error-file', '/var/folders/hj/g8v71bv11_gb814qbbwch8zc0000gn/T/tmppqooh6zw']
[2021-11-27 09:41:07,791] {standard_task_runner.py:77} INFO - Job 200: Subtask upload
[2021-11-27 09:41:07,821] {logging_mixin.py:109} INFO - Running <TaskInstance: elt.upload scheduled__2021-11-27T02:40:00+00:00 [running]> on host 1.0.0.0.0.0.0.0.0.0.0.0.0.0.0.0.0.0.0.0.0.0.0.0.0.0.0.0.0.0.0.0.ip6.arpa
[2021-11-27 09:41:07,849] {taskinstance.py:1427} INFO - Exporting the following env vars:
AIRFLOW_CTX_DAG_EMAIL=airflow@example.com
AIRFLOW_CTX_DAG_OWNER=airflow
AIRFLOW_CTX_DAG_ID=elt
AIRFLOW_CTX_TASK_ID=upload
AIRFLOW_CTX_EXECUTION_DATE=2021-11-27T02:40:00+00:00
AIRFLOW_CTX_DAG_RUN_ID=scheduled__2021-11-27T02:40:00+00:00
[2021-11-27 09:41:07,850] {subprocess.py:62} INFO - Tmp dir root location: 
 /var/folders/hj/g8v71bv11_gb814qbbwch8zc0000gn/T
[2021-11-27 09:41:07,850] {subprocess.py:74} INFO - Running command: ['bash', '-c', '/Users/Home/Airflow/tasks/cleaning.py /Users/Home/Airflow/output worldbank']
[2021-11-27 09:41:07,856] {subprocess.py:85} INFO - Output:
[2021-11-27 09:41:07,908] {subprocess.py:93} INFO - Command exited with return code 0
[2021-11-27 09:41:07,923] {taskinstance.py:1270} INFO - Marking task as SUCCESS. dag_id=elt, task_id=upload, execution_date=20211127T024000, start_date=20211127T024107, end_date=20211127T024107
[2021-11-27 09:41:07,974] {local_task_job.py:154} INFO - Task exited with return code 0
[2021-11-27 09:41:07,989] {local_task_job.py:264} INFO - 0 downstream tasks scheduled from follow-on schedule check
