[2021-11-27 06:18:04,333] {taskinstance.py:1035} INFO - Dependencies all met for <TaskInstance: elt.unzip scheduled__2021-11-26T23:17:00+00:00 [queued]>
[2021-11-27 06:18:04,339] {taskinstance.py:1035} INFO - Dependencies all met for <TaskInstance: elt.unzip scheduled__2021-11-26T23:17:00+00:00 [queued]>
[2021-11-27 06:18:04,339] {taskinstance.py:1241} INFO - 
--------------------------------------------------------------------------------
[2021-11-27 06:18:04,339] {taskinstance.py:1242} INFO - Starting attempt 1 of 2
[2021-11-27 06:18:04,339] {taskinstance.py:1243} INFO - 
--------------------------------------------------------------------------------
[2021-11-27 06:18:04,346] {taskinstance.py:1262} INFO - Executing <Task(BashOperator): unzip> on 2021-11-26 23:17:00+00:00
[2021-11-27 06:18:04,348] {standard_task_runner.py:52} INFO - Started process 2280 to run task
[2021-11-27 06:18:04,353] {standard_task_runner.py:76} INFO - Running: ['airflow', 'tasks', 'run', 'elt', 'unzip', 'scheduled__2021-11-26T23:17:00+00:00', '--job-id', '40', '--raw', '--subdir', 'DAGS_FOLDER/processing.py', '--cfg-path', '/var/folders/hj/g8v71bv11_gb814qbbwch8zc0000gn/T/tmpcmfnazcs', '--error-file', '/var/folders/hj/g8v71bv11_gb814qbbwch8zc0000gn/T/tmpwi7myv4w']
[2021-11-27 06:18:04,355] {standard_task_runner.py:77} INFO - Job 40: Subtask unzip
[2021-11-27 06:18:04,383] {logging_mixin.py:109} INFO - Running <TaskInstance: elt.unzip scheduled__2021-11-26T23:17:00+00:00 [running]> on host 1.0.0.0.0.0.0.0.0.0.0.0.0.0.0.0.0.0.0.0.0.0.0.0.0.0.0.0.0.0.0.0.ip6.arpa
[2021-11-27 06:18:04,410] {taskinstance.py:1427} INFO - Exporting the following env vars:
AIRFLOW_CTX_DAG_EMAIL=airflow@example.com
AIRFLOW_CTX_DAG_OWNER=airflow
AIRFLOW_CTX_DAG_ID=elt
AIRFLOW_CTX_TASK_ID=unzip
AIRFLOW_CTX_EXECUTION_DATE=2021-11-26T23:17:00+00:00
AIRFLOW_CTX_DAG_RUN_ID=scheduled__2021-11-26T23:17:00+00:00
[2021-11-27 06:18:04,411] {subprocess.py:62} INFO - Tmp dir root location: 
 /var/folders/hj/g8v71bv11_gb814qbbwch8zc0000gn/T
[2021-11-27 06:18:04,412] {subprocess.py:74} INFO - Running command: ['bash', '-c', '/Users/Home/Airflow/tasks/unzip.py /Users/Home/Airflow/down /Users/Home/Airflow/unzip']
[2021-11-27 06:18:04,419] {subprocess.py:85} INFO - Output:
[2021-11-27 06:18:04,498] {subprocess.py:89} INFO - /Users/Home/Airflow/down/maternal-mortality-ratio-modeled-estimate-per-100000-live-births.zip
[2021-11-27 06:18:04,498] {subprocess.py:89} INFO - /Users/Home/Airflow/down/incidence-of-tuberculosis-per-100000-people.zip
[2021-11-27 06:18:04,498] {subprocess.py:89} INFO - /Users/Home/Airflow/down/mortality-rate-under-5-per-1000-live-births.zip
[2021-11-27 06:18:04,498] {subprocess.py:89} INFO - /Users/Home/Airflow/down/net-oda-received-of-central-government-expense.zip
[2021-11-27 06:18:04,499] {subprocess.py:89} INFO - /Users/Home/Airflow/down/net-oda-received-of-gross-capital-formation.zip
[2021-11-27 06:18:04,499] {subprocess.py:89} INFO - /Users/Home/Airflow/down/net-oda-received-of-gni.zip
[2021-11-27 06:18:04,499] {subprocess.py:89} INFO - /Users/Home/Airflow/down/income-share-held-by-lowest-20.zip
[2021-11-27 06:18:04,504] {subprocess.py:93} INFO - Command exited with return code 0
[2021-11-27 06:18:04,516] {taskinstance.py:1270} INFO - Marking task as SUCCESS. dag_id=elt, task_id=unzip, execution_date=20211126T231700, start_date=20211126T231804, end_date=20211126T231804
[2021-11-27 06:18:04,534] {local_task_job.py:154} INFO - Task exited with return code 0
[2021-11-27 06:18:04,565] {local_task_job.py:264} INFO - 1 downstream tasks scheduled from follow-on schedule check
