[2021-11-27 09:49:04,669] {taskinstance.py:1035} INFO - Dependencies all met for <TaskInstance: elt.unzip scheduled__2021-11-27T02:48:00+00:00 [queued]>
[2021-11-27 09:49:04,678] {taskinstance.py:1035} INFO - Dependencies all met for <TaskInstance: elt.unzip scheduled__2021-11-27T02:48:00+00:00 [queued]>
[2021-11-27 09:49:04,678] {taskinstance.py:1241} INFO - 
--------------------------------------------------------------------------------
[2021-11-27 09:49:04,678] {taskinstance.py:1242} INFO - Starting attempt 1 of 2
[2021-11-27 09:49:04,678] {taskinstance.py:1243} INFO - 
--------------------------------------------------------------------------------
[2021-11-27 09:49:04,685] {taskinstance.py:1262} INFO - Executing <Task(BashOperator): unzip> on 2021-11-27 02:48:00+00:00
[2021-11-27 09:49:04,688] {standard_task_runner.py:52} INFO - Started process 4937 to run task
[2021-11-27 09:49:04,694] {standard_task_runner.py:76} INFO - Running: ['airflow', 'tasks', 'run', 'elt', 'unzip', 'scheduled__2021-11-27T02:48:00+00:00', '--job-id', '226', '--raw', '--subdir', 'DAGS_FOLDER/processing.py', '--cfg-path', '/var/folders/hj/g8v71bv11_gb814qbbwch8zc0000gn/T/tmpya5g8lzt', '--error-file', '/var/folders/hj/g8v71bv11_gb814qbbwch8zc0000gn/T/tmpmk4enloa']
[2021-11-27 09:49:04,696] {standard_task_runner.py:77} INFO - Job 226: Subtask unzip
[2021-11-27 09:49:04,733] {logging_mixin.py:109} INFO - Running <TaskInstance: elt.unzip scheduled__2021-11-27T02:48:00+00:00 [running]> on host 1.0.0.0.0.0.0.0.0.0.0.0.0.0.0.0.0.0.0.0.0.0.0.0.0.0.0.0.0.0.0.0.ip6.arpa
[2021-11-27 09:49:04,759] {taskinstance.py:1427} INFO - Exporting the following env vars:
AIRFLOW_CTX_DAG_EMAIL=airflow@example.com
AIRFLOW_CTX_DAG_OWNER=airflow
AIRFLOW_CTX_DAG_ID=elt
AIRFLOW_CTX_TASK_ID=unzip
AIRFLOW_CTX_EXECUTION_DATE=2021-11-27T02:48:00+00:00
AIRFLOW_CTX_DAG_RUN_ID=scheduled__2021-11-27T02:48:00+00:00
[2021-11-27 09:49:04,760] {subprocess.py:62} INFO - Tmp dir root location: 
 /var/folders/hj/g8v71bv11_gb814qbbwch8zc0000gn/T
[2021-11-27 09:49:04,760] {subprocess.py:74} INFO - Running command: ['bash', '-c', '/Users/Home/Airflow/tasks/unzip.py /Users/Home/Airflow/down /Users/Home/Airflow/unzip']
[2021-11-27 09:49:04,765] {subprocess.py:85} INFO - Output:
[2021-11-27 09:49:04,834] {subprocess.py:89} INFO - /Users/Home/Airflow/down/surface-area-sq-km.zip
[2021-11-27 09:49:04,835] {subprocess.py:89} INFO - /Users/Home/Airflow/down/livestock-production-index-2014-2016-100.zip
[2021-11-27 09:49:04,835] {subprocess.py:89} INFO - /Users/Home/Airflow/down/incidence-of-tuberculosis-per-100000-people.zip
[2021-11-27 09:49:04,835] {subprocess.py:89} INFO - /Users/Home/Airflow/down/grants-excluding-technical-cooperation-bop-current-us.zip
[2021-11-27 09:49:04,835] {subprocess.py:89} INFO - /Users/Home/Airflow/down/rural-population.zip
[2021-11-27 09:49:04,836] {subprocess.py:89} INFO - /Users/Home/Airflow/down/income-share-held-by-lowest-20.zip
[2021-11-27 09:49:04,836] {subprocess.py:89} INFO - /Users/Home/Airflow/down/rural-population-of-total-population.zip
[2021-11-27 09:49:04,836] {subprocess.py:89} INFO - /Users/Home/Airflow/down/permanent-cropland-of-land-area.zip
[2021-11-27 09:49:04,840] {subprocess.py:93} INFO - Command exited with return code 0
[2021-11-27 09:49:04,853] {taskinstance.py:1270} INFO - Marking task as SUCCESS. dag_id=elt, task_id=unzip, execution_date=20211127T024800, start_date=20211127T024904, end_date=20211127T024904
[2021-11-27 09:49:04,877] {local_task_job.py:154} INFO - Task exited with return code 0
[2021-11-27 09:49:04,898] {local_task_job.py:264} INFO - 1 downstream tasks scheduled from follow-on schedule check
