[2021-11-27 15:27:06,604] {taskinstance.py:1035} INFO - Dependencies all met for <TaskInstance: elt.cleaning scheduled__2021-11-27T08:26:00+00:00 [queued]>
[2021-11-27 15:27:06,610] {taskinstance.py:1035} INFO - Dependencies all met for <TaskInstance: elt.cleaning scheduled__2021-11-27T08:26:00+00:00 [queued]>
[2021-11-27 15:27:06,610] {taskinstance.py:1241} INFO - 
--------------------------------------------------------------------------------
[2021-11-27 15:27:06,610] {taskinstance.py:1242} INFO - Starting attempt 1 of 2
[2021-11-27 15:27:06,610] {taskinstance.py:1243} INFO - 
--------------------------------------------------------------------------------
[2021-11-27 15:27:06,616] {taskinstance.py:1262} INFO - Executing <Task(BashOperator): cleaning> on 2021-11-27 08:26:00+00:00
[2021-11-27 15:27:06,619] {standard_task_runner.py:52} INFO - Started process 17214 to run task
[2021-11-27 15:27:06,628] {standard_task_runner.py:76} INFO - Running: ['airflow', 'tasks', 'run', 'elt', 'cleaning', 'scheduled__2021-11-27T08:26:00+00:00', '--job-id', '914', '--raw', '--subdir', 'DAGS_FOLDER/processing.py', '--cfg-path', '/var/folders/hj/g8v71bv11_gb814qbbwch8zc0000gn/T/tmpx9nibf1i', '--error-file', '/var/folders/hj/g8v71bv11_gb814qbbwch8zc0000gn/T/tmp2qznt6wr']
[2021-11-27 15:27:06,629] {standard_task_runner.py:77} INFO - Job 914: Subtask cleaning
[2021-11-27 15:27:06,658] {logging_mixin.py:109} INFO - Running <TaskInstance: elt.cleaning scheduled__2021-11-27T08:26:00+00:00 [running]> on host 1.0.0.0.0.0.0.0.0.0.0.0.0.0.0.0.0.0.0.0.0.0.0.0.0.0.0.0.0.0.0.0.ip6.arpa
[2021-11-27 15:27:06,687] {taskinstance.py:1427} INFO - Exporting the following env vars:
AIRFLOW_CTX_DAG_EMAIL=airflow@example.com
AIRFLOW_CTX_DAG_OWNER=airflow
AIRFLOW_CTX_DAG_ID=elt
AIRFLOW_CTX_TASK_ID=cleaning
AIRFLOW_CTX_EXECUTION_DATE=2021-11-27T08:26:00+00:00
AIRFLOW_CTX_DAG_RUN_ID=scheduled__2021-11-27T08:26:00+00:00
[2021-11-27 15:27:06,688] {subprocess.py:62} INFO - Tmp dir root location: 
 /var/folders/hj/g8v71bv11_gb814qbbwch8zc0000gn/T
[2021-11-27 15:27:06,688] {subprocess.py:74} INFO - Running command: ['bash', '-c', '/Users/Home/Airflow/tasks/cleaning.py /Users/Home/Airflow/unzip /Users/Home/Airflow/output']
[2021-11-27 15:27:06,694] {subprocess.py:85} INFO - Output:
[2021-11-27 15:27:06,748] {subprocess.py:93} INFO - Command exited with return code 0
[2021-11-27 15:27:06,762] {taskinstance.py:1270} INFO - Marking task as SUCCESS. dag_id=elt, task_id=cleaning, execution_date=20211127T082600, start_date=20211127T082706, end_date=20211127T082706
[2021-11-27 15:27:06,803] {local_task_job.py:154} INFO - Task exited with return code 0
[2021-11-27 15:27:06,823] {local_task_job.py:264} INFO - 1 downstream tasks scheduled from follow-on schedule check
