[2021-11-27 06:17:07,215] {taskinstance.py:1035} INFO - Dependencies all met for <TaskInstance: elt.cleaning scheduled__2021-11-26T23:16:00+00:00 [queued]>
[2021-11-27 06:17:07,221] {taskinstance.py:1035} INFO - Dependencies all met for <TaskInstance: elt.cleaning scheduled__2021-11-26T23:16:00+00:00 [queued]>
[2021-11-27 06:17:07,221] {taskinstance.py:1241} INFO - 
--------------------------------------------------------------------------------
[2021-11-27 06:17:07,221] {taskinstance.py:1242} INFO - Starting attempt 1 of 2
[2021-11-27 06:17:07,221] {taskinstance.py:1243} INFO - 
--------------------------------------------------------------------------------
[2021-11-27 06:17:07,228] {taskinstance.py:1262} INFO - Executing <Task(BashOperator): cleaning> on 2021-11-26 23:16:00+00:00
[2021-11-27 06:17:07,230] {standard_task_runner.py:52} INFO - Started process 2220 to run task
[2021-11-27 06:17:07,234] {standard_task_runner.py:76} INFO - Running: ['airflow', 'tasks', 'run', 'elt', 'cleaning', 'scheduled__2021-11-26T23:16:00+00:00', '--job-id', '38', '--raw', '--subdir', 'DAGS_FOLDER/processing.py', '--cfg-path', '/var/folders/hj/g8v71bv11_gb814qbbwch8zc0000gn/T/tmp62ra_593', '--error-file', '/var/folders/hj/g8v71bv11_gb814qbbwch8zc0000gn/T/tmpl9oz9lao']
[2021-11-27 06:17:07,236] {standard_task_runner.py:77} INFO - Job 38: Subtask cleaning
[2021-11-27 06:17:07,262] {logging_mixin.py:109} INFO - Running <TaskInstance: elt.cleaning scheduled__2021-11-26T23:16:00+00:00 [running]> on host 1.0.0.0.0.0.0.0.0.0.0.0.0.0.0.0.0.0.0.0.0.0.0.0.0.0.0.0.0.0.0.0.ip6.arpa
[2021-11-27 06:17:07,289] {taskinstance.py:1427} INFO - Exporting the following env vars:
AIRFLOW_CTX_DAG_EMAIL=airflow@example.com
AIRFLOW_CTX_DAG_OWNER=airflow
AIRFLOW_CTX_DAG_ID=elt
AIRFLOW_CTX_TASK_ID=cleaning
AIRFLOW_CTX_EXECUTION_DATE=2021-11-26T23:16:00+00:00
AIRFLOW_CTX_DAG_RUN_ID=scheduled__2021-11-26T23:16:00+00:00
[2021-11-27 06:17:07,289] {subprocess.py:62} INFO - Tmp dir root location: 
 /var/folders/hj/g8v71bv11_gb814qbbwch8zc0000gn/T
[2021-11-27 06:17:07,290] {subprocess.py:74} INFO - Running command: ['bash', '-c', '/Users/Home/Airflow/tasks/cleaning.py /Users/Home/Airflow/unzip /Users/Home/Airflow/output']
[2021-11-27 06:17:07,295] {subprocess.py:85} INFO - Output:
[2021-11-27 06:17:07,389] {subprocess.py:89} INFO - API_AG.LND.CROP.ZS_DS2_en_csv_v2_3163899.csv
[2021-11-27 06:17:07,389] {subprocess.py:89} INFO - API_AG.PRD.LVSK.XD_DS2_en_csv_v2_3161120.csv
[2021-11-27 06:17:07,389] {subprocess.py:89} INFO - API_AG.LND.TOTL.K2_DS2_en_csv_v2_3159087.csv
[2021-11-27 06:17:07,390] {subprocess.py:89} INFO - API_SP.RUR.TOTL.ZS_DS2_en_csv_v2_3160121.csv
[2021-11-27 06:17:07,390] {subprocess.py:89} INFO - API_AG.LND.CREL.HA_DS2_en_csv_v2_3163897.csv
[2021-11-27 06:17:07,390] {subprocess.py:89} INFO - API_SP.RUR.TOTL_DS2_en_csv_v2_3163192.csv
[2021-11-27 06:17:07,390] {subprocess.py:89} INFO - API_AG.SRF.TOTL.K2_DS2_en_csv_v2_3160371.csv
[2021-11-27 06:17:07,390] {subprocess.py:89} INFO - API_BX.GRT.EXTA.CD.WD_DS2_en_csv_v2_3163964.csv
[2021-11-27 06:17:07,393] {subprocess.py:93} INFO - Command exited with return code 0
[2021-11-27 06:17:07,405] {taskinstance.py:1270} INFO - Marking task as SUCCESS. dag_id=elt, task_id=cleaning, execution_date=20211126T231600, start_date=20211126T231707, end_date=20211126T231707
[2021-11-27 06:17:07,421] {local_task_job.py:154} INFO - Task exited with return code 0
[2021-11-27 06:17:07,438] {local_task_job.py:264} INFO - 1 downstream tasks scheduled from follow-on schedule check
