[2021-11-27 13:00:07,936] {taskinstance.py:1035} INFO - Dependencies all met for <TaskInstance: elt.upload scheduled__2021-11-27T05:53:00+00:00 [queued]>
[2021-11-27 13:00:07,943] {taskinstance.py:1035} INFO - Dependencies all met for <TaskInstance: elt.upload scheduled__2021-11-27T05:53:00+00:00 [queued]>
[2021-11-27 13:00:07,943] {taskinstance.py:1241} INFO - 
--------------------------------------------------------------------------------
[2021-11-27 13:00:07,943] {taskinstance.py:1242} INFO - Starting attempt 1 of 2
[2021-11-27 13:00:07,943] {taskinstance.py:1243} INFO - 
--------------------------------------------------------------------------------
[2021-11-27 13:00:07,952] {taskinstance.py:1262} INFO - Executing <Task(BashOperator): upload> on 2021-11-27 05:53:00+00:00
[2021-11-27 13:00:07,954] {standard_task_runner.py:52} INFO - Started process 14404 to run task
[2021-11-27 13:00:07,959] {standard_task_runner.py:76} INFO - Running: ['airflow', 'tasks', 'run', 'elt', 'upload', 'scheduled__2021-11-27T05:53:00+00:00', '--job-id', '713', '--raw', '--subdir', 'DAGS_FOLDER/processing.py', '--cfg-path', '/var/folders/hj/g8v71bv11_gb814qbbwch8zc0000gn/T/tmp4npl3rdl', '--error-file', '/var/folders/hj/g8v71bv11_gb814qbbwch8zc0000gn/T/tmpmbgmwjri']
[2021-11-27 13:00:07,960] {standard_task_runner.py:77} INFO - Job 713: Subtask upload
[2021-11-27 13:00:12,990] {logging_mixin.py:109} INFO - Running <TaskInstance: elt.upload scheduled__2021-11-27T05:53:00+00:00 [running]> on host MacBookPro.local
[2021-11-27 13:00:18,030] {taskinstance.py:1427} INFO - Exporting the following env vars:
AIRFLOW_CTX_DAG_EMAIL=airflow@example.com
AIRFLOW_CTX_DAG_OWNER=airflow
AIRFLOW_CTX_DAG_ID=elt
AIRFLOW_CTX_TASK_ID=upload
AIRFLOW_CTX_EXECUTION_DATE=2021-11-27T05:53:00+00:00
AIRFLOW_CTX_DAG_RUN_ID=scheduled__2021-11-27T05:53:00+00:00
[2021-11-27 13:00:18,031] {subprocess.py:62} INFO - Tmp dir root location: 
 /var/folders/hj/g8v71bv11_gb814qbbwch8zc0000gn/T
[2021-11-27 13:00:18,032] {subprocess.py:74} INFO - Running command: ['bash', '-c', '/Users/Home/Airflow/tasks/cleaning.py /Users/Home/Airflow/output worldbank']
[2021-11-27 13:00:18,037] {subprocess.py:85} INFO - Output:
[2021-11-27 13:00:18,081] {subprocess.py:93} INFO - Command exited with return code 0
[2021-11-27 13:00:18,094] {taskinstance.py:1270} INFO - Marking task as SUCCESS. dag_id=elt, task_id=upload, execution_date=20211127T055300, start_date=20211127T060007, end_date=20211127T060018
[2021-11-27 13:00:18,113] {local_task_job.py:154} INFO - Task exited with return code 0
[2021-11-27 13:00:18,130] {local_task_job.py:264} INFO - 0 downstream tasks scheduled from follow-on schedule check
