[2021-11-27 12:00:06,824] {taskinstance.py:1035} INFO - Dependencies all met for <TaskInstance: elt.cleaning scheduled__2021-11-27T04:59:00+00:00 [queued]>
[2021-11-27 12:00:06,830] {taskinstance.py:1035} INFO - Dependencies all met for <TaskInstance: elt.cleaning scheduled__2021-11-27T04:59:00+00:00 [queued]>
[2021-11-27 12:00:06,830] {taskinstance.py:1241} INFO - 
--------------------------------------------------------------------------------
[2021-11-27 12:00:06,830] {taskinstance.py:1242} INFO - Starting attempt 1 of 2
[2021-11-27 12:00:06,830] {taskinstance.py:1243} INFO - 
--------------------------------------------------------------------------------
[2021-11-27 12:00:06,836] {taskinstance.py:1262} INFO - Executing <Task(BashOperator): cleaning> on 2021-11-27 04:59:00+00:00
[2021-11-27 12:00:06,838] {standard_task_runner.py:52} INFO - Started process 13148 to run task
[2021-11-27 12:00:06,842] {standard_task_runner.py:76} INFO - Running: ['airflow', 'tasks', 'run', 'elt', 'cleaning', 'scheduled__2021-11-27T04:59:00+00:00', '--job-id', '631', '--raw', '--subdir', 'DAGS_FOLDER/processing.py', '--cfg-path', '/var/folders/hj/g8v71bv11_gb814qbbwch8zc0000gn/T/tmp6kxdoktl', '--error-file', '/var/folders/hj/g8v71bv11_gb814qbbwch8zc0000gn/T/tmpthoxgq2c']
[2021-11-27 12:00:06,844] {standard_task_runner.py:77} INFO - Job 631: Subtask cleaning
[2021-11-27 12:00:06,874] {logging_mixin.py:109} INFO - Running <TaskInstance: elt.cleaning scheduled__2021-11-27T04:59:00+00:00 [running]> on host 1.0.0.0.0.0.0.0.0.0.0.0.0.0.0.0.0.0.0.0.0.0.0.0.0.0.0.0.0.0.0.0.ip6.arpa
[2021-11-27 12:00:06,903] {taskinstance.py:1427} INFO - Exporting the following env vars:
AIRFLOW_CTX_DAG_EMAIL=airflow@example.com
AIRFLOW_CTX_DAG_OWNER=airflow
AIRFLOW_CTX_DAG_ID=elt
AIRFLOW_CTX_TASK_ID=cleaning
AIRFLOW_CTX_EXECUTION_DATE=2021-11-27T04:59:00+00:00
AIRFLOW_CTX_DAG_RUN_ID=scheduled__2021-11-27T04:59:00+00:00
[2021-11-27 12:00:06,904] {subprocess.py:62} INFO - Tmp dir root location: 
 /var/folders/hj/g8v71bv11_gb814qbbwch8zc0000gn/T
[2021-11-27 12:00:06,904] {subprocess.py:74} INFO - Running command: ['bash', '-c', '/Users/Home/Airflow/tasks/cleaning.py /Users/Home/Airflow/unzip /Users/Home/Airflow/output']
[2021-11-27 12:00:06,910] {subprocess.py:85} INFO - Output:
[2021-11-27 12:00:06,956] {subprocess.py:93} INFO - Command exited with return code 0
[2021-11-27 12:00:06,973] {taskinstance.py:1270} INFO - Marking task as SUCCESS. dag_id=elt, task_id=cleaning, execution_date=20211127T045900, start_date=20211127T050006, end_date=20211127T050006
[2021-11-27 12:00:07,028] {local_task_job.py:154} INFO - Task exited with return code 0
[2021-11-27 12:00:07,051] {local_task_job.py:264} INFO - 1 downstream tasks scheduled from follow-on schedule check
