[2021-11-27 11:04:06,150] {taskinstance.py:1035} INFO - Dependencies all met for <TaskInstance: elt.cleaning scheduled__2021-11-27T04:03:00+00:00 [queued]>
[2021-11-27 11:04:06,155] {taskinstance.py:1035} INFO - Dependencies all met for <TaskInstance: elt.cleaning scheduled__2021-11-27T04:03:00+00:00 [queued]>
[2021-11-27 11:04:06,155] {taskinstance.py:1241} INFO - 
--------------------------------------------------------------------------------
[2021-11-27 11:04:06,155] {taskinstance.py:1242} INFO - Starting attempt 1 of 2
[2021-11-27 11:04:06,155] {taskinstance.py:1243} INFO - 
--------------------------------------------------------------------------------
[2021-11-27 11:04:06,162] {taskinstance.py:1262} INFO - Executing <Task(BashOperator): cleaning> on 2021-11-27 04:03:00+00:00
[2021-11-27 11:04:06,164] {standard_task_runner.py:52} INFO - Started process 9483 to run task
[2021-11-27 11:04:06,168] {standard_task_runner.py:76} INFO - Running: ['airflow', 'tasks', 'run', 'elt', 'cleaning', 'scheduled__2021-11-27T04:03:00+00:00', '--job-id', '455', '--raw', '--subdir', 'DAGS_FOLDER/processing.py', '--cfg-path', '/var/folders/hj/g8v71bv11_gb814qbbwch8zc0000gn/T/tmp7hwj67mb', '--error-file', '/var/folders/hj/g8v71bv11_gb814qbbwch8zc0000gn/T/tmpr0043zem']
[2021-11-27 11:04:06,170] {standard_task_runner.py:77} INFO - Job 455: Subtask cleaning
[2021-11-27 11:04:06,198] {logging_mixin.py:109} INFO - Running <TaskInstance: elt.cleaning scheduled__2021-11-27T04:03:00+00:00 [running]> on host 1.0.0.0.0.0.0.0.0.0.0.0.0.0.0.0.0.0.0.0.0.0.0.0.0.0.0.0.0.0.0.0.ip6.arpa
[2021-11-27 11:04:06,224] {taskinstance.py:1427} INFO - Exporting the following env vars:
AIRFLOW_CTX_DAG_EMAIL=airflow@example.com
AIRFLOW_CTX_DAG_OWNER=airflow
AIRFLOW_CTX_DAG_ID=elt
AIRFLOW_CTX_TASK_ID=cleaning
AIRFLOW_CTX_EXECUTION_DATE=2021-11-27T04:03:00+00:00
AIRFLOW_CTX_DAG_RUN_ID=scheduled__2021-11-27T04:03:00+00:00
[2021-11-27 11:04:06,225] {subprocess.py:62} INFO - Tmp dir root location: 
 /var/folders/hj/g8v71bv11_gb814qbbwch8zc0000gn/T
[2021-11-27 11:04:06,225] {subprocess.py:74} INFO - Running command: ['bash', '-c', '/Users/Home/Airflow/tasks/cleaning.py /Users/Home/Airflow/unzip /Users/Home/Airflow/output']
[2021-11-27 11:04:06,231] {subprocess.py:85} INFO - Output:
[2021-11-27 11:04:06,282] {subprocess.py:93} INFO - Command exited with return code 0
[2021-11-27 11:04:06,295] {taskinstance.py:1270} INFO - Marking task as SUCCESS. dag_id=elt, task_id=cleaning, execution_date=20211127T040300, start_date=20211127T040406, end_date=20211127T040406
[2021-11-27 11:04:06,346] {local_task_job.py:154} INFO - Task exited with return code 0
[2021-11-27 11:04:06,365] {local_task_job.py:264} INFO - 1 downstream tasks scheduled from follow-on schedule check
