[2021-11-27 14:24:19,176] {taskinstance.py:1035} INFO - Dependencies all met for <TaskInstance: elt.cleaning scheduled__2021-11-27T06:18:00+00:00 [queued]>
[2021-11-27 14:24:19,180] {taskinstance.py:1035} INFO - Dependencies all met for <TaskInstance: elt.cleaning scheduled__2021-11-27T06:18:00+00:00 [queued]>
[2021-11-27 14:24:19,180] {taskinstance.py:1241} INFO - 
--------------------------------------------------------------------------------
[2021-11-27 14:24:19,180] {taskinstance.py:1242} INFO - Starting attempt 2 of 2
[2021-11-27 14:24:19,181] {taskinstance.py:1243} INFO - 
--------------------------------------------------------------------------------
[2021-11-27 14:24:19,187] {taskinstance.py:1262} INFO - Executing <Task(BashOperator): cleaning> on 2021-11-27 06:18:00+00:00
[2021-11-27 14:24:19,191] {standard_task_runner.py:52} INFO - Started process 14808 to run task
[2021-11-27 14:24:19,198] {standard_task_runner.py:76} INFO - Running: ['airflow', 'tasks', 'run', 'elt', 'cleaning', 'scheduled__2021-11-27T06:18:00+00:00', '--job-id', '777', '--raw', '--subdir', 'DAGS_FOLDER/processing.py', '--cfg-path', '/var/folders/hj/g8v71bv11_gb814qbbwch8zc0000gn/T/tmp80h70sih', '--error-file', '/var/folders/hj/g8v71bv11_gb814qbbwch8zc0000gn/T/tmp26t7n7k7']
[2021-11-27 14:24:19,201] {standard_task_runner.py:77} INFO - Job 777: Subtask cleaning
[2021-11-27 14:24:19,230] {logging_mixin.py:109} INFO - Running <TaskInstance: elt.cleaning scheduled__2021-11-27T06:18:00+00:00 [running]> on host 1.0.0.0.0.0.0.0.0.0.0.0.0.0.0.0.0.0.0.0.0.0.0.0.0.0.0.0.0.0.0.0.ip6.arpa
[2021-11-27 14:24:19,257] {taskinstance.py:1427} INFO - Exporting the following env vars:
AIRFLOW_CTX_DAG_EMAIL=airflow@example.com
AIRFLOW_CTX_DAG_OWNER=airflow
AIRFLOW_CTX_DAG_ID=elt
AIRFLOW_CTX_TASK_ID=cleaning
AIRFLOW_CTX_EXECUTION_DATE=2021-11-27T06:18:00+00:00
AIRFLOW_CTX_DAG_RUN_ID=scheduled__2021-11-27T06:18:00+00:00
[2021-11-27 14:24:19,258] {subprocess.py:62} INFO - Tmp dir root location: 
 /var/folders/hj/g8v71bv11_gb814qbbwch8zc0000gn/T
[2021-11-27 14:24:19,258] {subprocess.py:74} INFO - Running command: ['bash', '-c', '/Users/Home/Airflow/tasks/cleaning.py /Users/Home/Airflow/unzip /Users/Home/Airflow/output']
[2021-11-27 14:24:19,264] {subprocess.py:85} INFO - Output:
[2021-11-27 14:24:19,319] {subprocess.py:93} INFO - Command exited with return code 0
[2021-11-27 14:24:19,330] {taskinstance.py:1270} INFO - Marking task as SUCCESS. dag_id=elt, task_id=cleaning, execution_date=20211127T061800, start_date=20211127T072419, end_date=20211127T072419
[2021-11-27 14:24:19,379] {local_task_job.py:154} INFO - Task exited with return code 0
[2021-11-27 14:24:19,397] {local_task_job.py:264} INFO - 1 downstream tasks scheduled from follow-on schedule check
