[2021-11-27 10:20:10,184] {taskinstance.py:1035} INFO - Dependencies all met for <TaskInstance: elt.upload scheduled__2021-11-27T03:19:00+00:00 [queued]>
[2021-11-27 10:20:10,192] {taskinstance.py:1035} INFO - Dependencies all met for <TaskInstance: elt.upload scheduled__2021-11-27T03:19:00+00:00 [queued]>
[2021-11-27 10:20:10,192] {taskinstance.py:1241} INFO - 
--------------------------------------------------------------------------------
[2021-11-27 10:20:10,192] {taskinstance.py:1242} INFO - Starting attempt 1 of 2
[2021-11-27 10:20:10,192] {taskinstance.py:1243} INFO - 
--------------------------------------------------------------------------------
[2021-11-27 10:20:10,201] {taskinstance.py:1262} INFO - Executing <Task(BashOperator): upload> on 2021-11-27 03:19:00+00:00
[2021-11-27 10:20:10,204] {standard_task_runner.py:52} INFO - Started process 6996 to run task
[2021-11-27 10:20:10,209] {standard_task_runner.py:76} INFO - Running: ['airflow', 'tasks', 'run', 'elt', 'upload', 'scheduled__2021-11-27T03:19:00+00:00', '--job-id', '323', '--raw', '--subdir', 'DAGS_FOLDER/processing.py', '--cfg-path', '/var/folders/hj/g8v71bv11_gb814qbbwch8zc0000gn/T/tmphww6gznq', '--error-file', '/var/folders/hj/g8v71bv11_gb814qbbwch8zc0000gn/T/tmpaou2i0rq']
[2021-11-27 10:20:10,211] {standard_task_runner.py:77} INFO - Job 323: Subtask upload
[2021-11-27 10:20:10,244] {logging_mixin.py:109} INFO - Running <TaskInstance: elt.upload scheduled__2021-11-27T03:19:00+00:00 [running]> on host 1.0.0.0.0.0.0.0.0.0.0.0.0.0.0.0.0.0.0.0.0.0.0.0.0.0.0.0.0.0.0.0.ip6.arpa
[2021-11-27 10:20:10,276] {taskinstance.py:1427} INFO - Exporting the following env vars:
AIRFLOW_CTX_DAG_EMAIL=airflow@example.com
AIRFLOW_CTX_DAG_OWNER=airflow
AIRFLOW_CTX_DAG_ID=elt
AIRFLOW_CTX_TASK_ID=upload
AIRFLOW_CTX_EXECUTION_DATE=2021-11-27T03:19:00+00:00
AIRFLOW_CTX_DAG_RUN_ID=scheduled__2021-11-27T03:19:00+00:00
[2021-11-27 10:20:10,277] {subprocess.py:62} INFO - Tmp dir root location: 
 /var/folders/hj/g8v71bv11_gb814qbbwch8zc0000gn/T
[2021-11-27 10:20:10,278] {subprocess.py:74} INFO - Running command: ['bash', '-c', '/Users/Home/Airflow/tasks/cleaning.py /Users/Home/Airflow/output worldbank']
[2021-11-27 10:20:10,284] {subprocess.py:85} INFO - Output:
[2021-11-27 10:20:10,346] {subprocess.py:93} INFO - Command exited with return code 0
[2021-11-27 10:20:10,364] {taskinstance.py:1270} INFO - Marking task as SUCCESS. dag_id=elt, task_id=upload, execution_date=20211127T031900, start_date=20211127T032010, end_date=20211127T032010
[2021-11-27 10:20:10,391] {local_task_job.py:154} INFO - Task exited with return code 0
[2021-11-27 10:20:10,409] {local_task_job.py:264} INFO - 0 downstream tasks scheduled from follow-on schedule check
