[2021-11-27 05:11:45,301] {taskinstance.py:1035} INFO - Dependencies all met for <TaskInstance: elt.cleaning scheduled__2021-11-26T22:10:00+00:00 [queued]>
[2021-11-27 05:11:45,309] {taskinstance.py:1035} INFO - Dependencies all met for <TaskInstance: elt.cleaning scheduled__2021-11-26T22:10:00+00:00 [queued]>
[2021-11-27 05:11:45,310] {taskinstance.py:1241} INFO - 
--------------------------------------------------------------------------------
[2021-11-27 05:11:45,310] {taskinstance.py:1242} INFO - Starting attempt 1 of 2
[2021-11-27 05:11:45,310] {taskinstance.py:1243} INFO - 
--------------------------------------------------------------------------------
[2021-11-27 05:11:45,320] {taskinstance.py:1262} INFO - Executing <Task(BashOperator): cleaning> on 2021-11-26 22:10:00+00:00
[2021-11-27 05:11:45,323] {standard_task_runner.py:52} INFO - Started process 19941 to run task
[2021-11-27 05:11:45,328] {standard_task_runner.py:76} INFO - Running: ['airflow', 'tasks', 'run', 'elt', 'cleaning', 'scheduled__2021-11-26T22:10:00+00:00', '--job-id', '6', '--raw', '--subdir', 'DAGS_FOLDER/processing.py', '--cfg-path', '/var/folders/hj/g8v71bv11_gb814qbbwch8zc0000gn/T/tmp1n97ugpi', '--error-file', '/var/folders/hj/g8v71bv11_gb814qbbwch8zc0000gn/T/tmp2u_47ns5']
[2021-11-27 05:11:45,330] {standard_task_runner.py:77} INFO - Job 6: Subtask cleaning
[2021-11-27 05:11:45,362] {logging_mixin.py:109} INFO - Running <TaskInstance: elt.cleaning scheduled__2021-11-26T22:10:00+00:00 [running]> on host 1.0.0.0.0.0.0.0.0.0.0.0.0.0.0.0.0.0.0.0.0.0.0.0.0.0.0.0.0.0.0.0.ip6.arpa
[2021-11-27 05:11:45,393] {taskinstance.py:1427} INFO - Exporting the following env vars:
AIRFLOW_CTX_DAG_EMAIL=airflow@example.com
AIRFLOW_CTX_DAG_OWNER=airflow
AIRFLOW_CTX_DAG_ID=elt
AIRFLOW_CTX_TASK_ID=cleaning
AIRFLOW_CTX_EXECUTION_DATE=2021-11-26T22:10:00+00:00
AIRFLOW_CTX_DAG_RUN_ID=scheduled__2021-11-26T22:10:00+00:00
[2021-11-27 05:11:45,395] {subprocess.py:62} INFO - Tmp dir root location: 
 /var/folders/hj/g8v71bv11_gb814qbbwch8zc0000gn/T
[2021-11-27 05:11:45,396] {subprocess.py:74} INFO - Running command: ['bash', '-c', '/Users/Home/Airflow/tasks/cleaning.py /Users/Home/Airflow/unzip /Users/Home/Airflow/output']
[2021-11-27 05:11:45,408] {subprocess.py:85} INFO - Output:
[2021-11-27 05:11:46,394] {subprocess.py:89} INFO - API_NY.GDP.DEFL.KD.ZG_DS2_en_csv_v2_3159006.csv
[2021-11-27 05:11:46,395] {subprocess.py:89} INFO - API_NE.GDI.TOTL.ZS_DS2_en_csv_v2_3160649.csv
[2021-11-27 05:11:46,395] {subprocess.py:89} INFO - API_IC.BUS.EASE.XQ_DS2_en_csv_v2_3159290.csv
[2021-11-27 05:11:46,396] {subprocess.py:89} INFO - API_SH.STA.MMRT_DS2_en_csv_v2_3159367.csv
[2021-11-27 05:11:46,396] {subprocess.py:89} INFO - API_ER.PTD.TOTL.ZS_DS2_en_csv_v2_3160968.csv
[2021-11-27 05:11:46,397] {subprocess.py:89} INFO - API_DT.ODA.ODAT.CD_DS2_en_csv_v2_3160773.csv
[2021-11-27 05:11:46,397] {subprocess.py:89} INFO - API_SP.URB.TOTL.IN.ZS_DS2_en_csv_v2_3159585.csv
[2021-11-27 05:11:46,397] {subprocess.py:89} INFO - API_SP.POP.TOTL_DS2_en_csv_v2_3158886.csv
[2021-11-27 05:11:46,398] {subprocess.py:89} INFO - API_EG.FEC.RNEW.ZS_DS2_en_csv_v2_3160040.csv
[2021-11-27 05:11:46,398] {subprocess.py:89} INFO - API_BM.GSR.ROYL.CD_DS2_en_csv_v2_3163946.csv
[2021-11-27 05:11:46,398] {subprocess.py:89} INFO - API_SH.DYN.MORT_DS2_en_csv_v2_3162033.csv
[2021-11-27 05:11:46,398] {subprocess.py:89} INFO - API_BN.CAB.XOKA.CD_DS2_en_csv_v2_3160574.csv
[2021-11-27 05:11:46,399] {subprocess.py:89} INFO - API_FP.CPI.TOTL.ZG_DS2_en_csv_v2_3158945.csv
[2021-11-27 05:11:46,399] {subprocess.py:89} INFO - API_AG.LND.CROP.ZS_DS2_en_csv_v2_3163899.csv
[2021-11-27 05:11:46,399] {subprocess.py:89} INFO - API_EN.ATM.GHGT.KT.CE_DS2_en_csv_v2_3159354.csv
[2021-11-27 05:11:46,400] {subprocess.py:89} INFO - API_SH.STA.STNT.ZS_DS2_en_csv_v2_3165495.csv
[2021-11-27 05:11:46,400] {subprocess.py:89} INFO - API_NY.GDP.MKTP.CD_DS2_en_csv_v2_3263806.csv
[2021-11-27 05:11:46,400] {subprocess.py:89} INFO - API_EN.ATM.CO2E.PC_DS2_en_csv_v2_3159114.csv
[2021-11-27 05:11:46,401] {subprocess.py:89} INFO - API_EG.ELC.RNEW.ZS_DS2_en_csv_v2_3159253.csv
[2021-11-27 05:11:46,401] {subprocess.py:89} INFO - API_NV.AGR.TOTL.ZS_DS2_en_csv_v2_3160861.csv
[2021-11-27 05:11:46,401] {subprocess.py:89} INFO - API_AG.LND.IRIG.AG.ZS_DS2_en_csv_v2_3163914.csv
[2021-11-27 05:11:46,402] {subprocess.py:89} INFO - API_DT.ODA.ODAT.GN.ZS_DS2_en_csv_v2_3161196.csv
[2021-11-27 05:11:46,402] {subprocess.py:89} INFO - API_ER.H2O.FWTL.K3_DS2_en_csv_v2_3164543.csv
[2021-11-27 05:11:46,403] {subprocess.py:89} INFO - API_DT.DOD.DECT.GN.ZS_DS2_en_csv_v2_3160995.csv
[2021-11-27 05:11:46,403] {subprocess.py:89} INFO - API_DT.ODA.ODAT.MP.ZS_DS2_en_csv_v2_3161055.csv
[2021-11-27 05:11:46,403] {subprocess.py:89} INFO - API_DT.ODA.ODAT.PC.ZS_DS2_en_csv_v2_3160336.csv
[2021-11-27 05:11:46,404] {subprocess.py:89} INFO - API_EG.USE.ELEC.KH.PC_DS2_en_csv_v2_3161810.csv
[2021-11-27 05:11:46,404] {subprocess.py:89} INFO - API_GC.DOD.TOTL.GD.ZS_DS2_en_csv_v2_3159592.csv
[2021-11-27 05:11:46,405] {subprocess.py:89} INFO - API_AG.PRD.LVSK.XD_DS2_en_csv_v2_3161120.csv
[2021-11-27 05:11:46,405] {subprocess.py:89} INFO - API_AG.LND.FRST.K2_DS2_en_csv_v2_3159335.csv
[2021-11-27 05:11:46,405] {subprocess.py:89} INFO - API_SH.STA.MALN.ZS_DS2_en_csv_v2_3165479.csv
[2021-11-27 05:11:46,406] {subprocess.py:89} INFO - API_NY.GNP.MKTP.PP.CD_DS2_en_csv_v2_3165170.csv
[2021-11-27 05:11:46,406] {subprocess.py:89} INFO - API_AG.CON.FERT.ZS_DS2_en_csv_v2_3159437.csv
[2021-11-27 05:11:46,406] {subprocess.py:89} INFO - API_NY.GDP.PCAP.PP.CD_DS2_en_csv_v2_3158984.csv
[2021-11-27 05:11:46,406] {subprocess.py:89} INFO - API_AG.LND.TOTL.K2_DS2_en_csv_v2_3159087.csv
[2021-11-27 05:11:46,407] {subprocess.py:89} INFO - API_NY.GNP.PCAP.PP.CD_DS2_en_csv_v2_3160408.csv
[2021-11-27 05:11:46,407] {subprocess.py:89} INFO - API_SP.RUR.TOTL.ZS_DS2_en_csv_v2_3160121.csv
[2021-11-27 05:11:46,407] {subprocess.py:89} INFO - API_EG.USE.PCAP.KG.OE_DS2_en_csv_v2_3164405.csv
[2021-11-27 05:11:46,408] {subprocess.py:89} INFO - API_NV.MNF.TECH.ZS.UN_DS2_en_csv_v2_3165104.csv
[2021-11-27 05:11:46,408] {subprocess.py:89} INFO - API_NY.GNP.ATLS.CD_DS2_en_csv_v2_3159496.csv
[2021-11-27 05:11:46,408] {subprocess.py:89} INFO - API_SH.TBS.INCD_DS2_en_csv_v2_3165510.csv
[2021-11-27 05:11:46,409] {subprocess.py:89} INFO - API_SE.PRM.CMPT.ZS_DS2_en_csv_v2_3163677.csv
[2021-11-27 05:11:46,409] {subprocess.py:89} INFO - API_BX.GRT.TECH.CD.WD_DS2_en_csv_v2_3163965.csv
[2021-11-27 05:11:46,409] {subprocess.py:89} INFO - API_SH.DYN.AIDS.ZS_DS2_en_csv_v2_3158949.csv
[2021-11-27 05:11:46,409] {subprocess.py:89} INFO - API_NY.GDP.PCAP.CD_DS2_en_csv_v2_3159040.csv
[2021-11-27 05:11:46,409] {subprocess.py:89} INFO - API_SP.POP.GROW_DS2_en_csv_v2_3159088.csv
[2021-11-27 05:11:46,410] {subprocess.py:89} INFO - API_EN.URB.MCTY.TL.ZS_DS2_en_csv_v2_3164520.csv
[2021-11-27 05:11:46,410] {subprocess.py:89} INFO - API_EN.ATM.CO2E.KT_DS2_en_csv_v2_3159085.csv
[2021-11-27 05:11:46,410] {subprocess.py:89} INFO - API_AG.LND.CREL.HA_DS2_en_csv_v2_3163897.csv
[2021-11-27 05:11:46,410] {subprocess.py:89} INFO - API_GC.XPN.TOTL.GD.ZS_DS2_en_csv_v2_3164724.csv
[2021-11-27 05:11:46,410] {subprocess.py:89} INFO - API_BX.GSR.ROYL.CD_DS2_en_csv_v2_3163976.csv
[2021-11-27 05:11:46,411] {subprocess.py:89} INFO - API_AG.LND.FRST.ZS_DS2_en_csv_v2_3158992.csv
[2021-11-27 05:11:46,411] {subprocess.py:89} INFO - API_AG.LND.ARBL.ZS_DS2_en_csv_v2_3161161.csv
[2021-11-27 05:11:46,411] {subprocess.py:89} INFO - API_DT.ODA.ODAT.XP.ZS_DS2_en_csv_v2_3164297.csv
[2021-11-27 05:11:46,411] {subprocess.py:89} INFO - API_SM.POP.NETM_DS2_en_csv_v2_3158896.csv
[2021-11-27 05:11:46,411] {subprocess.py:89} INFO - API_SI.POV.DDAY_DS2_en_csv_v2_3160009.csv
[2021-11-27 05:11:46,412] {subprocess.py:89} INFO - API_AG.LND.TRAC.ZS_DS2_en_csv_v2_3163924.csv
[2021-11-27 05:11:46,412] {subprocess.py:89} INFO - API_NE.EXP.GNFS.ZS_DS2_en_csv_v2_3163503.csv
[2021-11-27 05:11:46,412] {subprocess.py:89} INFO - API_NY.ADJ.SVNG.GN.ZS_DS2_en_csv_v2_3165137.csv
[2021-11-27 05:11:46,412] {subprocess.py:89} INFO - API_BX.KLT.DINV.CD.WD_DS2_en_csv_v2_3158985.csv
[2021-11-27 05:11:46,412] {subprocess.py:89} INFO - API_AG.YLD.CREL.KG_DS2_en_csv_v2_3163929.csv
[2021-11-27 05:11:46,413] {subprocess.py:89} INFO - API_SP.RUR.TOTL_DS2_en_csv_v2_3163192.csv
[2021-11-27 05:11:46,413] {subprocess.py:89} INFO - API_EG.ELC.ACCS.ZS_DS2_en_csv_v2_3159928.csv
[2021-11-27 05:11:46,413] {subprocess.py:89} INFO - API_SE.ENR.PRSC.FM.ZS_DS2_en_csv_v2_3165231.csv
[2021-11-27 05:11:46,413] {subprocess.py:89} INFO - API_AG.LND.EL5M.ZS_DS2_en_csv_v2_3163252.csv
[2021-11-27 05:11:46,414] {subprocess.py:89} INFO - API_AG.PRD.FOOD.XD_DS2_en_csv_v2_3159905.csv
[2021-11-27 05:11:46,414] {subprocess.py:89} INFO - API_SL.AGR.EMPL.MA.ZS_DS2_en_csv_v2_3165572.csv
[2021-11-27 05:11:46,414] {subprocess.py:89} INFO - API_NV.IND.TOTL.ZS_DS2_en_csv_v2_3159615.csv
[2021-11-27 05:11:46,415] {subprocess.py:89} INFO - API_NY.GDP.PCAP.KD.ZG_DS2_en_csv_v2_3159038.csv
[2021-11-27 05:11:46,415] {subprocess.py:89} INFO - API_SH.STA.ANVC.ZS_DS2_en_csv_v2_3165465.csv
[2021-11-27 05:11:46,415] {subprocess.py:89} INFO - API_ER.H2O.FWTL.ZS_DS2_en_csv_v2_3159963.csv
[2021-11-27 05:11:46,415] {subprocess.py:89} INFO - API_EN.POP.EL5M.ZS_DS2_en_csv_v2_3161137.csv
[2021-11-27 05:11:46,416] {subprocess.py:89} INFO - API_DT.ODA.ODAT.GI.ZS_DS2_en_csv_v2_3164289.csv
[2021-11-27 05:11:46,416] {subprocess.py:89} INFO - API_NE.IMP.GNFS.ZS_DS2_en_csv_v2_3159021.csv
[2021-11-27 05:11:46,416] {subprocess.py:89} INFO - API_SL.AGR.EMPL.FE.ZS_DS2_en_csv_v2_3165570.csv
[2021-11-27 05:11:46,417] {subprocess.py:89} INFO - API_NY.GDP.MKTP.KD.ZG_DS2_en_csv_v2_3158928.csv
[2021-11-27 05:11:46,417] {subprocess.py:89} INFO - API_EN.ATM.METH.KT.CE_DS2_en_csv_v2_3161021.csv
[2021-11-27 05:11:46,417] {subprocess.py:89} INFO - API_AG.SRF.TOTL.K2_DS2_en_csv_v2_3160371.csv
[2021-11-27 05:11:46,418] {subprocess.py:89} INFO - API_IQ.CPA.PUBS.XQ_DS2_en_csv_v2_3161659.csv
[2021-11-27 05:11:46,418] {subprocess.py:89} INFO - API_DT.DOD.DECT.CD_DS2_en_csv_v2_3164107.csv
[2021-11-27 05:11:46,418] {subprocess.py:89} INFO - API_BX.GRT.EXTA.CD.WD_DS2_en_csv_v2_3163964.csv
[2021-11-27 05:11:46,419] {subprocess.py:89} INFO - API_NY.GNP.PCAP.CD_DS2_en_csv_v2_3159868.csv
[2021-11-27 05:11:46,419] {subprocess.py:89} INFO - API_NY.GNS.ICTR.ZS_DS2_en_csv_v2_3165177.csv
[2021-11-27 05:11:46,420] {subprocess.py:89} INFO - API_AG.PRD.CROP.XD_DS2_en_csv_v2_3159593.csv
[2021-11-27 05:11:46,421] {subprocess.py:89} INFO - API_SI.DST.FRST.20_DS2_en_csv_v2_3165548.csv
[2021-11-27 05:11:46,421] {subprocess.py:89} INFO - API_SP.URB.TOTL_DS2_en_csv_v2_3263806.csv
[2021-11-27 05:11:46,421] {subprocess.py:89} INFO - API_AG.LND.ARBL.HA.PC_DS2_en_csv_v2_3163892.csv
[2021-11-27 05:11:46,422] {subprocess.py:89} INFO - API_AG.LND.AGRI.ZS_DS2_en_csv_v2_3163149.csv
[2021-11-27 05:11:46,422] {subprocess.py:89} INFO - API_EN.ATM.NOXE.KT.CE_DS2_en_csv_v2_3164460.csv
[2021-11-27 05:11:46,423] {subprocess.py:93} INFO - Command exited with return code 0
[2021-11-27 05:11:46,441] {taskinstance.py:1270} INFO - Marking task as SUCCESS. dag_id=elt, task_id=cleaning, execution_date=20211126T221000, start_date=20211126T221145, end_date=20211126T221146
[2021-11-27 05:11:46,462] {local_task_job.py:154} INFO - Task exited with return code 0
[2021-11-27 05:11:46,485] {local_task_job.py:264} INFO - 1 downstream tasks scheduled from follow-on schedule check
