[2021-11-27 05:14:08,866] {taskinstance.py:1035} INFO - Dependencies all met for <TaskInstance: elt.upload scheduled__2021-11-26T22:13:00+00:00 [queued]>
[2021-11-27 05:14:08,873] {taskinstance.py:1035} INFO - Dependencies all met for <TaskInstance: elt.upload scheduled__2021-11-26T22:13:00+00:00 [queued]>
[2021-11-27 05:14:08,873] {taskinstance.py:1241} INFO - 
--------------------------------------------------------------------------------
[2021-11-27 05:14:08,873] {taskinstance.py:1242} INFO - Starting attempt 1 of 2
[2021-11-27 05:14:08,873] {taskinstance.py:1243} INFO - 
--------------------------------------------------------------------------------
[2021-11-27 05:14:08,880] {taskinstance.py:1262} INFO - Executing <Task(BashOperator): upload> on 2021-11-26 22:13:00+00:00
[2021-11-27 05:14:08,882] {standard_task_runner.py:52} INFO - Started process 20368 to run task
[2021-11-27 05:14:08,887] {standard_task_runner.py:76} INFO - Running: ['airflow', 'tasks', 'run', 'elt', 'upload', 'scheduled__2021-11-26T22:13:00+00:00', '--job-id', '20', '--raw', '--subdir', 'DAGS_FOLDER/processing.py', '--cfg-path', '/var/folders/hj/g8v71bv11_gb814qbbwch8zc0000gn/T/tmpr8tsg95_', '--error-file', '/var/folders/hj/g8v71bv11_gb814qbbwch8zc0000gn/T/tmp8dbb5df9']
[2021-11-27 05:14:08,888] {standard_task_runner.py:77} INFO - Job 20: Subtask upload
[2021-11-27 05:14:08,917] {logging_mixin.py:109} INFO - Running <TaskInstance: elt.upload scheduled__2021-11-26T22:13:00+00:00 [running]> on host 1.0.0.0.0.0.0.0.0.0.0.0.0.0.0.0.0.0.0.0.0.0.0.0.0.0.0.0.0.0.0.0.ip6.arpa
[2021-11-27 05:14:08,945] {taskinstance.py:1427} INFO - Exporting the following env vars:
AIRFLOW_CTX_DAG_EMAIL=airflow@example.com
AIRFLOW_CTX_DAG_OWNER=airflow
AIRFLOW_CTX_DAG_ID=elt
AIRFLOW_CTX_TASK_ID=upload
AIRFLOW_CTX_EXECUTION_DATE=2021-11-26T22:13:00+00:00
AIRFLOW_CTX_DAG_RUN_ID=scheduled__2021-11-26T22:13:00+00:00
[2021-11-27 05:14:08,945] {subprocess.py:62} INFO - Tmp dir root location: 
 /var/folders/hj/g8v71bv11_gb814qbbwch8zc0000gn/T
[2021-11-27 05:14:08,946] {subprocess.py:74} INFO - Running command: ['bash', '-c', '/Users/Home/Airflow/tasks/cleaning.py /Users/Home/Airflow/output worldbank']
[2021-11-27 05:14:08,951] {subprocess.py:85} INFO - Output:
[2021-11-27 05:14:09,000] {subprocess.py:89} INFO - rm: /Users/Home/Airflow/output/*API_AG.CON.FERT.ZS_DS2_en_csv_v2_3159437.csv: No such file or directory
[2021-11-27 05:14:09,005] {subprocess.py:89} INFO - rm: /Users/Home/Airflow/output/*API_AG.LND.FRST.ZS_DS2_en_csv_v2_3158992.csv: No such file or directory
[2021-11-27 05:14:09,011] {subprocess.py:89} INFO - rm: /Users/Home/Airflow/output/*API_AG.YLD.CREL.KG_DS2_en_csv_v2_3163929.csv: No such file or directory
[2021-11-27 05:14:09,016] {subprocess.py:89} INFO - rm: /Users/Home/Airflow/output/*API_AG.PRD.FOOD.XD_DS2_en_csv_v2_3159905.csv: No such file or directory
[2021-11-27 05:14:09,022] {subprocess.py:89} INFO - rm: /Users/Home/Airflow/output/*API_SL.AGR.EMPL.MA.ZS_DS2_en_csv_v2_3165572.csv: No such file or directory
[2021-11-27 05:14:09,027] {subprocess.py:89} INFO - rm: /Users/Home/Airflow/output/*API_SL.AGR.EMPL.FE.ZS_DS2_en_csv_v2_3165570.csv: No such file or directory
[2021-11-27 05:14:09,032] {subprocess.py:89} INFO - rm: /Users/Home/Airflow/output/*API_AG.PRD.CROP.XD_DS2_en_csv_v2_3159593.csv: No such file or directory
[2021-11-27 05:14:09,033] {subprocess.py:89} INFO - API_AG.CON.FERT.ZS_DS2_en_csv_v2_3159437.csv
[2021-11-27 05:14:09,033] {subprocess.py:89} INFO - API_AG.LND.FRST.ZS_DS2_en_csv_v2_3158992.csv
[2021-11-27 05:14:09,033] {subprocess.py:89} INFO - API_AG.YLD.CREL.KG_DS2_en_csv_v2_3163929.csv
[2021-11-27 05:14:09,033] {subprocess.py:89} INFO - API_AG.PRD.FOOD.XD_DS2_en_csv_v2_3159905.csv
[2021-11-27 05:14:09,034] {subprocess.py:89} INFO - API_SL.AGR.EMPL.MA.ZS_DS2_en_csv_v2_3165572.csv
[2021-11-27 05:14:09,034] {subprocess.py:89} INFO - API_SL.AGR.EMPL.FE.ZS_DS2_en_csv_v2_3165570.csv
[2021-11-27 05:14:09,034] {subprocess.py:89} INFO - API_AG.PRD.CROP.XD_DS2_en_csv_v2_3159593.csv
[2021-11-27 05:14:09,037] {subprocess.py:93} INFO - Command exited with return code 0
[2021-11-27 05:14:09,052] {taskinstance.py:1270} INFO - Marking task as SUCCESS. dag_id=elt, task_id=upload, execution_date=20211126T221300, start_date=20211126T221408, end_date=20211126T221409
[2021-11-27 05:14:09,068] {local_task_job.py:154} INFO - Task exited with return code 0
[2021-11-27 05:14:09,084] {local_task_job.py:264} INFO - 0 downstream tasks scheduled from follow-on schedule check
