[2021-11-27 07:06:37,283] {taskinstance.py:1035} INFO - Dependencies all met for <TaskInstance: elt.unzip scheduled__2021-11-27T00:05:00+00:00 [queued]>
[2021-11-27 07:06:37,291] {taskinstance.py:1035} INFO - Dependencies all met for <TaskInstance: elt.unzip scheduled__2021-11-27T00:05:00+00:00 [queued]>
[2021-11-27 07:06:37,291] {taskinstance.py:1241} INFO - 
--------------------------------------------------------------------------------
[2021-11-27 07:06:37,291] {taskinstance.py:1242} INFO - Starting attempt 1 of 2
[2021-11-27 07:06:37,291] {taskinstance.py:1243} INFO - 
--------------------------------------------------------------------------------
[2021-11-27 07:06:37,300] {taskinstance.py:1262} INFO - Executing <Task(BashOperator): unzip> on 2021-11-27 00:05:00+00:00
[2021-11-27 07:06:37,304] {standard_task_runner.py:52} INFO - Started process 3423 to run task
[2021-11-27 07:06:37,311] {standard_task_runner.py:76} INFO - Running: ['airflow', 'tasks', 'run', 'elt', 'unzip', 'scheduled__2021-11-27T00:05:00+00:00', '--job-id', '101', '--raw', '--subdir', 'DAGS_FOLDER/processing.py', '--cfg-path', '/var/folders/hj/g8v71bv11_gb814qbbwch8zc0000gn/T/tmp0rr7z1wr', '--error-file', '/var/folders/hj/g8v71bv11_gb814qbbwch8zc0000gn/T/tmp4c0ei3y7']
[2021-11-27 07:06:37,313] {standard_task_runner.py:77} INFO - Job 101: Subtask unzip
[2021-11-27 07:06:42,343] {logging_mixin.py:109} INFO - Running <TaskInstance: elt.unzip scheduled__2021-11-27T00:05:00+00:00 [running]> on host MacBookPro.local
[2021-11-27 07:06:47,383] {taskinstance.py:1427} INFO - Exporting the following env vars:
AIRFLOW_CTX_DAG_EMAIL=airflow@example.com
AIRFLOW_CTX_DAG_OWNER=airflow
AIRFLOW_CTX_DAG_ID=elt
AIRFLOW_CTX_TASK_ID=unzip
AIRFLOW_CTX_EXECUTION_DATE=2021-11-27T00:05:00+00:00
AIRFLOW_CTX_DAG_RUN_ID=scheduled__2021-11-27T00:05:00+00:00
[2021-11-27 07:06:47,384] {subprocess.py:62} INFO - Tmp dir root location: 
 /var/folders/hj/g8v71bv11_gb814qbbwch8zc0000gn/T
[2021-11-27 07:06:47,384] {subprocess.py:74} INFO - Running command: ['bash', '-c', '/Users/Home/Airflow/tasks/unzip.py /Users/Home/Airflow/down /Users/Home/Airflow/unzip']
[2021-11-27 07:06:47,390] {subprocess.py:85} INFO - Output:
[2021-11-27 07:06:47,443] {subprocess.py:93} INFO - Command exited with return code 0
[2021-11-27 07:06:47,456] {taskinstance.py:1270} INFO - Marking task as SUCCESS. dag_id=elt, task_id=unzip, execution_date=20211127T000500, start_date=20211127T000637, end_date=20211127T000647
[2021-11-27 07:06:47,495] {local_task_job.py:154} INFO - Task exited with return code 0
[2021-11-27 07:06:47,514] {local_task_job.py:264} INFO - 1 downstream tasks scheduled from follow-on schedule check
