[2021-11-27 15:55:07,236] {taskinstance.py:1035} INFO - Dependencies all met for <TaskInstance: elt.cleaning scheduled__2021-11-27T08:54:00+00:00 [queued]>
[2021-11-27 15:55:07,241] {taskinstance.py:1035} INFO - Dependencies all met for <TaskInstance: elt.cleaning scheduled__2021-11-27T08:54:00+00:00 [queued]>
[2021-11-27 15:55:07,241] {taskinstance.py:1241} INFO - 
--------------------------------------------------------------------------------
[2021-11-27 15:55:07,241] {taskinstance.py:1242} INFO - Starting attempt 1 of 2
[2021-11-27 15:55:07,242] {taskinstance.py:1243} INFO - 
--------------------------------------------------------------------------------
[2021-11-27 15:55:07,249] {taskinstance.py:1262} INFO - Executing <Task(BashOperator): cleaning> on 2021-11-27 08:54:00+00:00
[2021-11-27 15:55:07,251] {standard_task_runner.py:52} INFO - Started process 18440 to run task
[2021-11-27 15:55:07,255] {standard_task_runner.py:76} INFO - Running: ['airflow', 'tasks', 'run', 'elt', 'cleaning', 'scheduled__2021-11-27T08:54:00+00:00', '--job-id', '998', '--raw', '--subdir', 'DAGS_FOLDER/processing.py', '--cfg-path', '/var/folders/hj/g8v71bv11_gb814qbbwch8zc0000gn/T/tmpo3fiqren', '--error-file', '/var/folders/hj/g8v71bv11_gb814qbbwch8zc0000gn/T/tmpoc48m9o5']
[2021-11-27 15:55:07,257] {standard_task_runner.py:77} INFO - Job 998: Subtask cleaning
[2021-11-27 15:55:07,286] {logging_mixin.py:109} INFO - Running <TaskInstance: elt.cleaning scheduled__2021-11-27T08:54:00+00:00 [running]> on host MacBookPro.local
[2021-11-27 15:55:07,313] {taskinstance.py:1427} INFO - Exporting the following env vars:
AIRFLOW_CTX_DAG_EMAIL=airflow@example.com
AIRFLOW_CTX_DAG_OWNER=airflow
AIRFLOW_CTX_DAG_ID=elt
AIRFLOW_CTX_TASK_ID=cleaning
AIRFLOW_CTX_EXECUTION_DATE=2021-11-27T08:54:00+00:00
AIRFLOW_CTX_DAG_RUN_ID=scheduled__2021-11-27T08:54:00+00:00
[2021-11-27 15:55:07,314] {subprocess.py:62} INFO - Tmp dir root location: 
 /var/folders/hj/g8v71bv11_gb814qbbwch8zc0000gn/T
[2021-11-27 15:55:07,315] {subprocess.py:74} INFO - Running command: ['bash', '-c', '/Users/Home/Airflow/tasks/cleaning.py /Users/Home/Airflow/unzip /Users/Home/Airflow/output']
[2021-11-27 15:55:07,321] {subprocess.py:85} INFO - Output:
[2021-11-27 15:55:07,373] {subprocess.py:93} INFO - Command exited with return code 0
[2021-11-27 15:55:07,388] {taskinstance.py:1270} INFO - Marking task as SUCCESS. dag_id=elt, task_id=cleaning, execution_date=20211127T085400, start_date=20211127T085507, end_date=20211127T085507
[2021-11-27 15:55:07,433] {local_task_job.py:154} INFO - Task exited with return code 0
[2021-11-27 15:55:07,452] {local_task_job.py:264} INFO - 1 downstream tasks scheduled from follow-on schedule check
