[2021-11-27 00:03:32,011] {taskinstance.py:1035} INFO - Dependencies all met for <TaskInstance: tutorial.sleep scheduled__2021-11-26T00:00:00+00:00 [queued]>
[2021-11-27 00:03:32,019] {taskinstance.py:1035} INFO - Dependencies all met for <TaskInstance: tutorial.sleep scheduled__2021-11-26T00:00:00+00:00 [queued]>
[2021-11-27 00:03:32,019] {taskinstance.py:1241} INFO - 
--------------------------------------------------------------------------------
[2021-11-27 00:03:32,019] {taskinstance.py:1242} INFO - Starting attempt 1 of 4
[2021-11-27 00:03:32,019] {taskinstance.py:1243} INFO - 
--------------------------------------------------------------------------------
[2021-11-27 00:03:32,026] {taskinstance.py:1262} INFO - Executing <Task(BashOperator): sleep> on 2021-11-26 00:00:00+00:00
[2021-11-27 00:03:32,029] {standard_task_runner.py:52} INFO - Started process 11574 to run task
[2021-11-27 00:03:32,035] {standard_task_runner.py:76} INFO - Running: ['airflow', 'tasks', 'run', 'tutorial', 'sleep', 'scheduled__2021-11-26T00:00:00+00:00', '--job-id', '4', '--raw', '--subdir', 'DAGS_FOLDER/tutorial.py', '--cfg-path', '/var/folders/hj/g8v71bv11_gb814qbbwch8zc0000gn/T/tmpls6n_6vm', '--error-file', '/var/folders/hj/g8v71bv11_gb814qbbwch8zc0000gn/T/tmpvsjvlq0t']
[2021-11-27 00:03:32,037] {standard_task_runner.py:77} INFO - Job 4: Subtask sleep
[2021-11-27 00:03:32,068] {logging_mixin.py:109} INFO - Running <TaskInstance: tutorial.sleep scheduled__2021-11-26T00:00:00+00:00 [running]> on host 1.0.0.0.0.0.0.0.0.0.0.0.0.0.0.0.0.0.0.0.0.0.0.0.0.0.0.0.0.0.0.0.ip6.arpa
[2021-11-27 00:03:32,098] {taskinstance.py:1427} INFO - Exporting the following env vars:
AIRFLOW_CTX_DAG_EMAIL=airflow@example.com
AIRFLOW_CTX_DAG_OWNER=airflow
AIRFLOW_CTX_DAG_ID=tutorial
AIRFLOW_CTX_TASK_ID=sleep
AIRFLOW_CTX_EXECUTION_DATE=2021-11-26T00:00:00+00:00
AIRFLOW_CTX_DAG_RUN_ID=scheduled__2021-11-26T00:00:00+00:00
[2021-11-27 00:03:32,099] {subprocess.py:62} INFO - Tmp dir root location: 
 /var/folders/hj/g8v71bv11_gb814qbbwch8zc0000gn/T
[2021-11-27 00:03:32,099] {subprocess.py:74} INFO - Running command: ['bash', '-c', 'sleep 5']
[2021-11-27 00:03:32,105] {subprocess.py:85} INFO - Output:
[2021-11-27 00:03:37,114] {subprocess.py:93} INFO - Command exited with return code 0
[2021-11-27 00:03:37,127] {taskinstance.py:1270} INFO - Marking task as SUCCESS. dag_id=tutorial, task_id=sleep, execution_date=20211126T000000, start_date=20211126T170332, end_date=20211126T170337
[2021-11-27 00:03:37,172] {local_task_job.py:154} INFO - Task exited with return code 0
[2021-11-27 00:03:37,186] {local_task_job.py:264} INFO - 0 downstream tasks scheduled from follow-on schedule check
[2021-11-27 00:04:59,710] {taskinstance.py:1035} INFO - Dependencies all met for <TaskInstance: tutorial.sleep scheduled__2021-11-26T00:00:00+00:00 [queued]>
[2021-11-27 00:04:59,716] {taskinstance.py:1035} INFO - Dependencies all met for <TaskInstance: tutorial.sleep scheduled__2021-11-26T00:00:00+00:00 [queued]>
[2021-11-27 00:04:59,717] {taskinstance.py:1241} INFO - 
--------------------------------------------------------------------------------
[2021-11-27 00:04:59,717] {taskinstance.py:1242} INFO - Starting attempt 1 of 4
[2021-11-27 00:04:59,717] {taskinstance.py:1243} INFO - 
--------------------------------------------------------------------------------
[2021-11-27 00:04:59,724] {taskinstance.py:1262} INFO - Executing <Task(BashOperator): sleep> on 2021-11-26 00:00:00+00:00
[2021-11-27 00:04:59,726] {standard_task_runner.py:52} INFO - Started process 11646 to run task
[2021-11-27 00:04:59,730] {standard_task_runner.py:76} INFO - Running: ['airflow', 'tasks', 'run', 'tutorial', 'sleep', 'scheduled__2021-11-26T00:00:00+00:00', '--job-id', '5', '--raw', '--subdir', 'DAGS_FOLDER/tutorial.py', '--cfg-path', '/var/folders/hj/g8v71bv11_gb814qbbwch8zc0000gn/T/tmpkvobo778', '--error-file', '/var/folders/hj/g8v71bv11_gb814qbbwch8zc0000gn/T/tmpzzf0v0u1']
[2021-11-27 00:04:59,732] {standard_task_runner.py:77} INFO - Job 5: Subtask sleep
[2021-11-27 00:04:59,763] {logging_mixin.py:109} INFO - Running <TaskInstance: tutorial.sleep scheduled__2021-11-26T00:00:00+00:00 [running]> on host 1.0.0.0.0.0.0.0.0.0.0.0.0.0.0.0.0.0.0.0.0.0.0.0.0.0.0.0.0.0.0.0.ip6.arpa
[2021-11-27 00:04:59,831] {taskinstance.py:1427} INFO - Exporting the following env vars:
AIRFLOW_CTX_DAG_EMAIL=airflow@example.com
AIRFLOW_CTX_DAG_OWNER=airflow
AIRFLOW_CTX_DAG_ID=tutorial
AIRFLOW_CTX_TASK_ID=sleep
AIRFLOW_CTX_EXECUTION_DATE=2021-11-26T00:00:00+00:00
AIRFLOW_CTX_DAG_RUN_ID=scheduled__2021-11-26T00:00:00+00:00
[2021-11-27 00:04:59,855] {subprocess.py:62} INFO - Tmp dir root location: 
 /var/folders/hj/g8v71bv11_gb814qbbwch8zc0000gn/T
[2021-11-27 00:04:59,876] {subprocess.py:74} INFO - Running command: ['bash', '-c', 'sleep 5']
[2021-11-27 00:04:59,882] {subprocess.py:85} INFO - Output:
[2021-11-27 00:05:04,894] {subprocess.py:93} INFO - Command exited with return code 0
[2021-11-27 00:05:04,918] {taskinstance.py:1270} INFO - Marking task as SUCCESS. dag_id=tutorial, task_id=sleep, execution_date=20211126T000000, start_date=20211126T170459, end_date=20211126T170504
[2021-11-27 00:05:04,946] {local_task_job.py:154} INFO - Task exited with return code 0
[2021-11-27 00:05:04,963] {local_task_job.py:264} INFO - 0 downstream tasks scheduled from follow-on schedule check
[2021-11-27 00:06:04,195] {taskinstance.py:1035} INFO - Dependencies all met for <TaskInstance: tutorial.sleep scheduled__2021-11-26T00:00:00+00:00 [queued]>
[2021-11-27 00:06:04,203] {taskinstance.py:1035} INFO - Dependencies all met for <TaskInstance: tutorial.sleep scheduled__2021-11-26T00:00:00+00:00 [queued]>
[2021-11-27 00:06:04,203] {taskinstance.py:1241} INFO - 
--------------------------------------------------------------------------------
[2021-11-27 00:06:04,203] {taskinstance.py:1242} INFO - Starting attempt 1 of 4
[2021-11-27 00:06:04,203] {taskinstance.py:1243} INFO - 
--------------------------------------------------------------------------------
[2021-11-27 00:06:04,209] {taskinstance.py:1262} INFO - Executing <Task(BashOperator): sleep> on 2021-11-26 00:00:00+00:00
[2021-11-27 00:06:04,211] {standard_task_runner.py:52} INFO - Started process 11709 to run task
[2021-11-27 00:06:04,216] {standard_task_runner.py:76} INFO - Running: ['airflow', 'tasks', 'run', 'tutorial', 'sleep', 'scheduled__2021-11-26T00:00:00+00:00', '--job-id', '4', '--raw', '--subdir', 'DAGS_FOLDER/tutorial.py', '--cfg-path', '/var/folders/hj/g8v71bv11_gb814qbbwch8zc0000gn/T/tmpltq_6my9', '--error-file', '/var/folders/hj/g8v71bv11_gb814qbbwch8zc0000gn/T/tmpwrw_valv']
[2021-11-27 00:06:04,218] {standard_task_runner.py:77} INFO - Job 4: Subtask sleep
[2021-11-27 00:06:04,244] {logging_mixin.py:109} INFO - Running <TaskInstance: tutorial.sleep scheduled__2021-11-26T00:00:00+00:00 [running]> on host 1.0.0.0.0.0.0.0.0.0.0.0.0.0.0.0.0.0.0.0.0.0.0.0.0.0.0.0.0.0.0.0.ip6.arpa
[2021-11-27 00:06:04,275] {taskinstance.py:1427} INFO - Exporting the following env vars:
AIRFLOW_CTX_DAG_EMAIL=airflow@example.com
AIRFLOW_CTX_DAG_OWNER=airflow
AIRFLOW_CTX_DAG_ID=tutorial
AIRFLOW_CTX_TASK_ID=sleep
AIRFLOW_CTX_EXECUTION_DATE=2021-11-26T00:00:00+00:00
AIRFLOW_CTX_DAG_RUN_ID=scheduled__2021-11-26T00:00:00+00:00
[2021-11-27 00:06:04,275] {subprocess.py:62} INFO - Tmp dir root location: 
 /var/folders/hj/g8v71bv11_gb814qbbwch8zc0000gn/T
[2021-11-27 00:06:04,276] {subprocess.py:74} INFO - Running command: ['bash', '-c', 'sleep 5']
[2021-11-27 00:06:04,282] {subprocess.py:85} INFO - Output:
[2021-11-27 00:06:09,289] {subprocess.py:93} INFO - Command exited with return code 0
[2021-11-27 00:06:09,303] {taskinstance.py:1270} INFO - Marking task as SUCCESS. dag_id=tutorial, task_id=sleep, execution_date=20211126T000000, start_date=20211126T170604, end_date=20211126T170609
[2021-11-27 00:06:09,354] {local_task_job.py:154} INFO - Task exited with return code 0
[2021-11-27 00:06:09,367] {local_task_job.py:264} INFO - 0 downstream tasks scheduled from follow-on schedule check
