[2021-11-27 00:05:18,650] {taskinstance.py:1035} INFO - Dependencies all met for <TaskInstance: tutorial.templated manual__2021-11-26T17:04:27.206259+00:00 [queued]>
[2021-11-27 00:05:18,656] {taskinstance.py:1035} INFO - Dependencies all met for <TaskInstance: tutorial.templated manual__2021-11-26T17:04:27.206259+00:00 [queued]>
[2021-11-27 00:05:18,656] {taskinstance.py:1241} INFO - 
--------------------------------------------------------------------------------
[2021-11-27 00:05:18,656] {taskinstance.py:1242} INFO - Starting attempt 1 of 2
[2021-11-27 00:05:18,656] {taskinstance.py:1243} INFO - 
--------------------------------------------------------------------------------
[2021-11-27 00:05:18,663] {taskinstance.py:1262} INFO - Executing <Task(BashOperator): templated> on 2021-11-26 17:04:27.206259+00:00
[2021-11-27 00:05:18,665] {standard_task_runner.py:52} INFO - Started process 11666 to run task
[2021-11-27 00:05:18,670] {standard_task_runner.py:76} INFO - Running: ['airflow', 'tasks', 'run', 'tutorial', 'templated', 'manual__2021-11-26T17:04:27.206259+00:00', '--job-id', '11', '--raw', '--subdir', 'DAGS_FOLDER/tutorial.py', '--cfg-path', '/var/folders/hj/g8v71bv11_gb814qbbwch8zc0000gn/T/tmpdyrvvzrz', '--error-file', '/var/folders/hj/g8v71bv11_gb814qbbwch8zc0000gn/T/tmpx_mwqpa9']
[2021-11-27 00:05:18,672] {standard_task_runner.py:77} INFO - Job 11: Subtask templated
[2021-11-27 00:05:18,700] {logging_mixin.py:109} INFO - Running <TaskInstance: tutorial.templated manual__2021-11-26T17:04:27.206259+00:00 [running]> on host 1.0.0.0.0.0.0.0.0.0.0.0.0.0.0.0.0.0.0.0.0.0.0.0.0.0.0.0.0.0.0.0.ip6.arpa
[2021-11-27 00:05:18,734] {taskinstance.py:1427} INFO - Exporting the following env vars:
AIRFLOW_CTX_DAG_EMAIL=airflow@example.com
AIRFLOW_CTX_DAG_OWNER=airflow
AIRFLOW_CTX_DAG_ID=tutorial
AIRFLOW_CTX_TASK_ID=templated
AIRFLOW_CTX_EXECUTION_DATE=2021-11-26T17:04:27.206259+00:00
AIRFLOW_CTX_DAG_RUN_ID=manual__2021-11-26T17:04:27.206259+00:00
[2021-11-27 00:05:18,735] {subprocess.py:62} INFO - Tmp dir root location: 
 /var/folders/hj/g8v71bv11_gb814qbbwch8zc0000gn/T
[2021-11-27 00:05:18,736] {subprocess.py:74} INFO - Running command: ['bash', '-c', '\n\n    echo "2021-11-26"\n    echo "2021-12-03"\n    echo "Parameter I passed in"\n\n    echo "2021-11-26"\n    echo "2021-12-03"\n    echo "Parameter I passed in"\n\n    echo "2021-11-26"\n    echo "2021-12-03"\n    echo "Parameter I passed in"\n\n    echo "2021-11-26"\n    echo "2021-12-03"\n    echo "Parameter I passed in"\n\n    echo "2021-11-26"\n    echo "2021-12-03"\n    echo "Parameter I passed in"\n']
[2021-11-27 00:05:18,741] {subprocess.py:85} INFO - Output:
[2021-11-27 00:05:18,744] {subprocess.py:89} INFO - 2021-11-26
[2021-11-27 00:05:18,744] {subprocess.py:89} INFO - 2021-12-03
[2021-11-27 00:05:18,744] {subprocess.py:89} INFO - Parameter I passed in
[2021-11-27 00:05:18,745] {subprocess.py:89} INFO - 2021-11-26
[2021-11-27 00:05:18,745] {subprocess.py:89} INFO - 2021-12-03
[2021-11-27 00:05:18,745] {subprocess.py:89} INFO - Parameter I passed in
[2021-11-27 00:05:18,745] {subprocess.py:89} INFO - 2021-11-26
[2021-11-27 00:05:18,745] {subprocess.py:89} INFO - 2021-12-03
[2021-11-27 00:05:18,746] {subprocess.py:89} INFO - Parameter I passed in
[2021-11-27 00:05:18,746] {subprocess.py:89} INFO - 2021-11-26
[2021-11-27 00:05:18,746] {subprocess.py:89} INFO - 2021-12-03
[2021-11-27 00:05:18,746] {subprocess.py:89} INFO - Parameter I passed in
[2021-11-27 00:05:18,746] {subprocess.py:89} INFO - 2021-11-26
[2021-11-27 00:05:18,747] {subprocess.py:89} INFO - 2021-12-03
[2021-11-27 00:05:18,747] {subprocess.py:89} INFO - Parameter I passed in
[2021-11-27 00:05:18,747] {subprocess.py:93} INFO - Command exited with return code 0
[2021-11-27 00:05:18,760] {taskinstance.py:1270} INFO - Marking task as SUCCESS. dag_id=tutorial, task_id=templated, execution_date=20211126T170427, start_date=20211126T170518, end_date=20211126T170518
[2021-11-27 00:05:18,808] {local_task_job.py:154} INFO - Task exited with return code 0
[2021-11-27 00:05:18,823] {local_task_job.py:264} INFO - 0 downstream tasks scheduled from follow-on schedule check
