[2021-11-27 06:15:03,278] {taskinstance.py:1035} INFO - Dependencies all met for <TaskInstance: elt.unzip scheduled__2021-11-26T23:14:00+00:00 [queued]>
[2021-11-27 06:15:03,283] {taskinstance.py:1035} INFO - Dependencies all met for <TaskInstance: elt.unzip scheduled__2021-11-26T23:14:00+00:00 [queued]>
[2021-11-27 06:15:03,283] {taskinstance.py:1241} INFO - 
--------------------------------------------------------------------------------
[2021-11-27 06:15:03,283] {taskinstance.py:1242} INFO - Starting attempt 1 of 2
[2021-11-27 06:15:03,283] {taskinstance.py:1243} INFO - 
--------------------------------------------------------------------------------
[2021-11-27 06:15:03,289] {taskinstance.py:1262} INFO - Executing <Task(BashOperator): unzip> on 2021-11-26 23:14:00+00:00
[2021-11-27 06:15:03,292] {standard_task_runner.py:52} INFO - Started process 2059 to run task
[2021-11-27 06:15:03,297] {standard_task_runner.py:76} INFO - Running: ['airflow', 'tasks', 'run', 'elt', 'unzip', 'scheduled__2021-11-26T23:14:00+00:00', '--job-id', '28', '--raw', '--subdir', 'DAGS_FOLDER/processing.py', '--cfg-path', '/var/folders/hj/g8v71bv11_gb814qbbwch8zc0000gn/T/tmpyq6eth2_', '--error-file', '/var/folders/hj/g8v71bv11_gb814qbbwch8zc0000gn/T/tmpvs9vkuqi']
[2021-11-27 06:15:03,299] {standard_task_runner.py:77} INFO - Job 28: Subtask unzip
[2021-11-27 06:15:03,325] {logging_mixin.py:109} INFO - Running <TaskInstance: elt.unzip scheduled__2021-11-26T23:14:00+00:00 [running]> on host 1.0.0.0.0.0.0.0.0.0.0.0.0.0.0.0.0.0.0.0.0.0.0.0.0.0.0.0.0.0.0.0.ip6.arpa
[2021-11-27 06:15:03,353] {taskinstance.py:1427} INFO - Exporting the following env vars:
AIRFLOW_CTX_DAG_EMAIL=airflow@example.com
AIRFLOW_CTX_DAG_OWNER=airflow
AIRFLOW_CTX_DAG_ID=elt
AIRFLOW_CTX_TASK_ID=unzip
AIRFLOW_CTX_EXECUTION_DATE=2021-11-26T23:14:00+00:00
AIRFLOW_CTX_DAG_RUN_ID=scheduled__2021-11-26T23:14:00+00:00
[2021-11-27 06:15:03,353] {subprocess.py:62} INFO - Tmp dir root location: 
 /var/folders/hj/g8v71bv11_gb814qbbwch8zc0000gn/T
[2021-11-27 06:15:03,354] {subprocess.py:74} INFO - Running command: ['bash', '-c', '/Users/Home/Airflow/tasks/unzip.py /Users/Home/Airflow/down /Users/Home/Airflow/unzip']
[2021-11-27 06:15:03,359] {subprocess.py:85} INFO - Output:
[2021-11-27 06:15:03,437] {subprocess.py:89} INFO - /Users/Home/Airflow/down/agriculture-forestry-and-fishing-value-added-of-gdp.zip
[2021-11-27 06:15:03,437] {subprocess.py:89} INFO - /Users/Home/Airflow/down/agricultural-machinery-tractors-per-100-sq-km-of-arable-land.zip
[2021-11-27 06:15:03,438] {subprocess.py:89} INFO - /Users/Home/Airflow/down/cereal-yield-kg-per-hectare.zip
[2021-11-27 06:15:03,438] {subprocess.py:89} INFO - /Users/Home/Airflow/down/arable-land-hectares-per-person.zip
[2021-11-27 06:15:03,438] {subprocess.py:89} INFO - /Users/Home/Airflow/down/agricultural-land-of-land-area.zip
[2021-11-27 06:15:03,438] {subprocess.py:89} INFO - /Users/Home/Airflow/down/agricultural-irrigated-land-of-total-agricultural-land.zip
[2021-11-27 06:15:03,438] {subprocess.py:89} INFO - /Users/Home/Airflow/down/arable-land-of-land-area.zip
[2021-11-27 06:15:03,442] {subprocess.py:93} INFO - Command exited with return code 0
[2021-11-27 06:15:03,455] {taskinstance.py:1270} INFO - Marking task as SUCCESS. dag_id=elt, task_id=unzip, execution_date=20211126T231400, start_date=20211126T231503, end_date=20211126T231503
[2021-11-27 06:15:03,477] {local_task_job.py:154} INFO - Task exited with return code 0
[2021-11-27 06:15:03,503] {local_task_job.py:264} INFO - 1 downstream tasks scheduled from follow-on schedule check
