[2021-11-27 00:06:01,139] {taskinstance.py:1035} INFO - Dependencies all met for <TaskInstance: tutorial.print_date manual__2021-11-26T17:05:56.370166+00:00 [queued]>
[2021-11-27 00:06:01,146] {taskinstance.py:1035} INFO - Dependencies all met for <TaskInstance: tutorial.print_date manual__2021-11-26T17:05:56.370166+00:00 [queued]>
[2021-11-27 00:06:01,146] {taskinstance.py:1241} INFO - 
--------------------------------------------------------------------------------
[2021-11-27 00:06:01,146] {taskinstance.py:1242} INFO - Starting attempt 1 of 2
[2021-11-27 00:06:01,146] {taskinstance.py:1243} INFO - 
--------------------------------------------------------------------------------
[2021-11-27 00:06:01,153] {taskinstance.py:1262} INFO - Executing <Task(BashOperator): print_date> on 2021-11-26 17:05:56.370166+00:00
[2021-11-27 00:06:01,155] {standard_task_runner.py:52} INFO - Started process 11705 to run task
[2021-11-27 00:06:01,159] {standard_task_runner.py:76} INFO - Running: ['airflow', 'tasks', 'run', 'tutorial', 'print_date', 'manual__2021-11-26T17:05:56.370166+00:00', '--job-id', '3', '--raw', '--subdir', 'DAGS_FOLDER/tutorial.py', '--cfg-path', '/var/folders/hj/g8v71bv11_gb814qbbwch8zc0000gn/T/tmpo9yim6w9', '--error-file', '/var/folders/hj/g8v71bv11_gb814qbbwch8zc0000gn/T/tmp8p_nk3j8']
[2021-11-27 00:06:01,161] {standard_task_runner.py:77} INFO - Job 3: Subtask print_date
[2021-11-27 00:06:01,189] {logging_mixin.py:109} INFO - Running <TaskInstance: tutorial.print_date manual__2021-11-26T17:05:56.370166+00:00 [running]> on host 1.0.0.0.0.0.0.0.0.0.0.0.0.0.0.0.0.0.0.0.0.0.0.0.0.0.0.0.0.0.0.0.ip6.arpa
[2021-11-27 00:06:01,216] {taskinstance.py:1427} INFO - Exporting the following env vars:
AIRFLOW_CTX_DAG_EMAIL=airflow@example.com
AIRFLOW_CTX_DAG_OWNER=airflow
AIRFLOW_CTX_DAG_ID=tutorial
AIRFLOW_CTX_TASK_ID=print_date
AIRFLOW_CTX_EXECUTION_DATE=2021-11-26T17:05:56.370166+00:00
AIRFLOW_CTX_DAG_RUN_ID=manual__2021-11-26T17:05:56.370166+00:00
[2021-11-27 00:06:01,218] {subprocess.py:62} INFO - Tmp dir root location: 
 /var/folders/hj/g8v71bv11_gb814qbbwch8zc0000gn/T
[2021-11-27 00:06:01,218] {subprocess.py:74} INFO - Running command: ['bash', '-c', 'date']
[2021-11-27 00:06:01,226] {subprocess.py:85} INFO - Output:
[2021-11-27 00:06:01,230] {subprocess.py:89} INFO - Sat Nov 27 00:06:01 +07 2021
[2021-11-27 00:06:01,230] {subprocess.py:93} INFO - Command exited with return code 0
[2021-11-27 00:06:01,245] {taskinstance.py:1270} INFO - Marking task as SUCCESS. dag_id=tutorial, task_id=print_date, execution_date=20211126T170556, start_date=20211126T170601, end_date=20211126T170601
[2021-11-27 00:06:01,299] {local_task_job.py:154} INFO - Task exited with return code 0
[2021-11-27 00:06:01,324] {local_task_job.py:264} INFO - 2 downstream tasks scheduled from follow-on schedule check
